WARNING: You're using the Ruby-based MySQL library that ships with Rails. This library is not suited for production. Please install the C-based MySQL library instead (gem install mysql).
  [4;36;1mSQL (0.000211)[0m   [0;1mSET NAMES 'utf8'[0m
  [4;35;1mSQL (0.000185)[0m   [0mSET SQL_AUTO_IS_NULL=0[0m
  [4;36;1mSQL (0.000522)[0m   [0;1mDROP DATABASE IF EXISTS `contacts_development`[0m
  [4;35;1mSQL (0.000187)[0m   [0mSET NAMES 'utf8'[0m
  [4;36;1mSQL (0.000184)[0m   [0;1mSET SQL_AUTO_IS_NULL=0[0m
  [4;35;1mSQL (0.000457)[0m   [0mCREATE DATABASE `contacts_development` DEFAULT CHARACTER SET `utf8` COLLATE `utf8_general_ci`[0m
  [4;36;1mSQL (0.000186)[0m   [0;1mSET NAMES 'utf8'[0m
  [4;35;1mSQL (0.000157)[0m   [0mSET SQL_AUTO_IS_NULL=0[0m
  [4;36;1mSQL (0.000513)[0m   [0;1mSHOW TABLES[0m
  [4;35;1mSQL (0.001962)[0m   [0mCREATE TABLE `schema_migrations` (`version` varchar(255) NOT NULL) ENGINE=InnoDB[0m
  [4;36;1mSQL (0.054688)[0m   [0;1mCREATE UNIQUE INDEX `unique_schema_migrations` ON `schema_migrations` (`version`)[0m
  [4;35;1mSQL (0.001111)[0m   [0mSHOW TABLES[0m
  [4;36;1mSQL (0.000661)[0m   [0;1mSELECT version FROM schema_migrations[0m
  [4;35;1mSQL (0.000415)[0m   [0mSELECT version FROM schema_migrations[0m
  [4;36;1mSQL (0.000384)[0m   [0;1mSELECT version FROM schema_migrations[0m
  [4;35;1mSQL (0.000383)[0m   [0mSELECT version FROM schema_migrations[0m
  [4;36;1mSQL (0.000401)[0m   [0;1mSELECT version FROM schema_migrations[0m
  [4;35;1mSQL (0.000386)[0m   [0mSELECT version FROM schema_migrations[0m
  [4;36;1mSQL (0.000384)[0m   [0;1mSELECT version FROM schema_migrations[0m
Migrating to CreateMessages (20080608211756)
  [4;35;1mSQL (0.000383)[0m   [0mSELECT version FROM schema_migrations[0m
  [4;36;1mSQL (0.007135)[0m   [0;1mCREATE TABLE `messages` (`id` int(11) DEFAULT NULL auto_increment PRIMARY KEY, `content` text DEFAULT NULL NULL, `user_id` int(11) DEFAULT NULL NULL, `contact_id` int(11) DEFAULT NULL NULL, `channel_id` int(11) DEFAULT NULL NULL, `created_at` datetime DEFAULT NULL NULL, `updated_at` datetime DEFAULT NULL NULL) ENGINE=InnoDB[0m
  [4;35;1mSQL (0.001007)[0m   [0mINSERT INTO schema_migrations (version) VALUES ('20080608211756')[0m
Migrating to CreateCompanies (20080608211757)
  [4;36;1mSQL (0.001090)[0m   [0;1mSELECT version FROM schema_migrations[0m
  [4;35;1mSQL (0.003112)[0m   [0mCREATE TABLE `companies` (`id` int(11) DEFAULT NULL auto_increment PRIMARY KEY, `name` varchar(255) DEFAULT NULL NULL, `notes` text DEFAULT NULL NULL, `created_at` datetime DEFAULT NULL NULL, `updated_at` datetime DEFAULT NULL NULL) ENGINE=InnoDB[0m
  [4;36;1mSQL (0.001237)[0m   [0;1mINSERT INTO schema_migrations (version) VALUES ('20080608211757')[0m
Migrating to CreateUsers (20080608211758)
  [4;35;1mSQL (0.001028)[0m   [0mSELECT version FROM schema_migrations[0m
  [4;36;1mSQL (0.002639)[0m   [0;1mCREATE TABLE `users` (`id` int(11) DEFAULT NULL auto_increment PRIMARY KEY, `login` varchar(255) DEFAULT NULL NULL, `password` varchar(255) DEFAULT NULL NULL, `created_at` datetime DEFAULT NULL NULL, `updated_at` datetime DEFAULT NULL NULL) ENGINE=InnoDB[0m
  [4;35;1mSQL (0.001262)[0m   [0mINSERT INTO schema_migrations (version) VALUES ('20080608211758')[0m
Migrating to CreateContacts (20080608211759)
  [4;36;1mSQL (0.001172)[0m   [0;1mSELECT version FROM schema_migrations[0m
  [4;35;1mSQL (0.004532)[0m   [0mCREATE TABLE `contacts` (`id` int(11) DEFAULT NULL auto_increment PRIMARY KEY, `first_name` varchar(255) DEFAULT NULL NULL, `last_name` varchar(255) DEFAULT NULL NULL, `email` varchar(255) DEFAULT NULL NULL, `home_phone` varchar(255) DEFAULT NULL NULL, `mobile_phone` varchar(255) DEFAULT NULL NULL, `work_phone` varchar(255) DEFAULT NULL NULL, `skype` varchar(255) DEFAULT NULL NULL, `facebook` varchar(255) DEFAULT NULL NULL, `twitter` varchar(255) DEFAULT NULL NULL, `blog` varchar(255) DEFAULT NULL NULL, `notes` text DEFAULT NULL NULL, `user_id` int(11) DEFAULT NULL NULL, `company_id` int(11) DEFAULT NULL NULL, `created_at` datetime DEFAULT NULL NULL, `updated_at` datetime DEFAULT NULL NULL) ENGINE=InnoDB[0m
  [4;36;1mSQL (0.000963)[0m   [0;1mINSERT INTO schema_migrations (version) VALUES ('20080608211759')[0m
Migrating to CreateTasks (20080608211801)
  [4;35;1mSQL (0.001188)[0m   [0mSELECT version FROM schema_migrations[0m
  [4;36;1mSQL (0.003137)[0m   [0;1mCREATE TABLE `tasks` (`id` int(11) DEFAULT NULL auto_increment PRIMARY KEY, `name` varchar(255) DEFAULT NULL NULL, `notes` text DEFAULT NULL NULL, `due` date DEFAULT NULL NULL, `completed` tinyint(1) DEFAULT NULL NULL, `user_id` int(11) DEFAULT NULL NULL, `contact_id` int(11) DEFAULT NULL NULL, `created_at` datetime DEFAULT NULL NULL, `updated_at` datetime DEFAULT NULL NULL) ENGINE=InnoDB[0m
  [4;35;1mSQL (0.000964)[0m   [0mINSERT INTO schema_migrations (version) VALUES ('20080608211801')[0m
Migrating to CreateChannels (20080608211802)
  [4;36;1mSQL (0.001463)[0m   [0;1mSELECT version FROM schema_migrations[0m
  [4;35;1mSQL (0.002595)[0m   [0mCREATE TABLE `channels` (`id` int(11) DEFAULT NULL auto_increment PRIMARY KEY, `name` varchar(255) DEFAULT NULL NULL, `character_limit` int(11) DEFAULT NULL NULL, `created_at` datetime DEFAULT NULL NULL, `updated_at` datetime DEFAULT NULL NULL) ENGINE=InnoDB[0m
  [4;36;1mSQL (0.001091)[0m   [0;1mINSERT INTO schema_migrations (version) VALUES ('20080608211802')[0m
Migrating to CreateAddresses (20080608211803)
  [4;35;1mSQL (0.001820)[0m   [0mSELECT version FROM schema_migrations[0m
  [4;36;1mSQL (0.008609)[0m   [0;1mCREATE TABLE `addresses` (`id` int(11) DEFAULT NULL auto_increment PRIMARY KEY, `line_one` varchar(255) DEFAULT NULL NULL, `line_two` varchar(255) DEFAULT NULL NULL, `city` varchar(255) DEFAULT NULL NULL, `state` varchar(255) DEFAULT NULL NULL, `zip` varchar(255) DEFAULT NULL NULL, `country` varchar(255) DEFAULT NULL NULL, `contact_id` int(11) DEFAULT NULL NULL, `company_id` int(11) DEFAULT NULL NULL, `created_at` datetime DEFAULT NULL NULL, `updated_at` datetime DEFAULT NULL NULL) ENGINE=InnoDB[0m
  [4;35;1mSQL (0.001384)[0m   [0mINSERT INTO schema_migrations (version) VALUES ('20080608211803')[0m
  [4;36;1mSQL (0.000875)[0m   [0;1mSELECT version FROM schema_migrations[0m
  [4;35;1mSQL (0.000896)[0m   [0mSHOW TABLES[0m
  [4;36;1mSQL (0.003573)[0m   [0;1mSHOW FIELDS FROM `addresses`[0m
  [4;35;1mSQL (0.003158)[0m   [0mdescribe `addresses`[0m
  [4;36;1mSQL (0.003461)[0m   [0;1mSHOW KEYS FROM `addresses`[0m
  [4;35;1mSQL (0.002386)[0m   [0mSHOW FIELDS FROM `channels`[0m
  [4;36;1mSQL (0.003101)[0m   [0;1mdescribe `channels`[0m
  [4;35;1mSQL (0.006827)[0m   [0mSHOW KEYS FROM `channels`[0m
  [4;36;1mSQL (0.002320)[0m   [0;1mSHOW FIELDS FROM `companies`[0m
  [4;35;1mSQL (0.002997)[0m   [0mdescribe `companies`[0m
  [4;36;1mSQL (0.002004)[0m   [0;1mSHOW KEYS FROM `companies`[0m
  [4;35;1mSQL (0.005420)[0m   [0mSHOW FIELDS FROM `contacts`[0m
  [4;36;1mSQL (0.004762)[0m   [0;1mdescribe `contacts`[0m
  [4;35;1mSQL (0.005568)[0m   [0mSHOW KEYS FROM `contacts`[0m
  [4;36;1mSQL (0.002629)[0m   [0;1mSHOW FIELDS FROM `messages`[0m
  [4;35;1mSQL (0.003432)[0m   [0mdescribe `messages`[0m
  [4;36;1mSQL (0.001870)[0m   [0;1mSHOW KEYS FROM `messages`[0m
  [4;35;1mSQL (0.002802)[0m   [0mSHOW FIELDS FROM `tasks`[0m
  [4;36;1mSQL (0.004018)[0m   [0;1mdescribe `tasks`[0m
  [4;35;1mSQL (0.003017)[0m   [0mSHOW KEYS FROM `tasks`[0m
  [4;36;1mSQL (0.002243)[0m   [0;1mSHOW FIELDS FROM `users`[0m
  [4;35;1mSQL (0.003041)[0m   [0mdescribe `users`[0m
  [4;36;1mSQL (0.005344)[0m   [0;1mSHOW KEYS FROM `users`[0m
  [4;35;1mSQL (0.000210)[0m   [0mSET NAMES 'utf8'[0m
  [4;36;1mSQL (0.000183)[0m   [0;1mSET SQL_AUTO_IS_NULL=0[0m


Processing CompaniesController#index (for 127.0.0.1 at 2008-06-08 14:20:02) [GET]
  Session ID: 3bf049b5342a27825f89e0164fa21fc9
  Parameters: {"format"=>"fxml", "action"=>"index", "controller"=>"companies"}
WARNING: You're using the Ruby-based MySQL library that ships with Rails. This library is not suited for production. Please install the C-based MySQL library instead (gem install mysql).
  [4;36;1mSQL (0.000220)[0m   [0;1mSET NAMES 'utf8'[0m
  [4;35;1mSQL (0.000186)[0m   [0mSET SQL_AUTO_IS_NULL=0[0m
  [4;36;1mCompany Load (0.001462)[0m   [0;1mSELECT * FROM `companies` [0m
  [4;35;1mCompany Columns (0.002461)[0m   [0mSHOW FIELDS FROM `companies`[0m
Completed in 0.27890 (3 reqs/sec) | Rendering: 0.25268 (90%) | DB: 0.00433 (1%) | 200 OK [http://localhost/companies.fxml]


Processing UsersController#index (for 127.0.0.1 at 2008-06-08 14:20:02) [GET]
  Session ID: 96c4f528db86ed76c2712102ae9c7ad8
  Parameters: {"format"=>"fxml", "action"=>"index", "controller"=>"users"}
  [4;36;1mUser Load (0.001442)[0m   [0;1mSELECT * FROM `users` [0m
  [4;35;1mUser Columns (0.002384)[0m   [0mSHOW FIELDS FROM `users`[0m
Completed in 0.05261 (19 reqs/sec) | Rendering: 0.01780 (33%) | DB: 0.00383 (7%) | 200 OK [http://localhost/users.fxml]


Processing ContactsController#index (for 127.0.0.1 at 2008-06-08 14:20:03) [GET]
  Session ID: 21055b44a5c85ae81cae5a49952c62c2
  Parameters: {"format"=>"fxml", "action"=>"index", "controller"=>"contacts"}
  [4;36;1mContact Load (0.003116)[0m   [0;1mSELECT * FROM `contacts` [0m
  [4;35;1mContact Columns (0.006794)[0m   [0mSHOW FIELDS FROM `contacts`[0m
Completed in 0.08334 (11 reqs/sec) | Rendering: 0.04967 (59%) | DB: 0.00991 (11%) | 200 OK [http://localhost/contacts.fxml]


Processing AddressesController#index (for 127.0.0.1 at 2008-06-08 14:20:03) [GET]
  Session ID: 59133ae2bfa2d96f39574484a1ebf13d
  Parameters: {"format"=>"fxml", "action"=>"index", "controller"=>"addresses"}
  [4;36;1mAddress Load (0.002321)[0m   [0;1mSELECT * FROM `addresses` [0m
  [4;35;1mAddress Columns (0.003231)[0m   [0mSHOW FIELDS FROM `addresses`[0m
Completed in 0.05639 (17 reqs/sec) | Rendering: 0.03058 (54%) | DB: 0.00555 (9%) | 200 OK [http://localhost/addresses.fxml]


Processing ChannelsController#index (for 127.0.0.1 at 2008-06-08 14:20:03) [GET]
  Session ID: 2f8c58177d8ca60fc363a8c5252d1b7a
  Parameters: {"format"=>"fxml", "action"=>"index", "controller"=>"channels"}
  [4;36;1mChannel Load (0.001458)[0m   [0;1mSELECT * FROM `channels` [0m
  [4;35;1mChannel Columns (0.002524)[0m   [0mSHOW FIELDS FROM `channels`[0m
Completed in 0.04132 (24 reqs/sec) | Rendering: 0.01647 (39%) | DB: 0.00398 (9%) | 200 OK [http://localhost/channels.fxml]


Processing MessagesController#index (for 127.0.0.1 at 2008-06-08 14:20:03) [GET]
  Session ID: 8964a61da8cd6ac72671b48cf48526c4
  Parameters: {"format"=>"fxml", "action"=>"index", "controller"=>"messages"}
  [4;36;1mMessage Load (0.001779)[0m   [0;1mSELECT * FROM `messages` [0m
  [4;35;1mMessage Columns (0.002873)[0m   [0mSHOW FIELDS FROM `messages`[0m
Completed in 0.05141 (19 reqs/sec) | Rendering: 0.02234 (43%) | DB: 0.00465 (9%) | 200 OK [http://localhost/messages.fxml]


Processing TasksController#index (for 127.0.0.1 at 2008-06-08 14:20:03) [GET]
  Session ID: e6bd645a4acc7c802b3a47794d1c01c5
  Parameters: {"format"=>"fxml", "action"=>"index", "controller"=>"tasks"}
  [4;36;1mTask Load (0.002063)[0m   [0;1mSELECT * FROM `tasks` [0m
  [4;35;1mTask Columns (0.003109)[0m   [0mSHOW FIELDS FROM `tasks`[0m
Completed in 0.05837 (17 reqs/sec) | Rendering: 0.03272 (56%) | DB: 0.00517 (8%) | 200 OK [http://localhost/tasks.fxml]


Processing ContactsController#create (for 127.0.0.1 at 2008-06-08 14:20:50) [POST]
  Session ID: BAh7BiIKZmxhc2hJQzonQWN0aW9uQ29udHJvbGxlcjo6Rmxhc2g6OkZsYXNo
SGFzaHsABjoKQHVzZWR7AA==--3d98aeaa22a179cb7a0b68b93d338458dd226dad
  Parameters: {"format"=>"fxml", "contact"=>{"skype"=>nil, "work_phone"=>nil, "twitter"=>nil, "blog"=>nil, "notes"=>nil, "home_phone"=>nil, "first_name"=>"foo", "last_name"=>nil, "mobile_phone"=>nil, "facebook"=>nil, "email"=>nil}, "action"=>"create", "controller"=>"contacts"}
  [4;36;1mContact Columns (0.003943)[0m   [0;1mSHOW FIELDS FROM `contacts`[0m
  [4;35;1mSQL (0.000233)[0m   [0mBEGIN[0m
  [4;36;1mContact Create (0.000386)[0m   [0;1mINSERT INTO `contacts` (`work_phone`, `skype`, `twitter`, `updated_at`, `blog`, `notes`, `home_phone`, `company_id`, `first_name`, `user_id`, `last_name`, `email`, `mobile_phone`, `facebook`, `created_at`) VALUES(NULL, NULL, NULL, '2008-06-08 21:20:50', NULL, NULL, NULL, NULL, 'foo', NULL, NULL, NULL, NULL, NULL, '2008-06-08 21:20:50')[0m
  [4;35;1mSQL (0.000891)[0m   [0mCOMMIT[0m
Completed in 0.05172 (19 reqs/sec) | Rendering: 0.01103 (21%) | DB: 0.00545 (10%) | 200 OK [http://localhost/contacts.fxml]


Processing ContactsController#create (for 127.0.0.1 at 2008-06-08 14:20:59) [POST]
  Session ID: BAh7BiIKZmxhc2hJQzonQWN0aW9uQ29udHJvbGxlcjo6Rmxhc2g6OkZsYXNo
SGFzaHsGOgtub3RpY2UiJkNvbnRhY3Qgd2FzIHN1Y2Nlc3NmdWxseSBjcmVh
dGVkLgY6CkB1c2VkewY7BkY=--26bdb1651ecc44c675327842bddd338029409c44
  Parameters: {"format"=>"fxml", "contact"=>{"skype"=>nil, "work_phone"=>nil, "twitter"=>nil, "blog"=>nil, "notes"=>nil, "home_phone"=>nil, "first_name"=>"Peter", "last_name"=>"Armstrong", "mobile_phone"=>nil, "facebook"=>nil, "email"=>nil}, "action"=>"create", "controller"=>"contacts"}
  [4;36;1mContact Columns (0.003889)[0m   [0;1mSHOW FIELDS FROM `contacts`[0m
  [4;35;1mSQL (0.000232)[0m   [0mBEGIN[0m
  [4;36;1mContact Create (0.000398)[0m   [0;1mINSERT INTO `contacts` (`work_phone`, `skype`, `twitter`, `updated_at`, `blog`, `notes`, `home_phone`, `company_id`, `first_name`, `user_id`, `last_name`, `email`, `mobile_phone`, `facebook`, `created_at`) VALUES(NULL, NULL, NULL, '2008-06-08 21:20:59', NULL, NULL, NULL, NULL, 'Peter', NULL, 'Armstrong', NULL, NULL, NULL, '2008-06-08 21:20:59')[0m
  [4;35;1mSQL (0.000613)[0m   [0mCOMMIT[0m
Completed in 0.04503 (22 reqs/sec) | Rendering: 0.00703 (15%) | DB: 0.00513 (11%) | 200 OK [http://localhost/contacts.fxml]


Processing ContactsController#destroy (for 127.0.0.1 at 2008-06-08 14:21:03) [DELETE]
  Session ID: BAh7BiIKZmxhc2hJQzonQWN0aW9uQ29udHJvbGxlcjo6Rmxhc2g6OkZsYXNo
SGFzaHsGOgtub3RpY2UiJkNvbnRhY3Qgd2FzIHN1Y2Nlc3NmdWxseSBjcmVh
dGVkLgY6CkB1c2VkewY7BkY=--26bdb1651ecc44c675327842bddd338029409c44
  Parameters: {"format"=>"fxml", "_method"=>"DELETE", "action"=>"destroy", "id"=>"708314885", "controller"=>"contacts"}
  [4;36;1mContact Columns (0.006927)[0m   [0;1mSHOW FIELDS FROM `contacts`[0m
  [4;35;1mContact Load (0.004479)[0m   [0mSELECT * FROM `contacts` WHERE (`contacts`.`id` = 708314885) [0m
  [4;36;1mSQL (0.000269)[0m   [0;1mBEGIN[0m
  [4;35;1mContact Destroy (0.000274)[0m   [0m DELETE FROM `contacts`
 WHERE `id` = 708314885
[0m
  [4;36;1mSQL (0.000783)[0m   [0;1mCOMMIT[0m
Completed in 0.05087 (19 reqs/sec) | Rendering: 0.01232 (24%) | DB: 0.01273 (25%) | 200 OK [http://localhost/contacts/708314885.fxml]
