WARNING: You're using the Ruby-based MySQL library that ships with Rails. This library is not suited for production. Please install the C-based MySQL library instead (gem install mysql).
  [4;36;1mSQL (0.000212)[0m   [0;1mSET NAMES 'utf8'[0m
  [4;35;1mSQL (0.000213)[0m   [0mSET SQL_AUTO_IS_NULL=0[0m
  [4;36;1mSQL (0.059303)[0m   [0;1mDROP DATABASE IF EXISTS `contacts_development`[0m
  [4;35;1mSQL (0.000208)[0m   [0mSET NAMES 'utf8'[0m
  [4;36;1mSQL (0.000178)[0m   [0;1mSET SQL_AUTO_IS_NULL=0[0m
  [4;35;1mSQL (0.000405)[0m   [0mCREATE DATABASE `contacts_development` DEFAULT CHARACTER SET `utf8` COLLATE `utf8_general_ci`[0m
  [4;36;1mSQL (0.000204)[0m   [0;1mSET NAMES 'utf8'[0m
  [4;35;1mSQL (0.000181)[0m   [0mSET SQL_AUTO_IS_NULL=0[0m
  [4;36;1mSQL (0.000547)[0m   [0;1mSHOW TABLES[0m
  [4;35;1mSQL (0.001686)[0m   [0mCREATE TABLE `schema_migrations` (`version` varchar(255) NOT NULL) ENGINE=InnoDB[0m
  [4;36;1mSQL (0.004238)[0m   [0;1mCREATE UNIQUE INDEX `unique_schema_migrations` ON `schema_migrations` (`version`)[0m
  [4;35;1mSQL (0.001364)[0m   [0mSHOW TABLES[0m
  [4;36;1mSQL (0.000651)[0m   [0;1mSELECT version FROM schema_migrations[0m
  [4;35;1mSQL (0.000396)[0m   [0mSELECT version FROM schema_migrations[0m
  [4;36;1mSQL (0.000390)[0m   [0;1mSELECT version FROM schema_migrations[0m
  [4;35;1mSQL (0.000389)[0m   [0mSELECT version FROM schema_migrations[0m
  [4;36;1mSQL (0.000383)[0m   [0;1mSELECT version FROM schema_migrations[0m
  [4;35;1mSQL (0.000359)[0m   [0mSELECT version FROM schema_migrations[0m
  [4;36;1mSQL (0.000382)[0m   [0;1mSELECT version FROM schema_migrations[0m
Migrating to CreateMessages (20080609015732)
  [4;35;1mSQL (0.000383)[0m   [0mSELECT version FROM schema_migrations[0m
  [4;36;1mSQL (0.002777)[0m   [0;1mCREATE TABLE `messages` (`id` int(11) DEFAULT NULL auto_increment PRIMARY KEY, `content` text DEFAULT NULL NULL, `user_id` int(11) DEFAULT NULL NULL, `contact_id` int(11) DEFAULT NULL NULL, `channel_id` int(11) DEFAULT NULL NULL, `created_at` datetime DEFAULT NULL NULL, `updated_at` datetime DEFAULT NULL NULL) ENGINE=InnoDB[0m
  [4;35;1mSQL (0.001129)[0m   [0mINSERT INTO schema_migrations (version) VALUES ('20080609015732')[0m
Migrating to CreateCompanies (20080609015733)
  [4;36;1mSQL (0.000855)[0m   [0;1mSELECT version FROM schema_migrations[0m
  [4;35;1mSQL (0.002615)[0m   [0mCREATE TABLE `companies` (`id` int(11) DEFAULT NULL auto_increment PRIMARY KEY, `name` varchar(255) DEFAULT NULL NULL, `notes` text DEFAULT NULL NULL, `created_at` datetime DEFAULT NULL NULL, `updated_at` datetime DEFAULT NULL NULL) ENGINE=InnoDB[0m
  [4;36;1mSQL (0.001024)[0m   [0;1mINSERT INTO schema_migrations (version) VALUES ('20080609015733')[0m
Migrating to CreateUsers (20080609015735)
  [4;35;1mSQL (0.000994)[0m   [0mSELECT version FROM schema_migrations[0m
  [4;36;1mSQL (0.002878)[0m   [0;1mCREATE TABLE `users` (`id` int(11) DEFAULT NULL auto_increment PRIMARY KEY, `login` varchar(255) DEFAULT NULL NULL, `password` varchar(255) DEFAULT NULL NULL, `created_at` datetime DEFAULT NULL NULL, `updated_at` datetime DEFAULT NULL NULL) ENGINE=InnoDB[0m
  [4;35;1mSQL (0.001010)[0m   [0mINSERT INTO schema_migrations (version) VALUES ('20080609015735')[0m
Migrating to CreateContacts (20080609015736)
  [4;36;1mSQL (0.001234)[0m   [0;1mSELECT version FROM schema_migrations[0m
  [4;35;1mSQL (0.004817)[0m   [0mCREATE TABLE `contacts` (`id` int(11) DEFAULT NULL auto_increment PRIMARY KEY, `first_name` varchar(255) DEFAULT NULL NULL, `last_name` varchar(255) DEFAULT NULL NULL, `email` varchar(255) DEFAULT NULL NULL, `home_phone` varchar(255) DEFAULT NULL NULL, `mobile_phone` varchar(255) DEFAULT NULL NULL, `work_phone` varchar(255) DEFAULT NULL NULL, `skype` varchar(255) DEFAULT NULL NULL, `facebook` varchar(255) DEFAULT NULL NULL, `twitter` varchar(255) DEFAULT NULL NULL, `blog` varchar(255) DEFAULT NULL NULL, `notes` text DEFAULT NULL NULL, `user_id` int(11) DEFAULT NULL NULL, `company_id` int(11) DEFAULT NULL NULL, `created_at` datetime DEFAULT NULL NULL, `updated_at` datetime DEFAULT NULL NULL) ENGINE=InnoDB[0m
  [4;36;1mSQL (0.000687)[0m   [0;1mINSERT INTO schema_migrations (version) VALUES ('20080609015736')[0m
Migrating to CreateTasks (20080609015737)
  [4;35;1mSQL (0.000592)[0m   [0mSELECT version FROM schema_migrations[0m
  [4;36;1mSQL (0.001915)[0m   [0;1mCREATE TABLE `tasks` (`id` int(11) DEFAULT NULL auto_increment PRIMARY KEY, `name` varchar(255) DEFAULT NULL NULL, `notes` text DEFAULT NULL NULL, `due` date DEFAULT NULL NULL, `completed` tinyint(1) DEFAULT NULL NULL, `user_id` int(11) DEFAULT NULL NULL, `contact_id` int(11) DEFAULT NULL NULL, `created_at` datetime DEFAULT NULL NULL, `updated_at` datetime DEFAULT NULL NULL) ENGINE=InnoDB[0m
  [4;35;1mSQL (0.000920)[0m   [0mINSERT INTO schema_migrations (version) VALUES ('20080609015737')[0m
Migrating to CreateChannels (20080609015738)
  [4;36;1mSQL (0.001395)[0m   [0;1mSELECT version FROM schema_migrations[0m
  [4;35;1mSQL (0.003274)[0m   [0mCREATE TABLE `channels` (`id` int(11) DEFAULT NULL auto_increment PRIMARY KEY, `name` varchar(255) DEFAULT NULL NULL, `character_limit` int(11) DEFAULT NULL NULL, `created_at` datetime DEFAULT NULL NULL, `updated_at` datetime DEFAULT NULL NULL) ENGINE=InnoDB[0m
  [4;36;1mSQL (0.000803)[0m   [0;1mINSERT INTO schema_migrations (version) VALUES ('20080609015738')[0m
Migrating to CreateAddresses (20080609015739)
  [4;35;1mSQL (0.001274)[0m   [0mSELECT version FROM schema_migrations[0m
  [4;36;1mSQL (0.002411)[0m   [0;1mCREATE TABLE `addresses` (`id` int(11) DEFAULT NULL auto_increment PRIMARY KEY, `line_one` varchar(255) DEFAULT NULL NULL, `line_two` varchar(255) DEFAULT NULL NULL, `city` varchar(255) DEFAULT NULL NULL, `state` varchar(255) DEFAULT NULL NULL, `zip` varchar(255) DEFAULT NULL NULL, `country` varchar(255) DEFAULT NULL NULL, `contact_id` int(11) DEFAULT NULL NULL, `company_id` int(11) DEFAULT NULL NULL, `created_at` datetime DEFAULT NULL NULL, `updated_at` datetime DEFAULT NULL NULL) ENGINE=InnoDB[0m
  [4;35;1mSQL (0.000610)[0m   [0mINSERT INTO schema_migrations (version) VALUES ('20080609015739')[0m
  [4;36;1mSQL (0.000838)[0m   [0;1mSELECT version FROM schema_migrations[0m
  [4;35;1mSQL (0.001181)[0m   [0mSHOW TABLES[0m
  [4;36;1mSQL (0.003780)[0m   [0;1mSHOW FIELDS FROM `addresses`[0m
  [4;35;1mSQL (0.004172)[0m   [0mdescribe `addresses`[0m
  [4;36;1mSQL (0.003210)[0m   [0;1mSHOW KEYS FROM `addresses`[0m
  [4;35;1mSQL (0.002307)[0m   [0mSHOW FIELDS FROM `channels`[0m
  [4;36;1mSQL (0.003914)[0m   [0;1mdescribe `channels`[0m
  [4;35;1mSQL (0.002320)[0m   [0mSHOW KEYS FROM `channels`[0m
  [4;36;1mSQL (0.002327)[0m   [0;1mSHOW FIELDS FROM `companies`[0m
  [4;35;1mSQL (0.003343)[0m   [0mdescribe `companies`[0m
  [4;36;1mSQL (0.003014)[0m   [0;1mSHOW KEYS FROM `companies`[0m
  [4;35;1mSQL (0.004585)[0m   [0mSHOW FIELDS FROM `contacts`[0m
  [4;36;1mSQL (0.008349)[0m   [0;1mdescribe `contacts`[0m
  [4;35;1mSQL (0.007994)[0m   [0mSHOW KEYS FROM `contacts`[0m
  [4;36;1mSQL (0.002560)[0m   [0;1mSHOW FIELDS FROM `messages`[0m
  [4;35;1mSQL (0.003334)[0m   [0mdescribe `messages`[0m
  [4;36;1mSQL (0.003067)[0m   [0;1mSHOW KEYS FROM `messages`[0m
  [4;35;1mSQL (0.002935)[0m   [0mSHOW FIELDS FROM `tasks`[0m
  [4;36;1mSQL (0.002906)[0m   [0;1mdescribe `tasks`[0m
  [4;35;1mSQL (0.003516)[0m   [0mSHOW KEYS FROM `tasks`[0m
  [4;36;1mSQL (0.070262)[0m   [0;1mSHOW FIELDS FROM `users`[0m
  [4;35;1mSQL (0.004903)[0m   [0mdescribe `users`[0m
  [4;36;1mSQL (0.003148)[0m   [0;1mSHOW KEYS FROM `users`[0m
  [4;35;1mSQL (0.000211)[0m   [0mSET NAMES 'utf8'[0m
  [4;36;1mSQL (0.000183)[0m   [0;1mSET SQL_AUTO_IS_NULL=0[0m


Processing CompaniesController#index (for 127.0.0.1 at 2008-06-08 18:59:40) [GET]
  Session ID: BAh7BiIKZmxhc2hJQzonQWN0aW9uQ29udHJvbGxlcjo6Rmxhc2g6OkZsYXNo
SGFzaHsGOgtub3RpY2UiJkNvbnRhY3Qgd2FzIHN1Y2Nlc3NmdWxseSBjcmVh
dGVkLgY6CkB1c2VkewY7BlQ=--836823795d1abda486527d39751f1763db190e3f
  Parameters: {"format"=>"fxml", "action"=>"index", "controller"=>"companies"}


CGI::Session::CookieStore::TamperedWithCookie (CGI::Session::CookieStore::TamperedWithCookie):
    /usr/local/lib/ruby/gems/1.8/gems/actionpack-2.1.0/lib/action_controller/session/cookie_store.rb:144:in `unmarshal'
    /usr/local/lib/ruby/gems/1.8/gems/actionpack-2.1.0/lib/action_controller/session/cookie_store.rb:101:in `restore'
    /usr/local/lib/ruby/1.8/cgi/session.rb:304:in `[]'
    /usr/local/lib/ruby/gems/1.8/gems/actionpack-2.1.0/lib/action_controller/cgi_process.rb:136:in `session'
    /usr/local/lib/ruby/gems/1.8/gems/actionpack-2.1.0/lib/action_controller/cgi_process.rb:168:in `stale_session_check!'
    /usr/local/lib/ruby/gems/1.8/gems/actionpack-2.1.0/lib/action_controller/cgi_process.rb:116:in `session'
    /usr/local/lib/ruby/gems/1.8/gems/actionpack-2.1.0/lib/action_controller/base.rb:1135:in `assign_shortcuts_without_flash'
    /usr/local/lib/ruby/gems/1.8/gems/actionpack-2.1.0/lib/action_controller/flash.rb:166:in `assign_shortcuts'
    /usr/local/lib/ruby/gems/1.8/gems/actionpack-2.1.0/lib/action_controller/base.rb:523:in `process_without_filters'
    /usr/local/lib/ruby/gems/1.8/gems/actionpack-2.1.0/lib/action_controller/filters.rb:569:in `process_without_session_management_support'
    /usr/local/lib/ruby/gems/1.8/gems/actionpack-2.1.0/lib/action_controller/session_management.rb:130:in `process'
    /usr/local/lib/ruby/gems/1.8/gems/actionpack-2.1.0/lib/action_controller/base.rb:389:in `process'
    /usr/local/lib/ruby/gems/1.8/gems/actionpack-2.1.0/lib/action_controller/dispatcher.rb:149:in `handle_request'
    /usr/local/lib/ruby/gems/1.8/gems/actionpack-2.1.0/lib/action_controller/dispatcher.rb:107:in `dispatch'
    /usr/local/lib/ruby/gems/1.8/gems/actionpack-2.1.0/lib/action_controller/dispatcher.rb:104:in `synchronize'
    /usr/local/lib/ruby/gems/1.8/gems/actionpack-2.1.0/lib/action_controller/dispatcher.rb:104:in `dispatch'
    /usr/local/lib/ruby/gems/1.8/gems/actionpack-2.1.0/lib/action_controller/dispatcher.rb:120:in `dispatch_cgi'
    /usr/local/lib/ruby/gems/1.8/gems/actionpack-2.1.0/lib/action_controller/dispatcher.rb:35:in `dispatch'
    /usr/local/lib/ruby/gems/1.8/gems/mongrel-1.1.4/bin/../lib/mongrel/rails.rb:76:in `process'
    /usr/local/lib/ruby/gems/1.8/gems/mongrel-1.1.4/bin/../lib/mongrel/rails.rb:74:in `synchronize'
    /usr/local/lib/ruby/gems/1.8/gems/mongrel-1.1.4/bin/../lib/mongrel/rails.rb:74:in `process'
    /usr/local/lib/ruby/gems/1.8/gems/mongrel-1.1.4/lib/mongrel.rb:159:in `process_client'
    /usr/local/lib/ruby/gems/1.8/gems/mongrel-1.1.4/lib/mongrel.rb:158:in `each'
    /usr/local/lib/ruby/gems/1.8/gems/mongrel-1.1.4/lib/mongrel.rb:158:in `process_client'
    /usr/local/lib/ruby/gems/1.8/gems/mongrel-1.1.4/lib/mongrel.rb:285:in `run'
    /usr/local/lib/ruby/gems/1.8/gems/mongrel-1.1.4/lib/mongrel.rb:285:in `initialize'
    /usr/local/lib/ruby/gems/1.8/gems/mongrel-1.1.4/lib/mongrel.rb:285:in `new'
    /usr/local/lib/ruby/gems/1.8/gems/mongrel-1.1.4/lib/mongrel.rb:285:in `run'
    /usr/local/lib/ruby/gems/1.8/gems/mongrel-1.1.4/lib/mongrel.rb:268:in `initialize'
    /usr/local/lib/ruby/gems/1.8/gems/mongrel-1.1.4/lib/mongrel.rb:268:in `new'
    /usr/local/lib/ruby/gems/1.8/gems/mongrel-1.1.4/lib/mongrel.rb:268:in `run'
    /usr/local/lib/ruby/gems/1.8/gems/mongrel-1.1.4/lib/mongrel/configurator.rb:282:in `run'
    /usr/local/lib/ruby/gems/1.8/gems/mongrel-1.1.4/lib/mongrel/configurator.rb:281:in `each'
    /usr/local/lib/ruby/gems/1.8/gems/mongrel-1.1.4/lib/mongrel/configurator.rb:281:in `run'
    /usr/local/lib/ruby/gems/1.8/gems/mongrel-1.1.4/bin/mongrel_rails:128:in `run'
    /usr/local/lib/ruby/gems/1.8/gems/mongrel-1.1.4/lib/mongrel/command.rb:212:in `run'
    /usr/local/lib/ruby/gems/1.8/gems/mongrel-1.1.4/bin/mongrel_rails:281
    /usr/local/lib/ruby/gems/1.8/gems/activesupport-2.1.0/lib/active_support/dependencies.rb:502:in `load'
    /usr/local/lib/ruby/gems/1.8/gems/activesupport-2.1.0/lib/active_support/dependencies.rb:502:in `load'
    /usr/local/lib/ruby/gems/1.8/gems/activesupport-2.1.0/lib/active_support/dependencies.rb:354:in `new_constants_in'
    /usr/local/lib/ruby/gems/1.8/gems/activesupport-2.1.0/lib/active_support/dependencies.rb:502:in `load'
    /usr/local/lib/ruby/gems/1.8/gems/rails-2.1.0/lib/commands/servers/mongrel.rb:64
    /usr/local/lib/ruby/site_ruby/1.8/rubygems/custom_require.rb:27:in `gem_original_require'
    /usr/local/lib/ruby/site_ruby/1.8/rubygems/custom_require.rb:27:in `require'
    /usr/local/lib/ruby/gems/1.8/gems/activesupport-2.1.0/lib/active_support/dependencies.rb:509:in `require'
    /usr/local/lib/ruby/gems/1.8/gems/activesupport-2.1.0/lib/active_support/dependencies.rb:354:in `new_constants_in'
    /usr/local/lib/ruby/gems/1.8/gems/activesupport-2.1.0/lib/active_support/dependencies.rb:509:in `require'
    /usr/local/lib/ruby/gems/1.8/gems/rails-2.1.0/lib/commands/server.rb:39
    /usr/local/lib/ruby/site_ruby/1.8/rubygems/custom_require.rb:27:in `gem_original_require'
    /usr/local/lib/ruby/site_ruby/1.8/rubygems/custom_require.rb:27:in `require'
    ./script/server:3

Rendering /usr/local/lib/ruby/gems/1.8/gems/actionpack-2.1.0/lib/action_controller/templates/rescues/layout.erb (internal_server_error)


Processing UsersController#index (for 127.0.0.1 at 2008-06-08 18:59:41) [GET]
  Session ID: BAh7BiIKZmxhc2hJQzonQWN0aW9uQ29udHJvbGxlcjo6Rmxhc2g6OkZsYXNo
SGFzaHsGOgtub3RpY2UiJkNvbnRhY3Qgd2FzIHN1Y2Nlc3NmdWxseSBjcmVh
dGVkLgY6CkB1c2VkewY7BlQ=--836823795d1abda486527d39751f1763db190e3f
  Parameters: {"format"=>"fxml", "action"=>"index", "controller"=>"users"}


CGI::Session::CookieStore::TamperedWithCookie (CGI::Session::CookieStore::TamperedWithCookie):
    /usr/local/lib/ruby/gems/1.8/gems/actionpack-2.1.0/lib/action_controller/session/cookie_store.rb:144:in `unmarshal'
    /usr/local/lib/ruby/gems/1.8/gems/actionpack-2.1.0/lib/action_controller/session/cookie_store.rb:101:in `restore'
    /usr/local/lib/ruby/1.8/cgi/session.rb:304:in `[]'
    /usr/local/lib/ruby/gems/1.8/gems/actionpack-2.1.0/lib/action_controller/cgi_process.rb:136:in `session'
    /usr/local/lib/ruby/gems/1.8/gems/actionpack-2.1.0/lib/action_controller/cgi_process.rb:168:in `stale_session_check!'
    /usr/local/lib/ruby/gems/1.8/gems/actionpack-2.1.0/lib/action_controller/cgi_process.rb:116:in `session'
    /usr/local/lib/ruby/gems/1.8/gems/actionpack-2.1.0/lib/action_controller/base.rb:1135:in `assign_shortcuts_without_flash'
    /usr/local/lib/ruby/gems/1.8/gems/actionpack-2.1.0/lib/action_controller/flash.rb:166:in `assign_shortcuts'
    /usr/local/lib/ruby/gems/1.8/gems/actionpack-2.1.0/lib/action_controller/base.rb:523:in `process_without_filters'
    /usr/local/lib/ruby/gems/1.8/gems/actionpack-2.1.0/lib/action_controller/filters.rb:569:in `process_without_session_management_support'
    /usr/local/lib/ruby/gems/1.8/gems/actionpack-2.1.0/lib/action_controller/session_management.rb:130:in `process'
    /usr/local/lib/ruby/gems/1.8/gems/actionpack-2.1.0/lib/action_controller/base.rb:389:in `process'
    /usr/local/lib/ruby/gems/1.8/gems/actionpack-2.1.0/lib/action_controller/dispatcher.rb:149:in `handle_request'
    /usr/local/lib/ruby/gems/1.8/gems/actionpack-2.1.0/lib/action_controller/dispatcher.rb:107:in `dispatch'
    /usr/local/lib/ruby/gems/1.8/gems/actionpack-2.1.0/lib/action_controller/dispatcher.rb:104:in `synchronize'
    /usr/local/lib/ruby/gems/1.8/gems/actionpack-2.1.0/lib/action_controller/dispatcher.rb:104:in `dispatch'
    /usr/local/lib/ruby/gems/1.8/gems/actionpack-2.1.0/lib/action_controller/dispatcher.rb:120:in `dispatch_cgi'
    /usr/local/lib/ruby/gems/1.8/gems/actionpack-2.1.0/lib/action_controller/dispatcher.rb:35:in `dispatch'
    /usr/local/lib/ruby/gems/1.8/gems/mongrel-1.1.4/bin/../lib/mongrel/rails.rb:76:in `process'
    /usr/local/lib/ruby/gems/1.8/gems/mongrel-1.1.4/bin/../lib/mongrel/rails.rb:74:in `synchronize'
    /usr/local/lib/ruby/gems/1.8/gems/mongrel-1.1.4/bin/../lib/mongrel/rails.rb:74:in `process'
    /usr/local/lib/ruby/gems/1.8/gems/mongrel-1.1.4/lib/mongrel.rb:159:in `process_client'
    /usr/local/lib/ruby/gems/1.8/gems/mongrel-1.1.4/lib/mongrel.rb:158:in `each'
    /usr/local/lib/ruby/gems/1.8/gems/mongrel-1.1.4/lib/mongrel.rb:158:in `process_client'
    /usr/local/lib/ruby/gems/1.8/gems/mongrel-1.1.4/lib/mongrel.rb:285:in `run'
    /usr/local/lib/ruby/gems/1.8/gems/mongrel-1.1.4/lib/mongrel.rb:285:in `initialize'
    /usr/local/lib/ruby/gems/1.8/gems/mongrel-1.1.4/lib/mongrel.rb:285:in `new'
    /usr/local/lib/ruby/gems/1.8/gems/mongrel-1.1.4/lib/mongrel.rb:285:in `run'
    /usr/local/lib/ruby/gems/1.8/gems/mongrel-1.1.4/lib/mongrel.rb:268:in `initialize'
    /usr/local/lib/ruby/gems/1.8/gems/mongrel-1.1.4/lib/mongrel.rb:268:in `new'
    /usr/local/lib/ruby/gems/1.8/gems/mongrel-1.1.4/lib/mongrel.rb:268:in `run'
    /usr/local/lib/ruby/gems/1.8/gems/mongrel-1.1.4/lib/mongrel/configurator.rb:282:in `run'
    /usr/local/lib/ruby/gems/1.8/gems/mongrel-1.1.4/lib/mongrel/configurator.rb:281:in `each'
    /usr/local/lib/ruby/gems/1.8/gems/mongrel-1.1.4/lib/mongrel/configurator.rb:281:in `run'
    /usr/local/lib/ruby/gems/1.8/gems/mongrel-1.1.4/bin/mongrel_rails:128:in `run'
    /usr/local/lib/ruby/gems/1.8/gems/mongrel-1.1.4/lib/mongrel/command.rb:212:in `run'
    /usr/local/lib/ruby/gems/1.8/gems/mongrel-1.1.4/bin/mongrel_rails:281
    /usr/local/lib/ruby/gems/1.8/gems/activesupport-2.1.0/lib/active_support/dependencies.rb:502:in `load'
    /usr/local/lib/ruby/gems/1.8/gems/activesupport-2.1.0/lib/active_support/dependencies.rb:502:in `load'
    /usr/local/lib/ruby/gems/1.8/gems/activesupport-2.1.0/lib/active_support/dependencies.rb:354:in `new_constants_in'
    /usr/local/lib/ruby/gems/1.8/gems/activesupport-2.1.0/lib/active_support/dependencies.rb:502:in `load'
    /usr/local/lib/ruby/gems/1.8/gems/rails-2.1.0/lib/commands/servers/mongrel.rb:64
    /usr/local/lib/ruby/site_ruby/1.8/rubygems/custom_require.rb:27:in `gem_original_require'
    /usr/local/lib/ruby/site_ruby/1.8/rubygems/custom_require.rb:27:in `require'
    /usr/local/lib/ruby/gems/1.8/gems/activesupport-2.1.0/lib/active_support/dependencies.rb:509:in `require'
    /usr/local/lib/ruby/gems/1.8/gems/activesupport-2.1.0/lib/active_support/dependencies.rb:354:in `new_constants_in'
    /usr/local/lib/ruby/gems/1.8/gems/activesupport-2.1.0/lib/active_support/dependencies.rb:509:in `require'
    /usr/local/lib/ruby/gems/1.8/gems/rails-2.1.0/lib/commands/server.rb:39
    /usr/local/lib/ruby/site_ruby/1.8/rubygems/custom_require.rb:27:in `gem_original_require'
    /usr/local/lib/ruby/site_ruby/1.8/rubygems/custom_require.rb:27:in `require'
    ./script/server:3

Rendering /usr/local/lib/ruby/gems/1.8/gems/actionpack-2.1.0/lib/action_controller/templates/rescues/layout.erb (internal_server_error)


Processing ContactsController#index (for 127.0.0.1 at 2008-06-08 18:59:41) [GET]
  Session ID: BAh7BiIKZmxhc2hJQzonQWN0aW9uQ29udHJvbGxlcjo6Rmxhc2g6OkZsYXNo
SGFzaHsGOgtub3RpY2UiJkNvbnRhY3Qgd2FzIHN1Y2Nlc3NmdWxseSBjcmVh
dGVkLgY6CkB1c2VkewY7BlQ=--836823795d1abda486527d39751f1763db190e3f
  Parameters: {"format"=>"fxml", "action"=>"index", "controller"=>"contacts"}


CGI::Session::CookieStore::TamperedWithCookie (CGI::Session::CookieStore::TamperedWithCookie):
    /usr/local/lib/ruby/gems/1.8/gems/actionpack-2.1.0/lib/action_controller/session/cookie_store.rb:144:in `unmarshal'
    /usr/local/lib/ruby/gems/1.8/gems/actionpack-2.1.0/lib/action_controller/session/cookie_store.rb:101:in `restore'
    /usr/local/lib/ruby/1.8/cgi/session.rb:304:in `[]'
    /usr/local/lib/ruby/gems/1.8/gems/actionpack-2.1.0/lib/action_controller/cgi_process.rb:136:in `session'
    /usr/local/lib/ruby/gems/1.8/gems/actionpack-2.1.0/lib/action_controller/cgi_process.rb:168:in `stale_session_check!'
    /usr/local/lib/ruby/gems/1.8/gems/actionpack-2.1.0/lib/action_controller/cgi_process.rb:116:in `session'
    /usr/local/lib/ruby/gems/1.8/gems/actionpack-2.1.0/lib/action_controller/base.rb:1135:in `assign_shortcuts_without_flash'
    /usr/local/lib/ruby/gems/1.8/gems/actionpack-2.1.0/lib/action_controller/flash.rb:166:in `assign_shortcuts'
    /usr/local/lib/ruby/gems/1.8/gems/actionpack-2.1.0/lib/action_controller/base.rb:523:in `process_without_filters'
    /usr/local/lib/ruby/gems/1.8/gems/actionpack-2.1.0/lib/action_controller/filters.rb:569:in `process_without_session_management_support'
    /usr/local/lib/ruby/gems/1.8/gems/actionpack-2.1.0/lib/action_controller/session_management.rb:130:in `process'
    /usr/local/lib/ruby/gems/1.8/gems/actionpack-2.1.0/lib/action_controller/base.rb:389:in `process'
    /usr/local/lib/ruby/gems/1.8/gems/actionpack-2.1.0/lib/action_controller/dispatcher.rb:149:in `handle_request'
    /usr/local/lib/ruby/gems/1.8/gems/actionpack-2.1.0/lib/action_controller/dispatcher.rb:107:in `dispatch'
    /usr/local/lib/ruby/gems/1.8/gems/actionpack-2.1.0/lib/action_controller/dispatcher.rb:104:in `synchronize'
    /usr/local/lib/ruby/gems/1.8/gems/actionpack-2.1.0/lib/action_controller/dispatcher.rb:104:in `dispatch'
    /usr/local/lib/ruby/gems/1.8/gems/actionpack-2.1.0/lib/action_controller/dispatcher.rb:120:in `dispatch_cgi'
    /usr/local/lib/ruby/gems/1.8/gems/actionpack-2.1.0/lib/action_controller/dispatcher.rb:35:in `dispatch'
    /usr/local/lib/ruby/gems/1.8/gems/mongrel-1.1.4/bin/../lib/mongrel/rails.rb:76:in `process'
    /usr/local/lib/ruby/gems/1.8/gems/mongrel-1.1.4/bin/../lib/mongrel/rails.rb:74:in `synchronize'
    /usr/local/lib/ruby/gems/1.8/gems/mongrel-1.1.4/bin/../lib/mongrel/rails.rb:74:in `process'
    /usr/local/lib/ruby/gems/1.8/gems/mongrel-1.1.4/lib/mongrel.rb:159:in `process_client'
    /usr/local/lib/ruby/gems/1.8/gems/mongrel-1.1.4/lib/mongrel.rb:158:in `each'
    /usr/local/lib/ruby/gems/1.8/gems/mongrel-1.1.4/lib/mongrel.rb:158:in `process_client'
    /usr/local/lib/ruby/gems/1.8/gems/mongrel-1.1.4/lib/mongrel.rb:285:in `run'
    /usr/local/lib/ruby/gems/1.8/gems/mongrel-1.1.4/lib/mongrel.rb:285:in `initialize'
    /usr/local/lib/ruby/gems/1.8/gems/mongrel-1.1.4/lib/mongrel.rb:285:in `new'
    /usr/local/lib/ruby/gems/1.8/gems/mongrel-1.1.4/lib/mongrel.rb:285:in `run'
    /usr/local/lib/ruby/gems/1.8/gems/mongrel-1.1.4/lib/mongrel.rb:268:in `initialize'
    /usr/local/lib/ruby/gems/1.8/gems/mongrel-1.1.4/lib/mongrel.rb:268:in `new'
    /usr/local/lib/ruby/gems/1.8/gems/mongrel-1.1.4/lib/mongrel.rb:268:in `run'
    /usr/local/lib/ruby/gems/1.8/gems/mongrel-1.1.4/lib/mongrel/configurator.rb:282:in `run'
    /usr/local/lib/ruby/gems/1.8/gems/mongrel-1.1.4/lib/mongrel/configurator.rb:281:in `each'
    /usr/local/lib/ruby/gems/1.8/gems/mongrel-1.1.4/lib/mongrel/configurator.rb:281:in `run'
    /usr/local/lib/ruby/gems/1.8/gems/mongrel-1.1.4/bin/mongrel_rails:128:in `run'
    /usr/local/lib/ruby/gems/1.8/gems/mongrel-1.1.4/lib/mongrel/command.rb:212:in `run'
    /usr/local/lib/ruby/gems/1.8/gems/mongrel-1.1.4/bin/mongrel_rails:281
    /usr/local/lib/ruby/gems/1.8/gems/activesupport-2.1.0/lib/active_support/dependencies.rb:502:in `load'
    /usr/local/lib/ruby/gems/1.8/gems/activesupport-2.1.0/lib/active_support/dependencies.rb:502:in `load'
    /usr/local/lib/ruby/gems/1.8/gems/activesupport-2.1.0/lib/active_support/dependencies.rb:354:in `new_constants_in'
    /usr/local/lib/ruby/gems/1.8/gems/activesupport-2.1.0/lib/active_support/dependencies.rb:502:in `load'
    /usr/local/lib/ruby/gems/1.8/gems/rails-2.1.0/lib/commands/servers/mongrel.rb:64
    /usr/local/lib/ruby/site_ruby/1.8/rubygems/custom_require.rb:27:in `gem_original_require'
    /usr/local/lib/ruby/site_ruby/1.8/rubygems/custom_require.rb:27:in `require'
    /usr/local/lib/ruby/gems/1.8/gems/activesupport-2.1.0/lib/active_support/dependencies.rb:509:in `require'
    /usr/local/lib/ruby/gems/1.8/gems/activesupport-2.1.0/lib/active_support/dependencies.rb:354:in `new_constants_in'
    /usr/local/lib/ruby/gems/1.8/gems/activesupport-2.1.0/lib/active_support/dependencies.rb:509:in `require'
    /usr/local/lib/ruby/gems/1.8/gems/rails-2.1.0/lib/commands/server.rb:39
    /usr/local/lib/ruby/site_ruby/1.8/rubygems/custom_require.rb:27:in `gem_original_require'
    /usr/local/lib/ruby/site_ruby/1.8/rubygems/custom_require.rb:27:in `require'
    ./script/server:3

Rendering /usr/local/lib/ruby/gems/1.8/gems/actionpack-2.1.0/lib/action_controller/templates/rescues/layout.erb (internal_server_error)


Processing AddressesController#index (for 127.0.0.1 at 2008-06-08 18:59:41) [GET]
  Session ID: BAh7BiIKZmxhc2hJQzonQWN0aW9uQ29udHJvbGxlcjo6Rmxhc2g6OkZsYXNo
SGFzaHsGOgtub3RpY2UiJkNvbnRhY3Qgd2FzIHN1Y2Nlc3NmdWxseSBjcmVh
dGVkLgY6CkB1c2VkewY7BlQ=--836823795d1abda486527d39751f1763db190e3f
  Parameters: {"format"=>"fxml", "action"=>"index", "controller"=>"addresses"}


CGI::Session::CookieStore::TamperedWithCookie (CGI::Session::CookieStore::TamperedWithCookie):
    /usr/local/lib/ruby/gems/1.8/gems/actionpack-2.1.0/lib/action_controller/session/cookie_store.rb:144:in `unmarshal'
    /usr/local/lib/ruby/gems/1.8/gems/actionpack-2.1.0/lib/action_controller/session/cookie_store.rb:101:in `restore'
    /usr/local/lib/ruby/1.8/cgi/session.rb:304:in `[]'
    /usr/local/lib/ruby/gems/1.8/gems/actionpack-2.1.0/lib/action_controller/cgi_process.rb:136:in `session'
    /usr/local/lib/ruby/gems/1.8/gems/actionpack-2.1.0/lib/action_controller/cgi_process.rb:168:in `stale_session_check!'
    /usr/local/lib/ruby/gems/1.8/gems/actionpack-2.1.0/lib/action_controller/cgi_process.rb:116:in `session'
    /usr/local/lib/ruby/gems/1.8/gems/actionpack-2.1.0/lib/action_controller/base.rb:1135:in `assign_shortcuts_without_flash'
    /usr/local/lib/ruby/gems/1.8/gems/actionpack-2.1.0/lib/action_controller/flash.rb:166:in `assign_shortcuts'
    /usr/local/lib/ruby/gems/1.8/gems/actionpack-2.1.0/lib/action_controller/base.rb:523:in `process_without_filters'
    /usr/local/lib/ruby/gems/1.8/gems/actionpack-2.1.0/lib/action_controller/filters.rb:569:in `process_without_session_management_support'
    /usr/local/lib/ruby/gems/1.8/gems/actionpack-2.1.0/lib/action_controller/session_management.rb:130:in `process'
    /usr/local/lib/ruby/gems/1.8/gems/actionpack-2.1.0/lib/action_controller/base.rb:389:in `process'
    /usr/local/lib/ruby/gems/1.8/gems/actionpack-2.1.0/lib/action_controller/dispatcher.rb:149:in `handle_request'
    /usr/local/lib/ruby/gems/1.8/gems/actionpack-2.1.0/lib/action_controller/dispatcher.rb:107:in `dispatch'
    /usr/local/lib/ruby/gems/1.8/gems/actionpack-2.1.0/lib/action_controller/dispatcher.rb:104:in `synchronize'
    /usr/local/lib/ruby/gems/1.8/gems/actionpack-2.1.0/lib/action_controller/dispatcher.rb:104:in `dispatch'
    /usr/local/lib/ruby/gems/1.8/gems/actionpack-2.1.0/lib/action_controller/dispatcher.rb:120:in `dispatch_cgi'
    /usr/local/lib/ruby/gems/1.8/gems/actionpack-2.1.0/lib/action_controller/dispatcher.rb:35:in `dispatch'
    /usr/local/lib/ruby/gems/1.8/gems/mongrel-1.1.4/bin/../lib/mongrel/rails.rb:76:in `process'
    /usr/local/lib/ruby/gems/1.8/gems/mongrel-1.1.4/bin/../lib/mongrel/rails.rb:74:in `synchronize'
    /usr/local/lib/ruby/gems/1.8/gems/mongrel-1.1.4/bin/../lib/mongrel/rails.rb:74:in `process'
    /usr/local/lib/ruby/gems/1.8/gems/mongrel-1.1.4/lib/mongrel.rb:159:in `process_client'
    /usr/local/lib/ruby/gems/1.8/gems/mongrel-1.1.4/lib/mongrel.rb:158:in `each'
    /usr/local/lib/ruby/gems/1.8/gems/mongrel-1.1.4/lib/mongrel.rb:158:in `process_client'
    /usr/local/lib/ruby/gems/1.8/gems/mongrel-1.1.4/lib/mongrel.rb:285:in `run'
    /usr/local/lib/ruby/gems/1.8/gems/mongrel-1.1.4/lib/mongrel.rb:285:in `initialize'
    /usr/local/lib/ruby/gems/1.8/gems/mongrel-1.1.4/lib/mongrel.rb:285:in `new'
    /usr/local/lib/ruby/gems/1.8/gems/mongrel-1.1.4/lib/mongrel.rb:285:in `run'
    /usr/local/lib/ruby/gems/1.8/gems/mongrel-1.1.4/lib/mongrel.rb:268:in `initialize'
    /usr/local/lib/ruby/gems/1.8/gems/mongrel-1.1.4/lib/mongrel.rb:268:in `new'
    /usr/local/lib/ruby/gems/1.8/gems/mongrel-1.1.4/lib/mongrel.rb:268:in `run'
    /usr/local/lib/ruby/gems/1.8/gems/mongrel-1.1.4/lib/mongrel/configurator.rb:282:in `run'
    /usr/local/lib/ruby/gems/1.8/gems/mongrel-1.1.4/lib/mongrel/configurator.rb:281:in `each'
    /usr/local/lib/ruby/gems/1.8/gems/mongrel-1.1.4/lib/mongrel/configurator.rb:281:in `run'
    /usr/local/lib/ruby/gems/1.8/gems/mongrel-1.1.4/bin/mongrel_rails:128:in `run'
    /usr/local/lib/ruby/gems/1.8/gems/mongrel-1.1.4/lib/mongrel/command.rb:212:in `run'
    /usr/local/lib/ruby/gems/1.8/gems/mongrel-1.1.4/bin/mongrel_rails:281
    /usr/local/lib/ruby/gems/1.8/gems/activesupport-2.1.0/lib/active_support/dependencies.rb:502:in `load'
    /usr/local/lib/ruby/gems/1.8/gems/activesupport-2.1.0/lib/active_support/dependencies.rb:502:in `load'
    /usr/local/lib/ruby/gems/1.8/gems/activesupport-2.1.0/lib/active_support/dependencies.rb:354:in `new_constants_in'
    /usr/local/lib/ruby/gems/1.8/gems/activesupport-2.1.0/lib/active_support/dependencies.rb:502:in `load'
    /usr/local/lib/ruby/gems/1.8/gems/rails-2.1.0/lib/commands/servers/mongrel.rb:64
    /usr/local/lib/ruby/site_ruby/1.8/rubygems/custom_require.rb:27:in `gem_original_require'
    /usr/local/lib/ruby/site_ruby/1.8/rubygems/custom_require.rb:27:in `require'
    /usr/local/lib/ruby/gems/1.8/gems/activesupport-2.1.0/lib/active_support/dependencies.rb:509:in `require'
    /usr/local/lib/ruby/gems/1.8/gems/activesupport-2.1.0/lib/active_support/dependencies.rb:354:in `new_constants_in'
    /usr/local/lib/ruby/gems/1.8/gems/activesupport-2.1.0/lib/active_support/dependencies.rb:509:in `require'
    /usr/local/lib/ruby/gems/1.8/gems/rails-2.1.0/lib/commands/server.rb:39
    /usr/local/lib/ruby/site_ruby/1.8/rubygems/custom_require.rb:27:in `gem_original_require'
    /usr/local/lib/ruby/site_ruby/1.8/rubygems/custom_require.rb:27:in `require'
    ./script/server:3

Rendering /usr/local/lib/ruby/gems/1.8/gems/actionpack-2.1.0/lib/action_controller/templates/rescues/layout.erb (internal_server_error)


Processing ChannelsController#index (for 127.0.0.1 at 2008-06-08 18:59:41) [GET]
  Session ID: BAh7BiIKZmxhc2hJQzonQWN0aW9uQ29udHJvbGxlcjo6Rmxhc2g6OkZsYXNo
SGFzaHsGOgtub3RpY2UiJkNvbnRhY3Qgd2FzIHN1Y2Nlc3NmdWxseSBjcmVh
dGVkLgY6CkB1c2VkewY7BlQ=--836823795d1abda486527d39751f1763db190e3f
  Parameters: {"format"=>"fxml", "action"=>"index", "controller"=>"channels"}


CGI::Session::CookieStore::TamperedWithCookie (CGI::Session::CookieStore::TamperedWithCookie):
    /usr/local/lib/ruby/gems/1.8/gems/actionpack-2.1.0/lib/action_controller/session/cookie_store.rb:144:in `unmarshal'
    /usr/local/lib/ruby/gems/1.8/gems/actionpack-2.1.0/lib/action_controller/session/cookie_store.rb:101:in `restore'
    /usr/local/lib/ruby/1.8/cgi/session.rb:304:in `[]'
    /usr/local/lib/ruby/gems/1.8/gems/actionpack-2.1.0/lib/action_controller/cgi_process.rb:136:in `session'
    /usr/local/lib/ruby/gems/1.8/gems/actionpack-2.1.0/lib/action_controller/cgi_process.rb:168:in `stale_session_check!'
    /usr/local/lib/ruby/gems/1.8/gems/actionpack-2.1.0/lib/action_controller/cgi_process.rb:116:in `session'
    /usr/local/lib/ruby/gems/1.8/gems/actionpack-2.1.0/lib/action_controller/base.rb:1135:in `assign_shortcuts_without_flash'
    /usr/local/lib/ruby/gems/1.8/gems/actionpack-2.1.0/lib/action_controller/flash.rb:166:in `assign_shortcuts'
    /usr/local/lib/ruby/gems/1.8/gems/actionpack-2.1.0/lib/action_controller/base.rb:523:in `process_without_filters'
    /usr/local/lib/ruby/gems/1.8/gems/actionpack-2.1.0/lib/action_controller/filters.rb:569:in `process_without_session_management_support'
    /usr/local/lib/ruby/gems/1.8/gems/actionpack-2.1.0/lib/action_controller/session_management.rb:130:in `process'
    /usr/local/lib/ruby/gems/1.8/gems/actionpack-2.1.0/lib/action_controller/base.rb:389:in `process'
    /usr/local/lib/ruby/gems/1.8/gems/actionpack-2.1.0/lib/action_controller/dispatcher.rb:149:in `handle_request'
    /usr/local/lib/ruby/gems/1.8/gems/actionpack-2.1.0/lib/action_controller/dispatcher.rb:107:in `dispatch'
    /usr/local/lib/ruby/gems/1.8/gems/actionpack-2.1.0/lib/action_controller/dispatcher.rb:104:in `synchronize'
    /usr/local/lib/ruby/gems/1.8/gems/actionpack-2.1.0/lib/action_controller/dispatcher.rb:104:in `dispatch'
    /usr/local/lib/ruby/gems/1.8/gems/actionpack-2.1.0/lib/action_controller/dispatcher.rb:120:in `dispatch_cgi'
    /usr/local/lib/ruby/gems/1.8/gems/actionpack-2.1.0/lib/action_controller/dispatcher.rb:35:in `dispatch'
    /usr/local/lib/ruby/gems/1.8/gems/mongrel-1.1.4/bin/../lib/mongrel/rails.rb:76:in `process'
    /usr/local/lib/ruby/gems/1.8/gems/mongrel-1.1.4/bin/../lib/mongrel/rails.rb:74:in `synchronize'
    /usr/local/lib/ruby/gems/1.8/gems/mongrel-1.1.4/bin/../lib/mongrel/rails.rb:74:in `process'
    /usr/local/lib/ruby/gems/1.8/gems/mongrel-1.1.4/lib/mongrel.rb:159:in `process_client'
    /usr/local/lib/ruby/gems/1.8/gems/mongrel-1.1.4/lib/mongrel.rb:158:in `each'
    /usr/local/lib/ruby/gems/1.8/gems/mongrel-1.1.4/lib/mongrel.rb:158:in `process_client'
    /usr/local/lib/ruby/gems/1.8/gems/mongrel-1.1.4/lib/mongrel.rb:285:in `run'
    /usr/local/lib/ruby/gems/1.8/gems/mongrel-1.1.4/lib/mongrel.rb:285:in `initialize'
    /usr/local/lib/ruby/gems/1.8/gems/mongrel-1.1.4/lib/mongrel.rb:285:in `new'
    /usr/local/lib/ruby/gems/1.8/gems/mongrel-1.1.4/lib/mongrel.rb:285:in `run'
    /usr/local/lib/ruby/gems/1.8/gems/mongrel-1.1.4/lib/mongrel.rb:268:in `initialize'
    /usr/local/lib/ruby/gems/1.8/gems/mongrel-1.1.4/lib/mongrel.rb:268:in `new'
    /usr/local/lib/ruby/gems/1.8/gems/mongrel-1.1.4/lib/mongrel.rb:268:in `run'
    /usr/local/lib/ruby/gems/1.8/gems/mongrel-1.1.4/lib/mongrel/configurator.rb:282:in `run'
    /usr/local/lib/ruby/gems/1.8/gems/mongrel-1.1.4/lib/mongrel/configurator.rb:281:in `each'
    /usr/local/lib/ruby/gems/1.8/gems/mongrel-1.1.4/lib/mongrel/configurator.rb:281:in `run'
    /usr/local/lib/ruby/gems/1.8/gems/mongrel-1.1.4/bin/mongrel_rails:128:in `run'
    /usr/local/lib/ruby/gems/1.8/gems/mongrel-1.1.4/lib/mongrel/command.rb:212:in `run'
    /usr/local/lib/ruby/gems/1.8/gems/mongrel-1.1.4/bin/mongrel_rails:281
    /usr/local/lib/ruby/gems/1.8/gems/activesupport-2.1.0/lib/active_support/dependencies.rb:502:in `load'
    /usr/local/lib/ruby/gems/1.8/gems/activesupport-2.1.0/lib/active_support/dependencies.rb:502:in `load'
    /usr/local/lib/ruby/gems/1.8/gems/activesupport-2.1.0/lib/active_support/dependencies.rb:354:in `new_constants_in'
    /usr/local/lib/ruby/gems/1.8/gems/activesupport-2.1.0/lib/active_support/dependencies.rb:502:in `load'
    /usr/local/lib/ruby/gems/1.8/gems/rails-2.1.0/lib/commands/servers/mongrel.rb:64
    /usr/local/lib/ruby/site_ruby/1.8/rubygems/custom_require.rb:27:in `gem_original_require'
    /usr/local/lib/ruby/site_ruby/1.8/rubygems/custom_require.rb:27:in `require'
    /usr/local/lib/ruby/gems/1.8/gems/activesupport-2.1.0/lib/active_support/dependencies.rb:509:in `require'
    /usr/local/lib/ruby/gems/1.8/gems/activesupport-2.1.0/lib/active_support/dependencies.rb:354:in `new_constants_in'
    /usr/local/lib/ruby/gems/1.8/gems/activesupport-2.1.0/lib/active_support/dependencies.rb:509:in `require'
    /usr/local/lib/ruby/gems/1.8/gems/rails-2.1.0/lib/commands/server.rb:39
    /usr/local/lib/ruby/site_ruby/1.8/rubygems/custom_require.rb:27:in `gem_original_require'
    /usr/local/lib/ruby/site_ruby/1.8/rubygems/custom_require.rb:27:in `require'
    ./script/server:3

Rendering /usr/local/lib/ruby/gems/1.8/gems/actionpack-2.1.0/lib/action_controller/templates/rescues/layout.erb (internal_server_error)


Processing MessagesController#index (for 127.0.0.1 at 2008-06-08 18:59:42) [GET]
  Session ID: BAh7BiIKZmxhc2hJQzonQWN0aW9uQ29udHJvbGxlcjo6Rmxhc2g6OkZsYXNo
SGFzaHsGOgtub3RpY2UiJkNvbnRhY3Qgd2FzIHN1Y2Nlc3NmdWxseSBjcmVh
dGVkLgY6CkB1c2VkewY7BlQ=--836823795d1abda486527d39751f1763db190e3f
  Parameters: {"format"=>"fxml", "action"=>"index", "controller"=>"messages"}


CGI::Session::CookieStore::TamperedWithCookie (CGI::Session::CookieStore::TamperedWithCookie):
    /usr/local/lib/ruby/gems/1.8/gems/actionpack-2.1.0/lib/action_controller/session/cookie_store.rb:144:in `unmarshal'
    /usr/local/lib/ruby/gems/1.8/gems/actionpack-2.1.0/lib/action_controller/session/cookie_store.rb:101:in `restore'
    /usr/local/lib/ruby/1.8/cgi/session.rb:304:in `[]'
    /usr/local/lib/ruby/gems/1.8/gems/actionpack-2.1.0/lib/action_controller/cgi_process.rb:136:in `session'
    /usr/local/lib/ruby/gems/1.8/gems/actionpack-2.1.0/lib/action_controller/cgi_process.rb:168:in `stale_session_check!'
    /usr/local/lib/ruby/gems/1.8/gems/actionpack-2.1.0/lib/action_controller/cgi_process.rb:116:in `session'
    /usr/local/lib/ruby/gems/1.8/gems/actionpack-2.1.0/lib/action_controller/base.rb:1135:in `assign_shortcuts_without_flash'
    /usr/local/lib/ruby/gems/1.8/gems/actionpack-2.1.0/lib/action_controller/flash.rb:166:in `assign_shortcuts'
    /usr/local/lib/ruby/gems/1.8/gems/actionpack-2.1.0/lib/action_controller/base.rb:523:in `process_without_filters'
    /usr/local/lib/ruby/gems/1.8/gems/actionpack-2.1.0/lib/action_controller/filters.rb:569:in `process_without_session_management_support'
    /usr/local/lib/ruby/gems/1.8/gems/actionpack-2.1.0/lib/action_controller/session_management.rb:130:in `process'
    /usr/local/lib/ruby/gems/1.8/gems/actionpack-2.1.0/lib/action_controller/base.rb:389:in `process'
    /usr/local/lib/ruby/gems/1.8/gems/actionpack-2.1.0/lib/action_controller/dispatcher.rb:149:in `handle_request'
    /usr/local/lib/ruby/gems/1.8/gems/actionpack-2.1.0/lib/action_controller/dispatcher.rb:107:in `dispatch'
    /usr/local/lib/ruby/gems/1.8/gems/actionpack-2.1.0/lib/action_controller/dispatcher.rb:104:in `synchronize'
    /usr/local/lib/ruby/gems/1.8/gems/actionpack-2.1.0/lib/action_controller/dispatcher.rb:104:in `dispatch'
    /usr/local/lib/ruby/gems/1.8/gems/actionpack-2.1.0/lib/action_controller/dispatcher.rb:120:in `dispatch_cgi'
    /usr/local/lib/ruby/gems/1.8/gems/actionpack-2.1.0/lib/action_controller/dispatcher.rb:35:in `dispatch'
    /usr/local/lib/ruby/gems/1.8/gems/mongrel-1.1.4/bin/../lib/mongrel/rails.rb:76:in `process'
    /usr/local/lib/ruby/gems/1.8/gems/mongrel-1.1.4/bin/../lib/mongrel/rails.rb:74:in `synchronize'
    /usr/local/lib/ruby/gems/1.8/gems/mongrel-1.1.4/bin/../lib/mongrel/rails.rb:74:in `process'
    /usr/local/lib/ruby/gems/1.8/gems/mongrel-1.1.4/lib/mongrel.rb:159:in `process_client'
    /usr/local/lib/ruby/gems/1.8/gems/mongrel-1.1.4/lib/mongrel.rb:158:in `each'
    /usr/local/lib/ruby/gems/1.8/gems/mongrel-1.1.4/lib/mongrel.rb:158:in `process_client'
    /usr/local/lib/ruby/gems/1.8/gems/mongrel-1.1.4/lib/mongrel.rb:285:in `run'
    /usr/local/lib/ruby/gems/1.8/gems/mongrel-1.1.4/lib/mongrel.rb:285:in `initialize'
    /usr/local/lib/ruby/gems/1.8/gems/mongrel-1.1.4/lib/mongrel.rb:285:in `new'
    /usr/local/lib/ruby/gems/1.8/gems/mongrel-1.1.4/lib/mongrel.rb:285:in `run'
    /usr/local/lib/ruby/gems/1.8/gems/mongrel-1.1.4/lib/mongrel.rb:268:in `initialize'
    /usr/local/lib/ruby/gems/1.8/gems/mongrel-1.1.4/lib/mongrel.rb:268:in `new'
    /usr/local/lib/ruby/gems/1.8/gems/mongrel-1.1.4/lib/mongrel.rb:268:in `run'
    /usr/local/lib/ruby/gems/1.8/gems/mongrel-1.1.4/lib/mongrel/configurator.rb:282:in `run'
    /usr/local/lib/ruby/gems/1.8/gems/mongrel-1.1.4/lib/mongrel/configurator.rb:281:in `each'
    /usr/local/lib/ruby/gems/1.8/gems/mongrel-1.1.4/lib/mongrel/configurator.rb:281:in `run'
    /usr/local/lib/ruby/gems/1.8/gems/mongrel-1.1.4/bin/mongrel_rails:128:in `run'
    /usr/local/lib/ruby/gems/1.8/gems/mongrel-1.1.4/lib/mongrel/command.rb:212:in `run'
    /usr/local/lib/ruby/gems/1.8/gems/mongrel-1.1.4/bin/mongrel_rails:281
    /usr/local/lib/ruby/gems/1.8/gems/activesupport-2.1.0/lib/active_support/dependencies.rb:502:in `load'
    /usr/local/lib/ruby/gems/1.8/gems/activesupport-2.1.0/lib/active_support/dependencies.rb:502:in `load'
    /usr/local/lib/ruby/gems/1.8/gems/activesupport-2.1.0/lib/active_support/dependencies.rb:354:in `new_constants_in'
    /usr/local/lib/ruby/gems/1.8/gems/activesupport-2.1.0/lib/active_support/dependencies.rb:502:in `load'
    /usr/local/lib/ruby/gems/1.8/gems/rails-2.1.0/lib/commands/servers/mongrel.rb:64
    /usr/local/lib/ruby/site_ruby/1.8/rubygems/custom_require.rb:27:in `gem_original_require'
    /usr/local/lib/ruby/site_ruby/1.8/rubygems/custom_require.rb:27:in `require'
    /usr/local/lib/ruby/gems/1.8/gems/activesupport-2.1.0/lib/active_support/dependencies.rb:509:in `require'
    /usr/local/lib/ruby/gems/1.8/gems/activesupport-2.1.0/lib/active_support/dependencies.rb:354:in `new_constants_in'
    /usr/local/lib/ruby/gems/1.8/gems/activesupport-2.1.0/lib/active_support/dependencies.rb:509:in `require'
    /usr/local/lib/ruby/gems/1.8/gems/rails-2.1.0/lib/commands/server.rb:39
    /usr/local/lib/ruby/site_ruby/1.8/rubygems/custom_require.rb:27:in `gem_original_require'
    /usr/local/lib/ruby/site_ruby/1.8/rubygems/custom_require.rb:27:in `require'
    ./script/server:3

Rendering /usr/local/lib/ruby/gems/1.8/gems/actionpack-2.1.0/lib/action_controller/templates/rescues/layout.erb (internal_server_error)


Processing TasksController#index (for 127.0.0.1 at 2008-06-08 18:59:42) [GET]
  Session ID: BAh7BiIKZmxhc2hJQzonQWN0aW9uQ29udHJvbGxlcjo6Rmxhc2g6OkZsYXNo
SGFzaHsGOgtub3RpY2UiJkNvbnRhY3Qgd2FzIHN1Y2Nlc3NmdWxseSBjcmVh
dGVkLgY6CkB1c2VkewY7BlQ=--836823795d1abda486527d39751f1763db190e3f
  Parameters: {"format"=>"fxml", "action"=>"index", "controller"=>"tasks"}


CGI::Session::CookieStore::TamperedWithCookie (CGI::Session::CookieStore::TamperedWithCookie):
    /usr/local/lib/ruby/gems/1.8/gems/actionpack-2.1.0/lib/action_controller/session/cookie_store.rb:144:in `unmarshal'
    /usr/local/lib/ruby/gems/1.8/gems/actionpack-2.1.0/lib/action_controller/session/cookie_store.rb:101:in `restore'
    /usr/local/lib/ruby/1.8/cgi/session.rb:304:in `[]'
    /usr/local/lib/ruby/gems/1.8/gems/actionpack-2.1.0/lib/action_controller/cgi_process.rb:136:in `session'
    /usr/local/lib/ruby/gems/1.8/gems/actionpack-2.1.0/lib/action_controller/cgi_process.rb:168:in `stale_session_check!'
    /usr/local/lib/ruby/gems/1.8/gems/actionpack-2.1.0/lib/action_controller/cgi_process.rb:116:in `session'
    /usr/local/lib/ruby/gems/1.8/gems/actionpack-2.1.0/lib/action_controller/base.rb:1135:in `assign_shortcuts_without_flash'
    /usr/local/lib/ruby/gems/1.8/gems/actionpack-2.1.0/lib/action_controller/flash.rb:166:in `assign_shortcuts'
    /usr/local/lib/ruby/gems/1.8/gems/actionpack-2.1.0/lib/action_controller/base.rb:523:in `process_without_filters'
    /usr/local/lib/ruby/gems/1.8/gems/actionpack-2.1.0/lib/action_controller/filters.rb:569:in `process_without_session_management_support'
    /usr/local/lib/ruby/gems/1.8/gems/actionpack-2.1.0/lib/action_controller/session_management.rb:130:in `process'
    /usr/local/lib/ruby/gems/1.8/gems/actionpack-2.1.0/lib/action_controller/base.rb:389:in `process'
    /usr/local/lib/ruby/gems/1.8/gems/actionpack-2.1.0/lib/action_controller/dispatcher.rb:149:in `handle_request'
    /usr/local/lib/ruby/gems/1.8/gems/actionpack-2.1.0/lib/action_controller/dispatcher.rb:107:in `dispatch'
    /usr/local/lib/ruby/gems/1.8/gems/actionpack-2.1.0/lib/action_controller/dispatcher.rb:104:in `synchronize'
    /usr/local/lib/ruby/gems/1.8/gems/actionpack-2.1.0/lib/action_controller/dispatcher.rb:104:in `dispatch'
    /usr/local/lib/ruby/gems/1.8/gems/actionpack-2.1.0/lib/action_controller/dispatcher.rb:120:in `dispatch_cgi'
    /usr/local/lib/ruby/gems/1.8/gems/actionpack-2.1.0/lib/action_controller/dispatcher.rb:35:in `dispatch'
    /usr/local/lib/ruby/gems/1.8/gems/mongrel-1.1.4/bin/../lib/mongrel/rails.rb:76:in `process'
    /usr/local/lib/ruby/gems/1.8/gems/mongrel-1.1.4/bin/../lib/mongrel/rails.rb:74:in `synchronize'
    /usr/local/lib/ruby/gems/1.8/gems/mongrel-1.1.4/bin/../lib/mongrel/rails.rb:74:in `process'
    /usr/local/lib/ruby/gems/1.8/gems/mongrel-1.1.4/lib/mongrel.rb:159:in `process_client'
    /usr/local/lib/ruby/gems/1.8/gems/mongrel-1.1.4/lib/mongrel.rb:158:in `each'
    /usr/local/lib/ruby/gems/1.8/gems/mongrel-1.1.4/lib/mongrel.rb:158:in `process_client'
    /usr/local/lib/ruby/gems/1.8/gems/mongrel-1.1.4/lib/mongrel.rb:285:in `run'
    /usr/local/lib/ruby/gems/1.8/gems/mongrel-1.1.4/lib/mongrel.rb:285:in `initialize'
    /usr/local/lib/ruby/gems/1.8/gems/mongrel-1.1.4/lib/mongrel.rb:285:in `new'
    /usr/local/lib/ruby/gems/1.8/gems/mongrel-1.1.4/lib/mongrel.rb:285:in `run'
    /usr/local/lib/ruby/gems/1.8/gems/mongrel-1.1.4/lib/mongrel.rb:268:in `initialize'
    /usr/local/lib/ruby/gems/1.8/gems/mongrel-1.1.4/lib/mongrel.rb:268:in `new'
    /usr/local/lib/ruby/gems/1.8/gems/mongrel-1.1.4/lib/mongrel.rb:268:in `run'
    /usr/local/lib/ruby/gems/1.8/gems/mongrel-1.1.4/lib/mongrel/configurator.rb:282:in `run'
    /usr/local/lib/ruby/gems/1.8/gems/mongrel-1.1.4/lib/mongrel/configurator.rb:281:in `each'
    /usr/local/lib/ruby/gems/1.8/gems/mongrel-1.1.4/lib/mongrel/configurator.rb:281:in `run'
    /usr/local/lib/ruby/gems/1.8/gems/mongrel-1.1.4/bin/mongrel_rails:128:in `run'
    /usr/local/lib/ruby/gems/1.8/gems/mongrel-1.1.4/lib/mongrel/command.rb:212:in `run'
    /usr/local/lib/ruby/gems/1.8/gems/mongrel-1.1.4/bin/mongrel_rails:281
    /usr/local/lib/ruby/gems/1.8/gems/activesupport-2.1.0/lib/active_support/dependencies.rb:502:in `load'
    /usr/local/lib/ruby/gems/1.8/gems/activesupport-2.1.0/lib/active_support/dependencies.rb:502:in `load'
    /usr/local/lib/ruby/gems/1.8/gems/activesupport-2.1.0/lib/active_support/dependencies.rb:354:in `new_constants_in'
    /usr/local/lib/ruby/gems/1.8/gems/activesupport-2.1.0/lib/active_support/dependencies.rb:502:in `load'
    /usr/local/lib/ruby/gems/1.8/gems/rails-2.1.0/lib/commands/servers/mongrel.rb:64
    /usr/local/lib/ruby/site_ruby/1.8/rubygems/custom_require.rb:27:in `gem_original_require'
    /usr/local/lib/ruby/site_ruby/1.8/rubygems/custom_require.rb:27:in `require'
    /usr/local/lib/ruby/gems/1.8/gems/activesupport-2.1.0/lib/active_support/dependencies.rb:509:in `require'
    /usr/local/lib/ruby/gems/1.8/gems/activesupport-2.1.0/lib/active_support/dependencies.rb:354:in `new_constants_in'
    /usr/local/lib/ruby/gems/1.8/gems/activesupport-2.1.0/lib/active_support/dependencies.rb:509:in `require'
    /usr/local/lib/ruby/gems/1.8/gems/rails-2.1.0/lib/commands/server.rb:39
    /usr/local/lib/ruby/site_ruby/1.8/rubygems/custom_require.rb:27:in `gem_original_require'
    /usr/local/lib/ruby/site_ruby/1.8/rubygems/custom_require.rb:27:in `require'
    ./script/server:3

Rendering /usr/local/lib/ruby/gems/1.8/gems/actionpack-2.1.0/lib/action_controller/templates/rescues/layout.erb (internal_server_error)
WARNING: You're using the Ruby-based MySQL library that ships with Rails. This library is not suited for production. Please install the C-based MySQL library instead (gem install mysql).
  [4;36;1mSQL (0.000210)[0m   [0;1mSET NAMES 'utf8'[0m
  [4;35;1mSQL (0.000189)[0m   [0mSET SQL_AUTO_IS_NULL=0[0m
  [4;36;1mSQL (0.062014)[0m   [0;1mDROP DATABASE IF EXISTS `contacts_development`[0m
  [4;35;1mSQL (0.000193)[0m   [0mSET NAMES 'utf8'[0m
  [4;36;1mSQL (0.000176)[0m   [0;1mSET SQL_AUTO_IS_NULL=0[0m
  [4;35;1mSQL (0.000413)[0m   [0mCREATE DATABASE `contacts_development` DEFAULT CHARACTER SET `utf8` COLLATE `utf8_general_ci`[0m
  [4;36;1mSQL (0.000192)[0m   [0;1mSET NAMES 'utf8'[0m
  [4;35;1mSQL (0.000174)[0m   [0mSET SQL_AUTO_IS_NULL=0[0m
  [4;36;1mSQL (0.000538)[0m   [0;1mSHOW TABLES[0m
  [4;35;1mSQL (0.001838)[0m   [0mCREATE TABLE `schema_migrations` (`version` varchar(255) NOT NULL) ENGINE=InnoDB[0m
  [4;36;1mSQL (0.007449)[0m   [0;1mCREATE UNIQUE INDEX `unique_schema_migrations` ON `schema_migrations` (`version`)[0m
  [4;35;1mSQL (0.001458)[0m   [0mSHOW TABLES[0m
  [4;36;1mSQL (0.000675)[0m   [0;1mSELECT version FROM schema_migrations[0m
  [4;35;1mSQL (0.000391)[0m   [0mSELECT version FROM schema_migrations[0m
  [4;36;1mSQL (0.000377)[0m   [0;1mSELECT version FROM schema_migrations[0m
  [4;35;1mSQL (0.000446)[0m   [0mSELECT version FROM schema_migrations[0m
  [4;36;1mSQL (0.000381)[0m   [0;1mSELECT version FROM schema_migrations[0m
  [4;35;1mSQL (0.000383)[0m   [0mSELECT version FROM schema_migrations[0m
  [4;36;1mSQL (0.000407)[0m   [0;1mSELECT version FROM schema_migrations[0m
Migrating to CreateMessages (20080609015732)
  [4;35;1mSQL (0.000384)[0m   [0mSELECT version FROM schema_migrations[0m
  [4;36;1mSQL (0.002691)[0m   [0;1mCREATE TABLE `messages` (`id` int(11) DEFAULT NULL auto_increment PRIMARY KEY, `content` text DEFAULT NULL NULL, `user_id` int(11) DEFAULT NULL NULL, `contact_id` int(11) DEFAULT NULL NULL, `channel_id` int(11) DEFAULT NULL NULL, `created_at` datetime DEFAULT NULL NULL, `updated_at` datetime DEFAULT NULL NULL) ENGINE=InnoDB[0m
  [4;35;1mSQL (0.001212)[0m   [0mINSERT INTO schema_migrations (version) VALUES ('20080609015732')[0m
Migrating to CreateCompanies (20080609015733)
  [4;36;1mSQL (0.000916)[0m   [0;1mSELECT version FROM schema_migrations[0m
  [4;35;1mSQL (0.002421)[0m   [0mCREATE TABLE `companies` (`id` int(11) DEFAULT NULL auto_increment PRIMARY KEY, `name` varchar(255) DEFAULT NULL NULL, `notes` text DEFAULT NULL NULL, `created_at` datetime DEFAULT NULL NULL, `updated_at` datetime DEFAULT NULL NULL) ENGINE=InnoDB[0m
  [4;36;1mSQL (0.001061)[0m   [0;1mINSERT INTO schema_migrations (version) VALUES ('20080609015733')[0m
Migrating to CreateUsers (20080609015735)
  [4;35;1mSQL (0.001139)[0m   [0mSELECT version FROM schema_migrations[0m
  [4;36;1mSQL (0.002868)[0m   [0;1mCREATE TABLE `users` (`id` int(11) DEFAULT NULL auto_increment PRIMARY KEY, `login` varchar(255) DEFAULT NULL NULL, `password` varchar(255) DEFAULT NULL NULL, `created_at` datetime DEFAULT NULL NULL, `updated_at` datetime DEFAULT NULL NULL) ENGINE=InnoDB[0m
  [4;35;1mSQL (0.001202)[0m   [0mINSERT INTO schema_migrations (version) VALUES ('20080609015735')[0m
Migrating to CreateContacts (20080609015736)
  [4;36;1mSQL (0.001125)[0m   [0;1mSELECT version FROM schema_migrations[0m
  [4;35;1mSQL (0.004781)[0m   [0mCREATE TABLE `contacts` (`id` int(11) DEFAULT NULL auto_increment PRIMARY KEY, `first_name` varchar(255) DEFAULT NULL NULL, `last_name` varchar(255) DEFAULT NULL NULL, `email` varchar(255) DEFAULT NULL NULL, `home_phone` varchar(255) DEFAULT NULL NULL, `mobile_phone` varchar(255) DEFAULT NULL NULL, `work_phone` varchar(255) DEFAULT NULL NULL, `skype` varchar(255) DEFAULT NULL NULL, `facebook` varchar(255) DEFAULT NULL NULL, `twitter` varchar(255) DEFAULT NULL NULL, `blog` varchar(255) DEFAULT NULL NULL, `notes` text DEFAULT NULL NULL, `user_id` int(11) DEFAULT NULL NULL, `company_id` int(11) DEFAULT NULL NULL, `created_at` datetime DEFAULT NULL NULL, `updated_at` datetime DEFAULT NULL NULL) ENGINE=InnoDB[0m
  [4;36;1mSQL (0.001115)[0m   [0;1mINSERT INTO schema_migrations (version) VALUES ('20080609015736')[0m
Migrating to CreateTasks (20080609015737)
  [4;35;1mSQL (0.001392)[0m   [0mSELECT version FROM schema_migrations[0m
  [4;36;1mSQL (0.002790)[0m   [0;1mCREATE TABLE `tasks` (`id` int(11) DEFAULT NULL auto_increment PRIMARY KEY, `name` varchar(255) DEFAULT NULL NULL, `notes` text DEFAULT NULL NULL, `due` date DEFAULT NULL NULL, `completed` tinyint(1) DEFAULT NULL NULL, `user_id` int(11) DEFAULT NULL NULL, `contact_id` int(11) DEFAULT NULL NULL, `created_at` datetime DEFAULT NULL NULL, `updated_at` datetime DEFAULT NULL NULL) ENGINE=InnoDB[0m
  [4;35;1mSQL (0.001488)[0m   [0mINSERT INTO schema_migrations (version) VALUES ('20080609015737')[0m
Migrating to CreateChannels (20080609015738)
  [4;36;1mSQL (0.001967)[0m   [0;1mSELECT version FROM schema_migrations[0m
  [4;35;1mSQL (0.003231)[0m   [0mCREATE TABLE `channels` (`id` int(11) DEFAULT NULL auto_increment PRIMARY KEY, `name` varchar(255) DEFAULT NULL NULL, `character_limit` int(11) DEFAULT NULL NULL, `created_at` datetime DEFAULT NULL NULL, `updated_at` datetime DEFAULT NULL NULL) ENGINE=InnoDB[0m
  [4;36;1mSQL (0.001040)[0m   [0;1mINSERT INTO schema_migrations (version) VALUES ('20080609015738')[0m
Migrating to CreateAddresses (20080609015739)
  [4;35;1mSQL (0.001580)[0m   [0mSELECT version FROM schema_migrations[0m
  [4;36;1mSQL (0.002840)[0m   [0;1mCREATE TABLE `addresses` (`id` int(11) DEFAULT NULL auto_increment PRIMARY KEY, `line_one` varchar(255) DEFAULT NULL NULL, `line_two` varchar(255) DEFAULT NULL NULL, `city` varchar(255) DEFAULT NULL NULL, `state` varchar(255) DEFAULT NULL NULL, `zip` varchar(255) DEFAULT NULL NULL, `country` varchar(255) DEFAULT NULL NULL, `contact_id` int(11) DEFAULT NULL NULL, `company_id` int(11) DEFAULT NULL NULL, `created_at` datetime DEFAULT NULL NULL, `updated_at` datetime DEFAULT NULL NULL) ENGINE=InnoDB[0m
  [4;35;1mSQL (0.001742)[0m   [0mINSERT INTO schema_migrations (version) VALUES ('20080609015739')[0m
  [4;36;1mSQL (0.000806)[0m   [0;1mSELECT version FROM schema_migrations[0m
  [4;35;1mSQL (0.000929)[0m   [0mSHOW TABLES[0m
  [4;36;1mSQL (0.006025)[0m   [0;1mSHOW FIELDS FROM `addresses`[0m
  [4;35;1mSQL (0.004230)[0m   [0mdescribe `addresses`[0m
  [4;36;1mSQL (0.001906)[0m   [0;1mSHOW KEYS FROM `addresses`[0m
  [4;35;1mSQL (0.002533)[0m   [0mSHOW FIELDS FROM `channels`[0m
  [4;36;1mSQL (0.002219)[0m   [0;1mdescribe `channels`[0m
  [4;35;1mSQL (0.001865)[0m   [0mSHOW KEYS FROM `channels`[0m
  [4;36;1mSQL (0.005007)[0m   [0;1mSHOW FIELDS FROM `companies`[0m
  [4;35;1mSQL (0.004158)[0m   [0mdescribe `companies`[0m
  [4;36;1mSQL (0.003406)[0m   [0;1mSHOW KEYS FROM `companies`[0m
  [4;35;1mSQL (0.007200)[0m   [0mSHOW FIELDS FROM `contacts`[0m
  [4;36;1mSQL (0.006482)[0m   [0;1mdescribe `contacts`[0m
  [4;35;1mSQL (0.001951)[0m   [0mSHOW KEYS FROM `contacts`[0m
  [4;36;1mSQL (0.004637)[0m   [0;1mSHOW FIELDS FROM `messages`[0m
  [4;35;1mSQL (0.005245)[0m   [0mdescribe `messages`[0m
  [4;36;1mSQL (0.003349)[0m   [0;1mSHOW KEYS FROM `messages`[0m
  [4;35;1mSQL (0.005085)[0m   [0mSHOW FIELDS FROM `tasks`[0m
  [4;36;1mSQL (0.005259)[0m   [0;1mdescribe `tasks`[0m
  [4;35;1mSQL (0.003339)[0m   [0mSHOW KEYS FROM `tasks`[0m
  [4;36;1mSQL (0.004152)[0m   [0;1mSHOW FIELDS FROM `users`[0m
  [4;35;1mSQL (0.004194)[0m   [0mdescribe `users`[0m
  [4;36;1mSQL (0.003344)[0m   [0;1mSHOW KEYS FROM `users`[0m
  [4;35;1mSQL (0.000241)[0m   [0mSET NAMES 'utf8'[0m
  [4;36;1mSQL (0.000183)[0m   [0;1mSET SQL_AUTO_IS_NULL=0[0m


Processing CompaniesController#index (for 127.0.0.1 at 2008-06-08 19:00:32) [GET]
  Session ID: BAh7BiIKZmxhc2hJQzonQWN0aW9uQ29udHJvbGxlcjo6Rmxhc2g6OkZsYXNo
SGFzaHsABjoKQHVzZWR7AA==--56e08fae8f6d15a12f4a0ef5a2e98e773e8f39f1
  Parameters: {"format"=>"fxml", "action"=>"index", "controller"=>"companies"}
WARNING: You're using the Ruby-based MySQL library that ships with Rails. This library is not suited for production. Please install the C-based MySQL library instead (gem install mysql).
  [4;36;1mSQL (0.000268)[0m   [0;1mSET NAMES 'utf8'[0m
  [4;35;1mSQL (0.000189)[0m   [0mSET SQL_AUTO_IS_NULL=0[0m
  [4;36;1mCompany Load (0.001373)[0m   [0;1mSELECT * FROM `companies` [0m
  [4;35;1mCompany Columns (0.002488)[0m   [0mSHOW FIELDS FROM `companies`[0m
Completed in 0.18549 (5 reqs/sec) | Rendering: 0.16002 (86%) | DB: 0.00432 (2%) | 200 OK [http://localhost/companies.fxml]


Processing UsersController#index (for 127.0.0.1 at 2008-06-08 19:00:32) [GET]
  Session ID: BAh7BiIKZmxhc2hJQzonQWN0aW9uQ29udHJvbGxlcjo6Rmxhc2g6OkZsYXNo
SGFzaHsABjoKQHVzZWR7AA==--56e08fae8f6d15a12f4a0ef5a2e98e773e8f39f1
  Parameters: {"format"=>"fxml", "action"=>"index", "controller"=>"users"}
  [4;36;1mUser Load (0.001419)[0m   [0;1mSELECT * FROM `users` [0m
  [4;35;1mUser Columns (0.004502)[0m   [0mSHOW FIELDS FROM `users`[0m
Completed in 0.05224 (19 reqs/sec) | Rendering: 0.02123 (40%) | DB: 0.00592 (11%) | 200 OK [http://localhost/users.fxml]


Processing ContactsController#index (for 127.0.0.1 at 2008-06-08 19:00:33) [GET]
  Session ID: BAh7BiIKZmxhc2hJQzonQWN0aW9uQ29udHJvbGxlcjo6Rmxhc2g6OkZsYXNo
SGFzaHsABjoKQHVzZWR7AA==--56e08fae8f6d15a12f4a0ef5a2e98e773e8f39f1
  Parameters: {"format"=>"fxml", "action"=>"index", "controller"=>"contacts"}
  [4;36;1mContact Load (0.003339)[0m   [0;1mSELECT * FROM `contacts` [0m
  [4;35;1mContact Columns (0.003872)[0m   [0mSHOW FIELDS FROM `contacts`[0m
Completed in 0.09641 (10 reqs/sec) | Rendering: 0.04473 (46%) | DB: 0.00721 (7%) | 200 OK [http://localhost/contacts.fxml]


Processing AddressesController#index (for 127.0.0.1 at 2008-06-08 19:00:33) [GET]
  Session ID: BAh7BiIKZmxhc2hJQzonQWN0aW9uQ29udHJvbGxlcjo6Rmxhc2g6OkZsYXNo
SGFzaHsABjoKQHVzZWR7AA==--56e08fae8f6d15a12f4a0ef5a2e98e773e8f39f1
  Parameters: {"format"=>"fxml", "action"=>"index", "controller"=>"addresses"}
  [4;36;1mAddress Load (0.002333)[0m   [0;1mSELECT * FROM `addresses` [0m
  [4;35;1mAddress Columns (0.003646)[0m   [0mSHOW FIELDS FROM `addresses`[0m
Completed in 0.06948 (14 reqs/sec) | Rendering: 0.03780 (54%) | DB: 0.00598 (8%) | 200 OK [http://localhost/addresses.fxml]


Processing ChannelsController#index (for 127.0.0.1 at 2008-06-08 19:00:33) [GET]
  Session ID: BAh7BiIKZmxhc2hJQzonQWN0aW9uQ29udHJvbGxlcjo6Rmxhc2g6OkZsYXNo
SGFzaHsABjoKQHVzZWR7AA==--56e08fae8f6d15a12f4a0ef5a2e98e773e8f39f1
  Parameters: {"format"=>"fxml", "action"=>"index", "controller"=>"channels"}
  [4;36;1mChannel Load (0.001418)[0m   [0;1mSELECT * FROM `channels` [0m
  [4;35;1mChannel Columns (0.004341)[0m   [0mSHOW FIELDS FROM `channels`[0m
Completed in 0.04546 (21 reqs/sec) | Rendering: 0.01798 (39%) | DB: 0.00576 (12%) | 200 OK [http://localhost/channels.fxml]


Processing MessagesController#index (for 127.0.0.1 at 2008-06-08 19:00:33) [GET]
  Session ID: BAh7BiIKZmxhc2hJQzonQWN0aW9uQ29udHJvbGxlcjo6Rmxhc2g6OkZsYXNo
SGFzaHsABjoKQHVzZWR7AA==--56e08fae8f6d15a12f4a0ef5a2e98e773e8f39f1
  Parameters: {"format"=>"fxml", "action"=>"index", "controller"=>"messages"}
  [4;36;1mMessage Load (0.001698)[0m   [0;1mSELECT * FROM `messages` [0m
  [4;35;1mMessage Columns (0.002954)[0m   [0mSHOW FIELDS FROM `messages`[0m
Completed in 0.05083 (19 reqs/sec) | Rendering: 0.02266 (44%) | DB: 0.00465 (9%) | 200 OK [http://localhost/messages.fxml]


Processing TasksController#index (for 127.0.0.1 at 2008-06-08 19:00:33) [GET]
  Session ID: BAh7BiIKZmxhc2hJQzonQWN0aW9uQ29udHJvbGxlcjo6Rmxhc2g6OkZsYXNo
SGFzaHsABjoKQHVzZWR7AA==--56e08fae8f6d15a12f4a0ef5a2e98e773e8f39f1
  Parameters: {"format"=>"fxml", "action"=>"index", "controller"=>"tasks"}
  [4;36;1mTask Load (0.002199)[0m   [0;1mSELECT * FROM `tasks` [0m
  [4;35;1mTask Columns (0.003113)[0m   [0mSHOW FIELDS FROM `tasks`[0m
Completed in 0.06661 (15 reqs/sec) | Rendering: 0.03562 (53%) | DB: 0.00531 (7%) | 200 OK [http://localhost/tasks.fxml]


Processing CompaniesController#index (for 127.0.0.1 at 2008-06-08 20:07:27) [GET]
  Session ID: BAh7BiIKZmxhc2hJQzonQWN0aW9uQ29udHJvbGxlcjo6Rmxhc2g6OkZsYXNo
SGFzaHsABjoKQHVzZWR7AA==--56e08fae8f6d15a12f4a0ef5a2e98e773e8f39f1
  Parameters: {"format"=>"fxml", "action"=>"index", "controller"=>"companies"}
WARNING: You're using the Ruby-based MySQL library that ships with Rails. This library is not suited for production. Please install the C-based MySQL library instead (gem install mysql).
  [4;36;1mSQL (0.000215)[0m   [0;1mSET NAMES 'utf8'[0m
  [4;35;1mSQL (0.000187)[0m   [0mSET SQL_AUTO_IS_NULL=0[0m
  [4;36;1mCompany Load (0.001954)[0m   [0;1mSELECT * FROM `companies` [0m
  [4;35;1mCompany Columns (0.002722)[0m   [0mSHOW FIELDS FROM `companies`[0m
Completed in 0.19231 (5 reqs/sec) | Rendering: 0.16394 (85%) | DB: 0.00508 (2%) | 200 OK [http://localhost/companies.fxml]


Processing UsersController#index (for 127.0.0.1 at 2008-06-08 20:07:27) [GET]
  Session ID: BAh7BiIKZmxhc2hJQzonQWN0aW9uQ29udHJvbGxlcjo6Rmxhc2g6OkZsYXNo
SGFzaHsABjoKQHVzZWR7AA==--56e08fae8f6d15a12f4a0ef5a2e98e773e8f39f1
  Parameters: {"format"=>"fxml", "action"=>"index", "controller"=>"users"}
  [4;36;1mUser Load (0.001434)[0m   [0;1mSELECT * FROM `users` [0m
  [4;35;1mUser Columns (0.004744)[0m   [0mSHOW FIELDS FROM `users`[0m
Completed in 0.05490 (18 reqs/sec) | Rendering: 0.02198 (40%) | DB: 0.00618 (11%) | 200 OK [http://localhost/users.fxml]


Processing ContactsController#index (for 127.0.0.1 at 2008-06-08 20:07:28) [GET]
  Session ID: BAh7BiIKZmxhc2hJQzonQWN0aW9uQ29udHJvbGxlcjo6Rmxhc2g6OkZsYXNo
SGFzaHsABjoKQHVzZWR7AA==--56e08fae8f6d15a12f4a0ef5a2e98e773e8f39f1
  Parameters: {"format"=>"fxml", "action"=>"index", "controller"=>"contacts"}
  [4;36;1mContact Load (0.003195)[0m   [0;1mSELECT * FROM `contacts` [0m
  [4;35;1mContact Columns (0.003830)[0m   [0mSHOW FIELDS FROM `contacts`[0m
Completed in 0.07579 (13 reqs/sec) | Rendering: 0.04523 (59%) | DB: 0.00703 (9%) | 200 OK [http://localhost/contacts.fxml]


Processing AddressesController#index (for 127.0.0.1 at 2008-06-08 20:07:28) [GET]
  Session ID: BAh7BiIKZmxhc2hJQzonQWN0aW9uQ29udHJvbGxlcjo6Rmxhc2g6OkZsYXNo
SGFzaHsABjoKQHVzZWR7AA==--56e08fae8f6d15a12f4a0ef5a2e98e773e8f39f1
  Parameters: {"format"=>"fxml", "action"=>"index", "controller"=>"addresses"}
  [4;36;1mAddress Load (0.002476)[0m   [0;1mSELECT * FROM `addresses` [0m
  [4;35;1mAddress Columns (0.003374)[0m   [0mSHOW FIELDS FROM `addresses`[0m
Completed in 0.05749 (17 reqs/sec) | Rendering: 0.03127 (54%) | DB: 0.00585 (10%) | 200 OK [http://localhost/addresses.fxml]


Processing ChannelsController#index (for 127.0.0.1 at 2008-06-08 20:07:28) [GET]
  Session ID: BAh7BiIKZmxhc2hJQzonQWN0aW9uQ29udHJvbGxlcjo6Rmxhc2g6OkZsYXNo
SGFzaHsABjoKQHVzZWR7AA==--56e08fae8f6d15a12f4a0ef5a2e98e773e8f39f1
  Parameters: {"format"=>"fxml", "action"=>"index", "controller"=>"channels"}
  [4;36;1mChannel Load (0.001439)[0m   [0;1mSELECT * FROM `channels` [0m
  [4;35;1mChannel Columns (0.002456)[0m   [0mSHOW FIELDS FROM `channels`[0m
Completed in 0.04259 (23 reqs/sec) | Rendering: 0.01755 (41%) | DB: 0.00390 (9%) | 200 OK [http://localhost/channels.fxml]


Processing MessagesController#index (for 127.0.0.1 at 2008-06-08 20:07:28) [GET]
  Session ID: BAh7BiIKZmxhc2hJQzonQWN0aW9uQ29udHJvbGxlcjo6Rmxhc2g6OkZsYXNo
SGFzaHsABjoKQHVzZWR7AA==--56e08fae8f6d15a12f4a0ef5a2e98e773e8f39f1
  Parameters: {"format"=>"fxml", "action"=>"index", "controller"=>"messages"}
  [4;36;1mMessage Load (0.001832)[0m   [0;1mSELECT * FROM `messages` [0m
  [4;35;1mMessage Columns (0.002961)[0m   [0mSHOW FIELDS FROM `messages`[0m
Completed in 0.06490 (15 reqs/sec) | Rendering: 0.03889 (59%) | DB: 0.00479 (7%) | 200 OK [http://localhost/messages.fxml]


Processing TasksController#index (for 127.0.0.1 at 2008-06-08 20:07:28) [GET]
  Session ID: BAh7BiIKZmxhc2hJQzonQWN0aW9uQ29udHJvbGxlcjo6Rmxhc2g6OkZsYXNo
SGFzaHsABjoKQHVzZWR7AA==--56e08fae8f6d15a12f4a0ef5a2e98e773e8f39f1
  Parameters: {"format"=>"fxml", "action"=>"index", "controller"=>"tasks"}
  [4;36;1mTask Load (0.002057)[0m   [0;1mSELECT * FROM `tasks` [0m
  [4;35;1mTask Columns (0.005760)[0m   [0mSHOW FIELDS FROM `tasks`[0m
Completed in 0.06082 (16 reqs/sec) | Rendering: 0.03287 (54%) | DB: 0.00782 (12%) | 200 OK [http://localhost/tasks.fxml]
WARNING: You're using the Ruby-based MySQL library that ships with Rails. This library is not suited for production. Please install the C-based MySQL library instead (gem install mysql).
  [4;36;1mSQL (0.026400)[0m   [0;1mSET NAMES 'utf8'[0m
  [4;35;1mSQL (0.000496)[0m   [0mSET SQL_AUTO_IS_NULL=0[0m
  [4;36;1mSQL (0.129058)[0m   [0;1mDROP DATABASE IF EXISTS `contacts_development`[0m
  [4;35;1mSQL (0.000203)[0m   [0mSET NAMES 'utf8'[0m
  [4;36;1mSQL (0.000186)[0m   [0;1mSET SQL_AUTO_IS_NULL=0[0m
  [4;35;1mSQL (0.000426)[0m   [0mCREATE DATABASE `contacts_development` DEFAULT CHARACTER SET `utf8` COLLATE `utf8_general_ci`[0m
  [4;36;1mSQL (0.000176)[0m   [0;1mSET NAMES 'utf8'[0m
  [4;35;1mSQL (0.000169)[0m   [0mSET SQL_AUTO_IS_NULL=0[0m
  [4;36;1mSQL (0.000670)[0m   [0;1mSHOW TABLES[0m
  [4;35;1mSQL (0.021554)[0m   [0mCREATE TABLE `schema_migrations` (`version` varchar(255) NOT NULL) ENGINE=InnoDB[0m
  [4;36;1mSQL (0.007428)[0m   [0;1mCREATE UNIQUE INDEX `unique_schema_migrations` ON `schema_migrations` (`version`)[0m
  [4;35;1mSQL (0.001604)[0m   [0mSHOW TABLES[0m
  [4;36;1mSQL (0.000641)[0m   [0;1mSELECT version FROM schema_migrations[0m
  [4;35;1mSQL (0.000387)[0m   [0mSELECT version FROM schema_migrations[0m
  [4;36;1mSQL (0.000389)[0m   [0;1mSELECT version FROM schema_migrations[0m
  [4;35;1mSQL (0.000384)[0m   [0mSELECT version FROM schema_migrations[0m
  [4;36;1mSQL (0.000387)[0m   [0;1mSELECT version FROM schema_migrations[0m
  [4;35;1mSQL (0.000384)[0m   [0mSELECT version FROM schema_migrations[0m
  [4;36;1mSQL (0.000384)[0m   [0;1mSELECT version FROM schema_migrations[0m
Migrating to CreateMessages (20080609015732)
  [4;35;1mSQL (0.000384)[0m   [0mSELECT version FROM schema_migrations[0m
  [4;36;1mSQL (0.002026)[0m   [0;1mCREATE TABLE `messages` (`id` int(11) DEFAULT NULL auto_increment PRIMARY KEY, `content` text DEFAULT NULL NULL, `user_id` int(11) DEFAULT NULL NULL, `contact_id` int(11) DEFAULT NULL NULL, `channel_id` int(11) DEFAULT NULL NULL, `created_at` datetime DEFAULT NULL NULL, `updated_at` datetime DEFAULT NULL NULL) ENGINE=InnoDB[0m
  [4;35;1mSQL (0.001227)[0m   [0mINSERT INTO schema_migrations (version) VALUES ('20080609015732')[0m
Migrating to CreateCompanies (20080609015733)
  [4;36;1mSQL (0.001000)[0m   [0;1mSELECT version FROM schema_migrations[0m
  [4;35;1mSQL (0.002488)[0m   [0mCREATE TABLE `companies` (`id` int(11) DEFAULT NULL auto_increment PRIMARY KEY, `name` varchar(255) DEFAULT NULL NULL, `notes` text DEFAULT NULL NULL, `created_at` datetime DEFAULT NULL NULL, `updated_at` datetime DEFAULT NULL NULL) ENGINE=InnoDB[0m
  [4;36;1mSQL (0.001125)[0m   [0;1mINSERT INTO schema_migrations (version) VALUES ('20080609015733')[0m
Migrating to CreateUsers (20080609015735)
  [4;35;1mSQL (0.001101)[0m   [0mSELECT version FROM schema_migrations[0m
  [4;36;1mSQL (0.002971)[0m   [0;1mCREATE TABLE `users` (`id` int(11) DEFAULT NULL auto_increment PRIMARY KEY, `login` varchar(255) DEFAULT NULL NULL, `password` varchar(255) DEFAULT NULL NULL, `created_at` datetime DEFAULT NULL NULL, `updated_at` datetime DEFAULT NULL NULL) ENGINE=InnoDB[0m
  [4;35;1mSQL (0.001186)[0m   [0mINSERT INTO schema_migrations (version) VALUES ('20080609015735')[0m
Migrating to CreateContacts (20080609015736)
  [4;36;1mSQL (0.001245)[0m   [0;1mSELECT version FROM schema_migrations[0m
  [4;35;1mSQL (0.002082)[0m   [0mCREATE TABLE `contacts` (`id` int(11) DEFAULT NULL auto_increment PRIMARY KEY, `first_name` varchar(255) DEFAULT NULL NULL, `last_name` varchar(255) DEFAULT NULL NULL, `email` varchar(255) DEFAULT NULL NULL, `home_phone` varchar(255) DEFAULT NULL NULL, `mobile_phone` varchar(255) DEFAULT NULL NULL, `work_phone` varchar(255) DEFAULT NULL NULL, `skype` varchar(255) DEFAULT NULL NULL, `facebook` varchar(255) DEFAULT NULL NULL, `twitter` varchar(255) DEFAULT NULL NULL, `blog` varchar(255) DEFAULT NULL NULL, `notes` text DEFAULT NULL NULL, `user_id` int(11) DEFAULT NULL NULL, `company_id` int(11) DEFAULT NULL NULL, `created_at` datetime DEFAULT NULL NULL, `updated_at` datetime DEFAULT NULL NULL) ENGINE=InnoDB[0m
  [4;36;1mSQL (0.000580)[0m   [0;1mINSERT INTO schema_migrations (version) VALUES ('20080609015736')[0m
Migrating to CreateTasks (20080609015737)
  [4;35;1mSQL (0.001474)[0m   [0mSELECT version FROM schema_migrations[0m
  [4;36;1mSQL (0.001892)[0m   [0;1mCREATE TABLE `tasks` (`id` int(11) DEFAULT NULL auto_increment PRIMARY KEY, `name` varchar(255) DEFAULT NULL NULL, `notes` text DEFAULT NULL NULL, `due` date DEFAULT NULL NULL, `completed` tinyint(1) DEFAULT NULL NULL, `user_id` int(11) DEFAULT NULL NULL, `contact_id` int(11) DEFAULT NULL NULL, `created_at` datetime DEFAULT NULL NULL, `updated_at` datetime DEFAULT NULL NULL) ENGINE=InnoDB[0m
  [4;35;1mSQL (0.001744)[0m   [0mINSERT INTO schema_migrations (version) VALUES ('20080609015737')[0m
Migrating to CreateChannels (20080609015738)
  [4;36;1mSQL (0.001371)[0m   [0;1mSELECT version FROM schema_migrations[0m
  [4;35;1mSQL (0.002574)[0m   [0mCREATE TABLE `channels` (`id` int(11) DEFAULT NULL auto_increment PRIMARY KEY, `name` varchar(255) DEFAULT NULL NULL, `character_limit` int(11) DEFAULT NULL NULL, `created_at` datetime DEFAULT NULL NULL, `updated_at` datetime DEFAULT NULL NULL) ENGINE=InnoDB[0m
  [4;36;1mSQL (0.001102)[0m   [0;1mINSERT INTO schema_migrations (version) VALUES ('20080609015738')[0m
Migrating to CreateAddresses (20080609015739)
  [4;35;1mSQL (0.001426)[0m   [0mSELECT version FROM schema_migrations[0m
  [4;36;1mSQL (0.002515)[0m   [0;1mCREATE TABLE `addresses` (`id` int(11) DEFAULT NULL auto_increment PRIMARY KEY, `line_one` varchar(255) DEFAULT NULL NULL, `line_two` varchar(255) DEFAULT NULL NULL, `city` varchar(255) DEFAULT NULL NULL, `state` varchar(255) DEFAULT NULL NULL, `zip` varchar(255) DEFAULT NULL NULL, `country` varchar(255) DEFAULT NULL NULL, `contact_id` int(11) DEFAULT NULL NULL, `company_id` int(11) DEFAULT NULL NULL, `created_at` datetime DEFAULT NULL NULL, `updated_at` datetime DEFAULT NULL NULL) ENGINE=InnoDB[0m
  [4;35;1mSQL (0.001145)[0m   [0mINSERT INTO schema_migrations (version) VALUES ('20080609015739')[0m
  [4;36;1mSQL (0.000947)[0m   [0;1mSELECT version FROM schema_migrations[0m
  [4;35;1mSQL (0.000859)[0m   [0mSHOW TABLES[0m
  [4;36;1mSQL (0.005872)[0m   [0;1mSHOW FIELDS FROM `addresses`[0m
  [4;35;1mSQL (0.004572)[0m   [0mdescribe `addresses`[0m
  [4;36;1mSQL (0.002430)[0m   [0;1mSHOW KEYS FROM `addresses`[0m
  [4;35;1mSQL (0.004056)[0m   [0mSHOW FIELDS FROM `channels`[0m
  [4;36;1mSQL (0.003853)[0m   [0;1mdescribe `channels`[0m
  [4;35;1mSQL (0.003362)[0m   [0mSHOW KEYS FROM `channels`[0m
  [4;36;1mSQL (0.004830)[0m   [0;1mSHOW FIELDS FROM `companies`[0m
  [4;35;1mSQL (0.003935)[0m   [0mdescribe `companies`[0m
  [4;36;1mSQL (0.003417)[0m   [0;1mSHOW KEYS FROM `companies`[0m
  [4;35;1mSQL (0.006274)[0m   [0mSHOW FIELDS FROM `contacts`[0m
  [4;36;1mSQL (0.006138)[0m   [0;1mdescribe `contacts`[0m
  [4;35;1mSQL (0.003027)[0m   [0mSHOW KEYS FROM `contacts`[0m
  [4;36;1mSQL (0.005351)[0m   [0;1mSHOW FIELDS FROM `messages`[0m
  [4;35;1mSQL (0.005297)[0m   [0mdescribe `messages`[0m
  [4;36;1mSQL (0.003302)[0m   [0;1mSHOW KEYS FROM `messages`[0m
  [4;35;1mSQL (0.005003)[0m   [0mSHOW FIELDS FROM `tasks`[0m
  [4;36;1mSQL (0.004781)[0m   [0;1mdescribe `tasks`[0m
  [4;35;1mSQL (0.002978)[0m   [0mSHOW KEYS FROM `tasks`[0m
  [4;36;1mSQL (0.004692)[0m   [0;1mSHOW FIELDS FROM `users`[0m
  [4;35;1mSQL (0.004860)[0m   [0mdescribe `users`[0m
  [4;36;1mSQL (0.003313)[0m   [0;1mSHOW KEYS FROM `users`[0m
  [4;35;1mSQL (0.000211)[0m   [0mSET NAMES 'utf8'[0m
  [4;36;1mSQL (0.000186)[0m   [0;1mSET SQL_AUTO_IS_NULL=0[0m


Processing CompaniesController#index (for 127.0.0.1 at 2008-06-17 16:43:54) [GET]
  Session ID: 2e7ede3b5396aa42180269919ac23ed5
  Parameters: {"format"=>"fxml", "action"=>"index", "controller"=>"companies"}
WARNING: You're using the Ruby-based MySQL library that ships with Rails. This library is not suited for production. Please install the C-based MySQL library instead (gem install mysql).
  [4;36;1mSQL (0.032975)[0m   [0;1mSET NAMES 'utf8'[0m
  [4;35;1mSQL (0.000246)[0m   [0mSET SQL_AUTO_IS_NULL=0[0m
  [4;36;1mCompany Load (0.044125)[0m   [0;1mSELECT * FROM `companies` [0m
  [4;35;1mCompany Columns (0.002785)[0m   [0mSHOW FIELDS FROM `companies`[0m
Completed in 0.27987 (3 reqs/sec) | Rendering: 0.18534 (66%) | DB: 0.08013 (28%) | 200 OK [http://localhost/companies.fxml]


Processing UsersController#index (for 127.0.0.1 at 2008-06-17 16:43:55) [GET]
  Session ID: ee261f41a712add5285b7f055f300cc0
  Parameters: {"format"=>"fxml", "action"=>"index", "controller"=>"users"}
  [4;36;1mUser Load (0.003243)[0m   [0;1mSELECT * FROM `users` [0m
  [4;35;1mUser Columns (0.002392)[0m   [0mSHOW FIELDS FROM `users`[0m
Completed in 0.05079 (19 reqs/sec) | Rendering: 0.02062 (40%) | DB: 0.00564 (11%) | 200 OK [http://localhost/users.fxml]


Processing ContactsController#index (for 127.0.0.1 at 2008-06-17 16:43:55) [GET]
  Session ID: b134843d2bd8bc38d6635e1c93ab9cf4
  Parameters: {"format"=>"fxml", "action"=>"index", "controller"=>"contacts"}
  [4;36;1mContact Load (0.005182)[0m   [0;1mSELECT * FROM `contacts` [0m
  [4;35;1mContact Columns (0.005560)[0m   [0mSHOW FIELDS FROM `contacts`[0m
Completed in 0.07991 (12 reqs/sec) | Rendering: 0.04482 (56%) | DB: 0.01074 (13%) | 200 OK [http://localhost/contacts.fxml]


Processing AddressesController#index (for 127.0.0.1 at 2008-06-17 16:43:55) [GET]
  Session ID: 2235de25cbada39808047e6bbc39a168
  Parameters: {"format"=>"fxml", "action"=>"index", "controller"=>"addresses"}
  [4;36;1mAddress Load (0.010773)[0m   [0;1mSELECT * FROM `addresses` [0m
  [4;35;1mAddress Columns (0.003747)[0m   [0mSHOW FIELDS FROM `addresses`[0m
Completed in 0.06932 (14 reqs/sec) | Rendering: 0.03276 (47%) | DB: 0.01452 (20%) | 200 OK [http://localhost/addresses.fxml]


Processing ChannelsController#index (for 127.0.0.1 at 2008-06-17 16:43:56) [GET]
  Session ID: b14697613c5e1415fd03e647a386962e
  Parameters: {"format"=>"fxml", "action"=>"index", "controller"=>"channels"}
  [4;36;1mChannel Load (0.019933)[0m   [0;1mSELECT * FROM `channels` [0m
  [4;35;1mChannel Columns (0.004729)[0m   [0mSHOW FIELDS FROM `channels`[0m
Completed in 0.06835 (14 reqs/sec) | Rendering: 0.02080 (30%) | DB: 0.02466 (36%) | 200 OK [http://localhost/channels.fxml]


Processing MessagesController#index (for 127.0.0.1 at 2008-06-17 16:43:56) [GET]
  Session ID: 10cdc9d89eca3486f4cfa36ac23b0a57
  Parameters: {"format"=>"fxml", "action"=>"index", "controller"=>"messages"}
  [4;36;1mMessage Load (0.016902)[0m   [0;1mSELECT * FROM `messages` [0m
  [4;35;1mMessage Columns (0.004431)[0m   [0mSHOW FIELDS FROM `messages`[0m
Completed in 0.06961 (14 reqs/sec) | Rendering: 0.02220 (31%) | DB: 0.02133 (30%) | 200 OK [http://localhost/messages.fxml]


Processing TasksController#index (for 127.0.0.1 at 2008-06-17 16:43:56) [GET]
  Session ID: fb24cf607cb2bef027aa6b30dbc6a0c6
  Parameters: {"format"=>"fxml", "action"=>"index", "controller"=>"tasks"}
  [4;36;1mTask Load (0.024234)[0m   [0;1mSELECT * FROM `tasks` [0m
  [4;35;1mTask Columns (0.005640)[0m   [0mSHOW FIELDS FROM `tasks`[0m
Completed in 0.09031 (11 reqs/sec) | Rendering: 0.03360 (37%) | DB: 0.02987 (33%) | 200 OK [http://localhost/tasks.fxml]


Processing CompaniesController#index (for 127.0.0.1 at 2008-06-17 16:46:03) [GET]
  Session ID: BAh7BiIKZmxhc2hJQzonQWN0aW9uQ29udHJvbGxlcjo6Rmxhc2g6OkZsYXNo
SGFzaHsABjoKQHVzZWR7AA==--56e08fae8f6d15a12f4a0ef5a2e98e773e8f39f1
  Parameters: {"format"=>"fxml", "action"=>"index", "controller"=>"companies"}
  [4;36;1mCompany Load (0.001461)[0m   [0;1mSELECT * FROM `companies` [0m
  [4;35;1mCompany Columns (0.002618)[0m   [0mSHOW FIELDS FROM `companies`[0m
Completed in 0.04739 (21 reqs/sec) | Rendering: 0.02053 (43%) | DB: 0.00408 (8%) | 200 OK [http://localhost/companies.fxml]


Processing UsersController#index (for 127.0.0.1 at 2008-06-17 16:46:03) [GET]
  Session ID: BAh7BiIKZmxhc2hJQzonQWN0aW9uQ29udHJvbGxlcjo6Rmxhc2g6OkZsYXNo
SGFzaHsABjoKQHVzZWR7AA==--56e08fae8f6d15a12f4a0ef5a2e98e773e8f39f1
  Parameters: {"format"=>"fxml", "action"=>"index", "controller"=>"users"}
  [4;36;1mUser Load (0.001461)[0m   [0;1mSELECT * FROM `users` [0m
  [4;35;1mUser Columns (0.002487)[0m   [0mSHOW FIELDS FROM `users`[0m
Completed in 0.05751 (17 reqs/sec) | Rendering: 0.02184 (37%) | DB: 0.00395 (6%) | 200 OK [http://localhost/users.fxml]


Processing ContactsController#index (for 127.0.0.1 at 2008-06-17 16:46:04) [GET]
  Session ID: BAh7BiIKZmxhc2hJQzonQWN0aW9uQ29udHJvbGxlcjo6Rmxhc2g6OkZsYXNo
SGFzaHsABjoKQHVzZWR7AA==--56e08fae8f6d15a12f4a0ef5a2e98e773e8f39f1
  Parameters: {"format"=>"fxml", "action"=>"index", "controller"=>"contacts"}
  [4;36;1mContact Load (0.003111)[0m   [0;1mSELECT * FROM `contacts` [0m
  [4;35;1mContact Columns (0.004144)[0m   [0mSHOW FIELDS FROM `contacts`[0m
Completed in 0.07422 (13 reqs/sec) | Rendering: 0.04408 (59%) | DB: 0.00726 (9%) | 200 OK [http://localhost/contacts.fxml]


Processing AddressesController#index (for 127.0.0.1 at 2008-06-17 16:46:04) [GET]
  Session ID: BAh7BiIKZmxhc2hJQzonQWN0aW9uQ29udHJvbGxlcjo6Rmxhc2g6OkZsYXNo
SGFzaHsABjoKQHVzZWR7AA==--56e08fae8f6d15a12f4a0ef5a2e98e773e8f39f1
  Parameters: {"format"=>"fxml", "action"=>"index", "controller"=>"addresses"}
  [4;36;1mAddress Load (0.002425)[0m   [0;1mSELECT * FROM `addresses` [0m
  [4;35;1mAddress Columns (0.003480)[0m   [0mSHOW FIELDS FROM `addresses`[0m
Completed in 0.05695 (17 reqs/sec) | Rendering: 0.03083 (54%) | DB: 0.00590 (10%) | 200 OK [http://localhost/addresses.fxml]


Processing ChannelsController#index (for 127.0.0.1 at 2008-06-17 16:46:04) [GET]
  Session ID: BAh7BiIKZmxhc2hJQzonQWN0aW9uQ29udHJvbGxlcjo6Rmxhc2g6OkZsYXNo
SGFzaHsABjoKQHVzZWR7AA==--56e08fae8f6d15a12f4a0ef5a2e98e773e8f39f1
  Parameters: {"format"=>"fxml", "action"=>"index", "controller"=>"channels"}
  [4;36;1mChannel Load (0.001470)[0m   [0;1mSELECT * FROM `channels` [0m
  [4;35;1mChannel Columns (0.002565)[0m   [0mSHOW FIELDS FROM `channels`[0m
Completed in 0.04732 (21 reqs/sec) | Rendering: 0.02204 (46%) | DB: 0.00403 (8%) | 200 OK [http://localhost/channels.fxml]


Processing MessagesController#index (for 127.0.0.1 at 2008-06-17 16:46:04) [GET]
  Session ID: BAh7BiIKZmxhc2hJQzonQWN0aW9uQ29udHJvbGxlcjo6Rmxhc2g6OkZsYXNo
SGFzaHsABjoKQHVzZWR7AA==--56e08fae8f6d15a12f4a0ef5a2e98e773e8f39f1
  Parameters: {"format"=>"fxml", "action"=>"index", "controller"=>"messages"}
  [4;36;1mMessage Load (0.001684)[0m   [0;1mSELECT * FROM `messages` [0m
  [4;35;1mMessage Columns (0.002761)[0m   [0mSHOW FIELDS FROM `messages`[0m
Completed in 0.04635 (21 reqs/sec) | Rendering: 0.02164 (46%) | DB: 0.00445 (9%) | 200 OK [http://localhost/messages.fxml]


Processing TasksController#index (for 127.0.0.1 at 2008-06-17 16:46:04) [GET]
  Session ID: BAh7BiIKZmxhc2hJQzonQWN0aW9uQ29udHJvbGxlcjo6Rmxhc2g6OkZsYXNo
SGFzaHsABjoKQHVzZWR7AA==--56e08fae8f6d15a12f4a0ef5a2e98e773e8f39f1
  Parameters: {"format"=>"fxml", "action"=>"index", "controller"=>"tasks"}
  [4;36;1mTask Load (0.002091)[0m   [0;1mSELECT * FROM `tasks` [0m
  [4;35;1mTask Columns (0.003025)[0m   [0mSHOW FIELDS FROM `tasks`[0m
Completed in 0.05398 (18 reqs/sec) | Rendering: 0.02843 (52%) | DB: 0.00512 (9%) | 200 OK [http://localhost/tasks.fxml]


Processing CompaniesController#index (for 127.0.0.1 at 2008-06-17 16:51:09) [GET]
  Session ID: BAh7BiIKZmxhc2hJQzonQWN0aW9uQ29udHJvbGxlcjo6Rmxhc2g6OkZsYXNo
SGFzaHsABjoKQHVzZWR7AA==--56e08fae8f6d15a12f4a0ef5a2e98e773e8f39f1
  Parameters: {"format"=>"fxml", "action"=>"index", "controller"=>"companies"}
  [4;36;1mCompany Load (0.001433)[0m   [0;1mSELECT * FROM `companies` [0m
  [4;35;1mCompany Columns (0.002578)[0m   [0mSHOW FIELDS FROM `companies`[0m
Completed in 0.04440 (22 reqs/sec) | Rendering: 0.01856 (41%) | DB: 0.00401 (9%) | 200 OK [http://localhost/companies.fxml]


Processing UsersController#index (for 127.0.0.1 at 2008-06-17 16:51:09) [GET]
  Session ID: BAh7BiIKZmxhc2hJQzonQWN0aW9uQ29udHJvbGxlcjo6Rmxhc2g6OkZsYXNo
SGFzaHsABjoKQHVzZWR7AA==--56e08fae8f6d15a12f4a0ef5a2e98e773e8f39f1
  Parameters: {"format"=>"fxml", "action"=>"index", "controller"=>"users"}
  [4;36;1mUser Load (0.001366)[0m   [0;1mSELECT * FROM `users` [0m
  [4;35;1mUser Columns (0.004357)[0m   [0mSHOW FIELDS FROM `users`[0m
Completed in 0.05279 (18 reqs/sec) | Rendering: 0.02392 (45%) | DB: 0.00572 (10%) | 200 OK [http://localhost/users.fxml]


Processing ContactsController#index (for 127.0.0.1 at 2008-06-17 16:51:09) [GET]
  Session ID: BAh7BiIKZmxhc2hJQzonQWN0aW9uQ29udHJvbGxlcjo6Rmxhc2g6OkZsYXNo
SGFzaHsABjoKQHVzZWR7AA==--56e08fae8f6d15a12f4a0ef5a2e98e773e8f39f1
  Parameters: {"format"=>"fxml", "action"=>"index", "controller"=>"contacts"}
  [4;36;1mContact Load (0.003154)[0m   [0;1mSELECT * FROM `contacts` [0m
  [4;35;1mContact Columns (0.007388)[0m   [0mSHOW FIELDS FROM `contacts`[0m
Completed in 0.08197 (12 reqs/sec) | Rendering: 0.04868 (59%) | DB: 0.01054 (12%) | 200 OK [http://localhost/contacts.fxml]


Processing AddressesController#index (for 127.0.0.1 at 2008-06-17 16:51:10) [GET]
  Session ID: BAh7BiIKZmxhc2hJQzonQWN0aW9uQ29udHJvbGxlcjo6Rmxhc2g6OkZsYXNo
SGFzaHsABjoKQHVzZWR7AA==--56e08fae8f6d15a12f4a0ef5a2e98e773e8f39f1
  Parameters: {"format"=>"fxml", "action"=>"index", "controller"=>"addresses"}
  [4;36;1mAddress Load (0.002330)[0m   [0;1mSELECT * FROM `addresses` [0m
  [4;35;1mAddress Columns (0.004492)[0m   [0mSHOW FIELDS FROM `addresses`[0m
Completed in 0.06085 (16 reqs/sec) | Rendering: 0.03134 (51%) | DB: 0.00682 (11%) | 200 OK [http://localhost/addresses.fxml]


Processing ChannelsController#index (for 127.0.0.1 at 2008-06-17 16:51:10) [GET]
  Session ID: BAh7BiIKZmxhc2hJQzonQWN0aW9uQ29udHJvbGxlcjo6Rmxhc2g6OkZsYXNo
SGFzaHsABjoKQHVzZWR7AA==--56e08fae8f6d15a12f4a0ef5a2e98e773e8f39f1
  Parameters: {"format"=>"fxml", "action"=>"index", "controller"=>"channels"}
  [4;36;1mChannel Load (0.001384)[0m   [0;1mSELECT * FROM `channels` [0m
  [4;35;1mChannel Columns (0.008565)[0m   [0mSHOW FIELDS FROM `channels`[0m
Completed in 0.05132 (19 reqs/sec) | Rendering: 0.02098 (40%) | DB: 0.00995 (19%) | 200 OK [http://localhost/channels.fxml]


Processing MessagesController#index (for 127.0.0.1 at 2008-06-17 16:51:10) [GET]
  Session ID: BAh7BiIKZmxhc2hJQzonQWN0aW9uQ29udHJvbGxlcjo6Rmxhc2g6OkZsYXNo
SGFzaHsABjoKQHVzZWR7AA==--56e08fae8f6d15a12f4a0ef5a2e98e773e8f39f1
  Parameters: {"format"=>"fxml", "action"=>"index", "controller"=>"messages"}
  [4;36;1mMessage Load (0.001716)[0m   [0;1mSELECT * FROM `messages` [0m
  [4;35;1mMessage Columns (0.005135)[0m   [0mSHOW FIELDS FROM `messages`[0m
Completed in 0.13021 (7 reqs/sec) | Rendering: 0.02646 (20%) | DB: 0.00685 (5%) | 200 OK [http://localhost/messages.fxml]


Processing TasksController#index (for 127.0.0.1 at 2008-06-17 16:51:10) [GET]
  Session ID: BAh7BiIKZmxhc2hJQzonQWN0aW9uQ29udHJvbGxlcjo6Rmxhc2g6OkZsYXNo
SGFzaHsABjoKQHVzZWR7AA==--56e08fae8f6d15a12f4a0ef5a2e98e773e8f39f1
  Parameters: {"format"=>"fxml", "action"=>"index", "controller"=>"tasks"}
  [4;36;1mTask Load (0.002343)[0m   [0;1mSELECT * FROM `tasks` [0m
  [4;35;1mTask Columns (0.005748)[0m   [0mSHOW FIELDS FROM `tasks`[0m
Completed in 0.06698 (14 reqs/sec) | Rendering: 0.03490 (52%) | DB: 0.00809 (12%) | 200 OK [http://localhost/tasks.fxml]


Processing AddressesController#update (for 127.0.0.1 at 2008-06-17 16:51:36) [PUT]
  Session ID: BAh7BiIKZmxhc2hJQzonQWN0aW9uQ29udHJvbGxlcjo6Rmxhc2g6OkZsYXNo
SGFzaHsABjoKQHVzZWR7AA==--56e08fae8f6d15a12f4a0ef5a2e98e773e8f39f1
  Parameters: {"format"=>"fxml", "_method"=>"PUT", "action"=>"update", "id"=>"752900118", "controller"=>"addresses", "address"=>{"city"=>"maple ridge", "zip"=>"v2w 1x9", "line_two"=>"foo", "country"=>"canada", "contact_id"=>"183971770", "line_one"=>"24339 102 ave", "company_id"=>"103583443", "state"=>"bc"}}
  [4;36;1mAddress Columns (0.003467)[0m   [0;1mSHOW FIELDS FROM `addresses`[0m
  [4;35;1mAddress Load (0.001960)[0m   [0mSELECT * FROM `addresses` WHERE (`addresses`.`id` = 752900118) [0m
  [4;36;1mSQL (0.000198)[0m   [0;1mBEGIN[0m
  [4;35;1mAddress Update (0.000460)[0m   [0mUPDATE `addresses` SET `line_two` = 'foo', `zip` = 'v2w 1x9', `country` = 'canada', `city` = 'maple ridge', `contact_id` = 183971770, `company_id` = 103583443, `state` = 'bc', `line_one` = '24339 102 ave', `updated_at` = '2008-06-17 23:51:36' WHERE `id` = 752900118[0m
  [4;36;1mSQL (0.000899)[0m   [0;1mCOMMIT[0m
Completed in 0.04701 (21 reqs/sec) | Rendering: 0.00914 (19%) | DB: 0.00698 (14%) | 200 OK [http://localhost/addresses/752900118.fxml]


Processing CompaniesController#index (for 127.0.0.1 at 2008-06-17 16:51:40) [GET]
  Session ID: BAh7BiIKZmxhc2hJQzonQWN0aW9uQ29udHJvbGxlcjo6Rmxhc2g6OkZsYXNo
SGFzaHsGOgtub3RpY2UiJkFkZHJlc3Mgd2FzIHN1Y2Nlc3NmdWxseSB1cGRh
dGVkLgY6CkB1c2VkewY7BkY=--12657099d85dc6f5933af51febce2572a249dcec
  Parameters: {"format"=>"fxml", "action"=>"index", "controller"=>"companies"}
  [4;35;1mCompany Load (0.001445)[0m   [0mSELECT * FROM `companies` [0m
  [4;36;1mCompany Columns (0.002883)[0m   [0;1mSHOW FIELDS FROM `companies`[0m
Completed in 0.04591 (21 reqs/sec) | Rendering: 0.01948 (42%) | DB: 0.00433 (9%) | 200 OK [http://localhost/companies.fxml]


Processing UsersController#index (for 127.0.0.1 at 2008-06-17 16:51:40) [GET]
  Session ID: BAh7BiIKZmxhc2hJQzonQWN0aW9uQ29udHJvbGxlcjo6Rmxhc2g6OkZsYXNo
SGFzaHsGOgtub3RpY2UiJkFkZHJlc3Mgd2FzIHN1Y2Nlc3NmdWxseSB1cGRh
dGVkLgY6CkB1c2VkewY7BkY=--12657099d85dc6f5933af51febce2572a249dcec
  Parameters: {"format"=>"fxml", "action"=>"index", "controller"=>"users"}
  [4;35;1mUser Load (0.001417)[0m   [0mSELECT * FROM `users` [0m
  [4;36;1mUser Columns (0.002559)[0m   [0;1mSHOW FIELDS FROM `users`[0m
Completed in 0.12599 (7 reqs/sec) | Rendering: 0.01787 (14%) | DB: 0.00398 (3%) | 200 OK [http://localhost/users.fxml]


Processing ContactsController#index (for 127.0.0.1 at 2008-06-17 16:51:40) [GET]
  Session ID: BAh7BiIKZmxhc2hJQzonQWN0aW9uQ29udHJvbGxlcjo6Rmxhc2g6OkZsYXNo
SGFzaHsGOgtub3RpY2UiJkFkZHJlc3Mgd2FzIHN1Y2Nlc3NmdWxseSB1cGRh
dGVkLgY6CkB1c2VkewY7BkY=--12657099d85dc6f5933af51febce2572a249dcec
  Parameters: {"format"=>"fxml", "action"=>"index", "controller"=>"contacts"}
  [4;35;1mContact Load (0.003177)[0m   [0mSELECT * FROM `contacts` [0m
  [4;36;1mContact Columns (0.004030)[0m   [0;1mSHOW FIELDS FROM `contacts`[0m
Completed in 0.07626 (13 reqs/sec) | Rendering: 0.04381 (57%) | DB: 0.00721 (9%) | 200 OK [http://localhost/contacts.fxml]


Processing AddressesController#index (for 127.0.0.1 at 2008-06-17 16:51:40) [GET]
  Session ID: BAh7BiIKZmxhc2hJQzonQWN0aW9uQ29udHJvbGxlcjo6Rmxhc2g6OkZsYXNo
SGFzaHsGOgtub3RpY2UiJkFkZHJlc3Mgd2FzIHN1Y2Nlc3NmdWxseSB1cGRh
dGVkLgY6CkB1c2VkewY7BkY=--12657099d85dc6f5933af51febce2572a249dcec
  Parameters: {"format"=>"fxml", "action"=>"index", "controller"=>"addresses"}
  [4;35;1mAddress Load (0.002338)[0m   [0mSELECT * FROM `addresses` [0m
  [4;36;1mAddress Columns (0.003222)[0m   [0;1mSHOW FIELDS FROM `addresses`[0m
Completed in 0.05549 (18 reqs/sec) | Rendering: 0.02995 (53%) | DB: 0.00556 (10%) | 200 OK [http://localhost/addresses.fxml]


Processing ChannelsController#index (for 127.0.0.1 at 2008-06-17 16:51:40) [GET]
  Session ID: BAh7BiIKZmxhc2hJQzonQWN0aW9uQ29udHJvbGxlcjo6Rmxhc2g6OkZsYXNo
SGFzaHsGOgtub3RpY2UiJkFkZHJlc3Mgd2FzIHN1Y2Nlc3NmdWxseSB1cGRh
dGVkLgY6CkB1c2VkewY7BkY=--12657099d85dc6f5933af51febce2572a249dcec
  Parameters: {"format"=>"fxml", "action"=>"index", "controller"=>"channels"}
  [4;35;1mChannel Load (0.001414)[0m   [0mSELECT * FROM `channels` [0m
  [4;36;1mChannel Columns (0.002602)[0m   [0;1mSHOW FIELDS FROM `channels`[0m
Completed in 0.04152 (24 reqs/sec) | Rendering: 0.01673 (40%) | DB: 0.00402 (9%) | 200 OK [http://localhost/channels.fxml]


Processing MessagesController#index (for 127.0.0.1 at 2008-06-17 16:51:40) [GET]
  Session ID: BAh7BiIKZmxhc2hJQzonQWN0aW9uQ29udHJvbGxlcjo6Rmxhc2g6OkZsYXNo
SGFzaHsGOgtub3RpY2UiJkFkZHJlc3Mgd2FzIHN1Y2Nlc3NmdWxseSB1cGRh
dGVkLgY6CkB1c2VkewY7BkY=--12657099d85dc6f5933af51febce2572a249dcec
  Parameters: {"format"=>"fxml", "action"=>"index", "controller"=>"messages"}
  [4;35;1mMessage Load (0.001741)[0m   [0mSELECT * FROM `messages` [0m
  [4;36;1mMessage Columns (0.002810)[0m   [0;1mSHOW FIELDS FROM `messages`[0m
Completed in 0.04658 (21 reqs/sec) | Rendering: 0.02182 (46%) | DB: 0.00455 (9%) | 200 OK [http://localhost/messages.fxml]


Processing TasksController#index (for 127.0.0.1 at 2008-06-17 16:51:41) [GET]
  Session ID: BAh7BiIKZmxhc2hJQzonQWN0aW9uQ29udHJvbGxlcjo6Rmxhc2g6OkZsYXNo
SGFzaHsGOgtub3RpY2UiJkFkZHJlc3Mgd2FzIHN1Y2Nlc3NmdWxseSB1cGRh
dGVkLgY6CkB1c2VkewY7BkY=--12657099d85dc6f5933af51febce2572a249dcec
  Parameters: {"format"=>"fxml", "action"=>"index", "controller"=>"tasks"}
  [4;35;1mTask Load (0.002423)[0m   [0mSELECT * FROM `tasks` [0m
  [4;36;1mTask Columns (0.003028)[0m   [0;1mSHOW FIELDS FROM `tasks`[0m
Completed in 0.05456 (18 reqs/sec) | Rendering: 0.02812 (51%) | DB: 0.00545 (9%) | 200 OK [http://localhost/tasks.fxml]


Processing CompaniesController#index (for 127.0.0.1 at 2008-06-18 14:59:01) [GET]
  Session ID: BAh7BiIKZmxhc2hJQzonQWN0aW9uQ29udHJvbGxlcjo6Rmxhc2g6OkZsYXNo
SGFzaHsGOgtub3RpY2UiJkFkZHJlc3Mgd2FzIHN1Y2Nlc3NmdWxseSB1cGRh
dGVkLgY6CkB1c2VkewY7BlQ=--b91909bea4bd12b8b527a011cfbfeafe97ec74ea
  Parameters: {"format"=>"fxml", "action"=>"index", "controller"=>"companies"}
WARNING: You're using the Ruby-based MySQL library that ships with Rails. This library is not suited for production. Please install the C-based MySQL library instead (gem install mysql).
  [4;36;1mSQL (0.000216)[0m   [0;1mSET NAMES 'utf8'[0m
  [4;35;1mSQL (0.000192)[0m   [0mSET SQL_AUTO_IS_NULL=0[0m
  [4;36;1mCompany Load (0.002293)[0m   [0;1mSELECT * FROM `companies` [0m
  [4;35;1mCompany Columns (0.002912)[0m   [0mSHOW FIELDS FROM `companies`[0m
Completed in 0.22937 (4 reqs/sec) | Rendering: 0.18503 (80%) | DB: 0.00561 (2%) | 200 OK [http://localhost/companies.fxml]


Processing UsersController#index (for 127.0.0.1 at 2008-06-18 14:59:02) [GET]
  Session ID: BAh7BiIKZmxhc2hJQzonQWN0aW9uQ29udHJvbGxlcjo6Rmxhc2g6OkZsYXNo
SGFzaHsGOgtub3RpY2UiJkFkZHJlc3Mgd2FzIHN1Y2Nlc3NmdWxseSB1cGRh
dGVkLgY6CkB1c2VkewY7BlQ=--b91909bea4bd12b8b527a011cfbfeafe97ec74ea
  Parameters: {"format"=>"fxml", "action"=>"index", "controller"=>"users"}
  [4;36;1mUser Load (0.001538)[0m   [0;1mSELECT * FROM `users` [0m
  [4;35;1mUser Columns (0.002653)[0m   [0mSHOW FIELDS FROM `users`[0m
Completed in 0.05352 (18 reqs/sec) | Rendering: 0.01818 (33%) | DB: 0.00419 (7%) | 200 OK [http://localhost/users.fxml]


Processing ContactsController#index (for 127.0.0.1 at 2008-06-18 14:59:02) [GET]
  Session ID: BAh7BiIKZmxhc2hJQzonQWN0aW9uQ29udHJvbGxlcjo6Rmxhc2g6OkZsYXNo
SGFzaHsGOgtub3RpY2UiJkFkZHJlc3Mgd2FzIHN1Y2Nlc3NmdWxseSB1cGRh
dGVkLgY6CkB1c2VkewY7BlQ=--b91909bea4bd12b8b527a011cfbfeafe97ec74ea
  Parameters: {"format"=>"fxml", "action"=>"index", "controller"=>"contacts"}
  [4;36;1mContact Load (0.003676)[0m   [0;1mSELECT * FROM `contacts` [0m
  [4;35;1mContact Columns (0.003980)[0m   [0mSHOW FIELDS FROM `contacts`[0m
Completed in 0.07765 (12 reqs/sec) | Rendering: 0.04487 (57%) | DB: 0.00766 (9%) | 200 OK [http://localhost/contacts.fxml]


Processing AddressesController#index (for 127.0.0.1 at 2008-06-18 14:59:02) [GET]
  Session ID: BAh7BiIKZmxhc2hJQzonQWN0aW9uQ29udHJvbGxlcjo6Rmxhc2g6OkZsYXNo
SGFzaHsGOgtub3RpY2UiJkFkZHJlc3Mgd2FzIHN1Y2Nlc3NmdWxseSB1cGRh
dGVkLgY6CkB1c2VkewY7BlQ=--b91909bea4bd12b8b527a011cfbfeafe97ec74ea
  Parameters: {"format"=>"fxml", "action"=>"index", "controller"=>"addresses"}
  [4;36;1mAddress Load (0.004201)[0m   [0;1mSELECT * FROM `addresses` [0m
  [4;35;1mAddress Columns (0.003475)[0m   [0mSHOW FIELDS FROM `addresses`[0m
Completed in 0.07200 (13 reqs/sec) | Rendering: 0.03499 (48%) | DB: 0.00768 (10%) | 200 OK [http://localhost/addresses.fxml]


Processing ChannelsController#index (for 127.0.0.1 at 2008-06-18 14:59:02) [GET]
  Session ID: BAh7BiIKZmxhc2hJQzonQWN0aW9uQ29udHJvbGxlcjo6Rmxhc2g6OkZsYXNo
SGFzaHsGOgtub3RpY2UiJkFkZHJlc3Mgd2FzIHN1Y2Nlc3NmdWxseSB1cGRh
dGVkLgY6CkB1c2VkewY7BlQ=--b91909bea4bd12b8b527a011cfbfeafe97ec74ea
  Parameters: {"format"=>"fxml", "action"=>"index", "controller"=>"channels"}
  [4;36;1mChannel Load (0.001400)[0m   [0;1mSELECT * FROM `channels` [0m
  [4;35;1mChannel Columns (0.002484)[0m   [0mSHOW FIELDS FROM `channels`[0m
Completed in 0.04299 (23 reqs/sec) | Rendering: 0.01731 (40%) | DB: 0.00388 (9%) | 200 OK [http://localhost/channels.fxml]


Processing MessagesController#index (for 127.0.0.1 at 2008-06-18 14:59:03) [GET]
  Session ID: BAh7BiIKZmxhc2hJQzonQWN0aW9uQ29udHJvbGxlcjo6Rmxhc2g6OkZsYXNo
SGFzaHsGOgtub3RpY2UiJkFkZHJlc3Mgd2FzIHN1Y2Nlc3NmdWxseSB1cGRh
dGVkLgY6CkB1c2VkewY7BlQ=--b91909bea4bd12b8b527a011cfbfeafe97ec74ea
  Parameters: {"format"=>"fxml", "action"=>"index", "controller"=>"messages"}
  [4;36;1mMessage Load (0.002452)[0m   [0;1mSELECT * FROM `messages` [0m
  [4;35;1mMessage Columns (0.002914)[0m   [0mSHOW FIELDS FROM `messages`[0m
Completed in 0.04955 (20 reqs/sec) | Rendering: 0.02243 (45%) | DB: 0.00537 (10%) | 200 OK [http://localhost/messages.fxml]


Processing TasksController#index (for 127.0.0.1 at 2008-06-18 14:59:03) [GET]
  Session ID: BAh7BiIKZmxhc2hJQzonQWN0aW9uQ29udHJvbGxlcjo6Rmxhc2g6OkZsYXNo
SGFzaHsGOgtub3RpY2UiJkFkZHJlc3Mgd2FzIHN1Y2Nlc3NmdWxseSB1cGRh
dGVkLgY6CkB1c2VkewY7BlQ=--b91909bea4bd12b8b527a011cfbfeafe97ec74ea
  Parameters: {"format"=>"fxml", "action"=>"index", "controller"=>"tasks"}
  [4;36;1mTask Load (0.002341)[0m   [0;1mSELECT * FROM `tasks` [0m
  [4;35;1mTask Columns (0.018578)[0m   [0mSHOW FIELDS FROM `tasks`[0m
Completed in 0.07847 (12 reqs/sec) | Rendering: 0.03243 (41%) | DB: 0.02092 (26%) | 200 OK [http://localhost/tasks.fxml]
