WARNING: You're using the Ruby-based MySQL library that ships with Rails. This library is not suited for production. Please install the C-based MySQL library instead (gem install mysql).
  [4;36;1mSQL (0.000212)[0m   [0;1mSET NAMES 'utf8'[0m
  [4;35;1mSQL (0.000213)[0m   [0mSET SQL_AUTO_IS_NULL=0[0m
  [4;36;1mSQL (0.059303)[0m   [0;1mDROP DATABASE IF EXISTS `contacts_development`[0m
  [4;35;1mSQL (0.000208)[0m   [0mSET NAMES 'utf8'[0m
  [4;36;1mSQL (0.000178)[0m   [0;1mSET SQL_AUTO_IS_NULL=0[0m
  [4;35;1mSQL (0.000405)[0m   [0mCREATE DATABASE `contacts_development` DEFAULT CHARACTER SET `utf8` COLLATE `utf8_general_ci`[0m
  [4;36;1mSQL (0.000204)[0m   [0;1mSET NAMES 'utf8'[0m
  [4;35;1mSQL (0.000181)[0m   [0mSET SQL_AUTO_IS_NULL=0[0m
  [4;36;1mSQL (0.000547)[0m   [0;1mSHOW TABLES[0m
  [4;35;1mSQL (0.001686)[0m   [0mCREATE TABLE `schema_migrations` (`version` varchar(255) NOT NULL) ENGINE=InnoDB[0m
  [4;36;1mSQL (0.004238)[0m   [0;1mCREATE UNIQUE INDEX `unique_schema_migrations` ON `schema_migrations` (`version`)[0m
  [4;35;1mSQL (0.001364)[0m   [0mSHOW TABLES[0m
  [4;36;1mSQL (0.000651)[0m   [0;1mSELECT version FROM schema_migrations[0m
  [4;35;1mSQL (0.000396)[0m   [0mSELECT version FROM schema_migrations[0m
  [4;36;1mSQL (0.000390)[0m   [0;1mSELECT version FROM schema_migrations[0m
  [4;35;1mSQL (0.000389)[0m   [0mSELECT version FROM schema_migrations[0m
  [4;36;1mSQL (0.000383)[0m   [0;1mSELECT version FROM schema_migrations[0m
  [4;35;1mSQL (0.000359)[0m   [0mSELECT version FROM schema_migrations[0m
  [4;36;1mSQL (0.000382)[0m   [0;1mSELECT version FROM schema_migrations[0m
Migrating to CreateMessages (20080609015732)
  [4;35;1mSQL (0.000383)[0m   [0mSELECT version FROM schema_migrations[0m
  [4;36;1mSQL (0.002777)[0m   [0;1mCREATE TABLE `messages` (`id` int(11) DEFAULT NULL auto_increment PRIMARY KEY, `content` text DEFAULT NULL NULL, `user_id` int(11) DEFAULT NULL NULL, `contact_id` int(11) DEFAULT NULL NULL, `channel_id` int(11) DEFAULT NULL NULL, `created_at` datetime DEFAULT NULL NULL, `updated_at` datetime DEFAULT NULL NULL) ENGINE=InnoDB[0m
  [4;35;1mSQL (0.001129)[0m   [0mINSERT INTO schema_migrations (version) VALUES ('20080609015732')[0m
Migrating to CreateCompanies (20080609015733)
  [4;36;1mSQL (0.000855)[0m   [0;1mSELECT version FROM schema_migrations[0m
  [4;35;1mSQL (0.002615)[0m   [0mCREATE TABLE `companies` (`id` int(11) DEFAULT NULL auto_increment PRIMARY KEY, `name` varchar(255) DEFAULT NULL NULL, `notes` text DEFAULT NULL NULL, `created_at` datetime DEFAULT NULL NULL, `updated_at` datetime DEFAULT NULL NULL) ENGINE=InnoDB[0m
  [4;36;1mSQL (0.001024)[0m   [0;1mINSERT INTO schema_migrations (version) VALUES ('20080609015733')[0m
Migrating to CreateUsers (20080609015735)
  [4;35;1mSQL (0.000994)[0m   [0mSELECT version FROM schema_migrations[0m
  [4;36;1mSQL (0.002878)[0m   [0;1mCREATE TABLE `users` (`id` int(11) DEFAULT NULL auto_increment PRIMARY KEY, `login` varchar(255) DEFAULT NULL NULL, `password` varchar(255) DEFAULT NULL NULL, `created_at` datetime DEFAULT NULL NULL, `updated_at` datetime DEFAULT NULL NULL) ENGINE=InnoDB[0m
  [4;35;1mSQL (0.001010)[0m   [0mINSERT INTO schema_migrations (version) VALUES ('20080609015735')[0m
Migrating to CreateContacts (20080609015736)
  [4;36;1mSQL (0.001234)[0m   [0;1mSELECT version FROM schema_migrations[0m
  [4;35;1mSQL (0.004817)[0m   [0mCREATE TABLE `contacts` (`id` int(11) DEFAULT NULL auto_increment PRIMARY KEY, `first_name` varchar(255) DEFAULT NULL NULL, `last_name` varchar(255) DEFAULT NULL NULL, `email` varchar(255) DEFAULT NULL NULL, `home_phone` varchar(255) DEFAULT NULL NULL, `mobile_phone` varchar(255) DEFAULT NULL NULL, `work_phone` varchar(255) DEFAULT NULL NULL, `skype` varchar(255) DEFAULT NULL NULL, `facebook` varchar(255) DEFAULT NULL NULL, `twitter` varchar(255) DEFAULT NULL NULL, `blog` varchar(255) DEFAULT NULL NULL, `notes` text DEFAULT NULL NULL, `user_id` int(11) DEFAULT NULL NULL, `company_id` int(11) DEFAULT NULL NULL, `created_at` datetime DEFAULT NULL NULL, `updated_at` datetime DEFAULT NULL NULL) ENGINE=InnoDB[0m
  [4;36;1mSQL (0.000687)[0m   [0;1mINSERT INTO schema_migrations (version) VALUES ('20080609015736')[0m
Migrating to CreateTasks (20080609015737)
  [4;35;1mSQL (0.000592)[0m   [0mSELECT version FROM schema_migrations[0m
  [4;36;1mSQL (0.001915)[0m   [0;1mCREATE TABLE `tasks` (`id` int(11) DEFAULT NULL auto_increment PRIMARY KEY, `name` varchar(255) DEFAULT NULL NULL, `notes` text DEFAULT NULL NULL, `due` date DEFAULT NULL NULL, `completed` tinyint(1) DEFAULT NULL NULL, `user_id` int(11) DEFAULT NULL NULL, `contact_id` int(11) DEFAULT NULL NULL, `created_at` datetime DEFAULT NULL NULL, `updated_at` datetime DEFAULT NULL NULL) ENGINE=InnoDB[0m
  [4;35;1mSQL (0.000920)[0m   [0mINSERT INTO schema_migrations (version) VALUES ('20080609015737')[0m
Migrating to CreateChannels (20080609015738)
  [4;36;1mSQL (0.001395)[0m   [0;1mSELECT version FROM schema_migrations[0m
  [4;35;1mSQL (0.003274)[0m   [0mCREATE TABLE `channels` (`id` int(11) DEFAULT NULL auto_increment PRIMARY KEY, `name` varchar(255) DEFAULT NULL NULL, `character_limit` int(11) DEFAULT NULL NULL, `created_at` datetime DEFAULT NULL NULL, `updated_at` datetime DEFAULT NULL NULL) ENGINE=InnoDB[0m
  [4;36;1mSQL (0.000803)[0m   [0;1mINSERT INTO schema_migrations (version) VALUES ('20080609015738')[0m
Migrating to CreateAddresses (20080609015739)
  [4;35;1mSQL (0.001274)[0m   [0mSELECT version FROM schema_migrations[0m
  [4;36;1mSQL (0.002411)[0m   [0;1mCREATE TABLE `addresses` (`id` int(11) DEFAULT NULL auto_increment PRIMARY KEY, `line_one` varchar(255) DEFAULT NULL NULL, `line_two` varchar(255) DEFAULT NULL NULL, `city` varchar(255) DEFAULT NULL NULL, `state` varchar(255) DEFAULT NULL NULL, `zip` varchar(255) DEFAULT NULL NULL, `country` varchar(255) DEFAULT NULL NULL, `contact_id` int(11) DEFAULT NULL NULL, `company_id` int(11) DEFAULT NULL NULL, `created_at` datetime DEFAULT NULL NULL, `updated_at` datetime DEFAULT NULL NULL) ENGINE=InnoDB[0m
  [4;35;1mSQL (0.000610)[0m   [0mINSERT INTO schema_migrations (version) VALUES ('20080609015739')[0m
  [4;36;1mSQL (0.000838)[0m   [0;1mSELECT version FROM schema_migrations[0m
  [4;35;1mSQL (0.001181)[0m   [0mSHOW TABLES[0m
  [4;36;1mSQL (0.003780)[0m   [0;1mSHOW FIELDS FROM `addresses`[0m
  [4;35;1mSQL (0.004172)[0m   [0mdescribe `addresses`[0m
  [4;36;1mSQL (0.003210)[0m   [0;1mSHOW KEYS FROM `addresses`[0m
  [4;35;1mSQL (0.002307)[0m   [0mSHOW FIELDS FROM `channels`[0m
  [4;36;1mSQL (0.003914)[0m   [0;1mdescribe `channels`[0m
  [4;35;1mSQL (0.002320)[0m   [0mSHOW KEYS FROM `channels`[0m
  [4;36;1mSQL (0.002327)[0m   [0;1mSHOW FIELDS FROM `companies`[0m
  [4;35;1mSQL (0.003343)[0m   [0mdescribe `companies`[0m
  [4;36;1mSQL (0.003014)[0m   [0;1mSHOW KEYS FROM `companies`[0m
  [4;35;1mSQL (0.004585)[0m   [0mSHOW FIELDS FROM `contacts`[0m
  [4;36;1mSQL (0.008349)[0m   [0;1mdescribe `contacts`[0m
  [4;35;1mSQL (0.007994)[0m   [0mSHOW KEYS FROM `contacts`[0m
  [4;36;1mSQL (0.002560)[0m   [0;1mSHOW FIELDS FROM `messages`[0m
  [4;35;1mSQL (0.003334)[0m   [0mdescribe `messages`[0m
  [4;36;1mSQL (0.003067)[0m   [0;1mSHOW KEYS FROM `messages`[0m
  [4;35;1mSQL (0.002935)[0m   [0mSHOW FIELDS FROM `tasks`[0m
  [4;36;1mSQL (0.002906)[0m   [0;1mdescribe `tasks`[0m
  [4;35;1mSQL (0.003516)[0m   [0mSHOW KEYS FROM `tasks`[0m
  [4;36;1mSQL (0.070262)[0m   [0;1mSHOW FIELDS FROM `users`[0m
  [4;35;1mSQL (0.004903)[0m   [0mdescribe `users`[0m
  [4;36;1mSQL (0.003148)[0m   [0;1mSHOW KEYS FROM `users`[0m
  [4;35;1mSQL (0.000211)[0m   [0mSET NAMES 'utf8'[0m
  [4;36;1mSQL (0.000183)[0m   [0;1mSET SQL_AUTO_IS_NULL=0[0m


Processing CompaniesController#index (for 127.0.0.1 at 2008-06-08 18:59:40) [GET]
  Session ID: BAh7BiIKZmxhc2hJQzonQWN0aW9uQ29udHJvbGxlcjo6Rmxhc2g6OkZsYXNo
SGFzaHsGOgtub3RpY2UiJkNvbnRhY3Qgd2FzIHN1Y2Nlc3NmdWxseSBjcmVh
dGVkLgY6CkB1c2VkewY7BlQ=--836823795d1abda486527d39751f1763db190e3f
  Parameters: {"format"=>"fxml", "action"=>"index", "controller"=>"companies"}


CGI::Session::CookieStore::TamperedWithCookie (CGI::Session::CookieStore::TamperedWithCookie):
    /usr/local/lib/ruby/gems/1.8/gems/actionpack-2.1.0/lib/action_controller/session/cookie_store.rb:144:in `unmarshal'
    /usr/local/lib/ruby/gems/1.8/gems/actionpack-2.1.0/lib/action_controller/session/cookie_store.rb:101:in `restore'
    /usr/local/lib/ruby/1.8/cgi/session.rb:304:in `[]'
    /usr/local/lib/ruby/gems/1.8/gems/actionpack-2.1.0/lib/action_controller/cgi_process.rb:136:in `session'
    /usr/local/lib/ruby/gems/1.8/gems/actionpack-2.1.0/lib/action_controller/cgi_process.rb:168:in `stale_session_check!'
    /usr/local/lib/ruby/gems/1.8/gems/actionpack-2.1.0/lib/action_controller/cgi_process.rb:116:in `session'
    /usr/local/lib/ruby/gems/1.8/gems/actionpack-2.1.0/lib/action_controller/base.rb:1135:in `assign_shortcuts_without_flash'
    /usr/local/lib/ruby/gems/1.8/gems/actionpack-2.1.0/lib/action_controller/flash.rb:166:in `assign_shortcuts'
    /usr/local/lib/ruby/gems/1.8/gems/actionpack-2.1.0/lib/action_controller/base.rb:523:in `process_without_filters'
    /usr/local/lib/ruby/gems/1.8/gems/actionpack-2.1.0/lib/action_controller/filters.rb:569:in `process_without_session_management_support'
    /usr/local/lib/ruby/gems/1.8/gems/actionpack-2.1.0/lib/action_controller/session_management.rb:130:in `process'
    /usr/local/lib/ruby/gems/1.8/gems/actionpack-2.1.0/lib/action_controller/base.rb:389:in `process'
    /usr/local/lib/ruby/gems/1.8/gems/actionpack-2.1.0/lib/action_controller/dispatcher.rb:149:in `handle_request'
    /usr/local/lib/ruby/gems/1.8/gems/actionpack-2.1.0/lib/action_controller/dispatcher.rb:107:in `dispatch'
    /usr/local/lib/ruby/gems/1.8/gems/actionpack-2.1.0/lib/action_controller/dispatcher.rb:104:in `synchronize'
    /usr/local/lib/ruby/gems/1.8/gems/actionpack-2.1.0/lib/action_controller/dispatcher.rb:104:in `dispatch'
    /usr/local/lib/ruby/gems/1.8/gems/actionpack-2.1.0/lib/action_controller/dispatcher.rb:120:in `dispatch_cgi'
    /usr/local/lib/ruby/gems/1.8/gems/actionpack-2.1.0/lib/action_controller/dispatcher.rb:35:in `dispatch'
    /usr/local/lib/ruby/gems/1.8/gems/mongrel-1.1.4/bin/../lib/mongrel/rails.rb:76:in `process'
    /usr/local/lib/ruby/gems/1.8/gems/mongrel-1.1.4/bin/../lib/mongrel/rails.rb:74:in `synchronize'
    /usr/local/lib/ruby/gems/1.8/gems/mongrel-1.1.4/bin/../lib/mongrel/rails.rb:74:in `process'
    /usr/local/lib/ruby/gems/1.8/gems/mongrel-1.1.4/lib/mongrel.rb:159:in `process_client'
    /usr/local/lib/ruby/gems/1.8/gems/mongrel-1.1.4/lib/mongrel.rb:158:in `each'
    /usr/local/lib/ruby/gems/1.8/gems/mongrel-1.1.4/lib/mongrel.rb:158:in `process_client'
    /usr/local/lib/ruby/gems/1.8/gems/mongrel-1.1.4/lib/mongrel.rb:285:in `run'
    /usr/local/lib/ruby/gems/1.8/gems/mongrel-1.1.4/lib/mongrel.rb:285:in `initialize'
    /usr/local/lib/ruby/gems/1.8/gems/mongrel-1.1.4/lib/mongrel.rb:285:in `new'
    /usr/local/lib/ruby/gems/1.8/gems/mongrel-1.1.4/lib/mongrel.rb:285:in `run'
    /usr/local/lib/ruby/gems/1.8/gems/mongrel-1.1.4/lib/mongrel.rb:268:in `initialize'
    /usr/local/lib/ruby/gems/1.8/gems/mongrel-1.1.4/lib/mongrel.rb:268:in `new'
    /usr/local/lib/ruby/gems/1.8/gems/mongrel-1.1.4/lib/mongrel.rb:268:in `run'
    /usr/local/lib/ruby/gems/1.8/gems/mongrel-1.1.4/lib/mongrel/configurator.rb:282:in `run'
    /usr/local/lib/ruby/gems/1.8/gems/mongrel-1.1.4/lib/mongrel/configurator.rb:281:in `each'
    /usr/local/lib/ruby/gems/1.8/gems/mongrel-1.1.4/lib/mongrel/configurator.rb:281:in `run'
    /usr/local/lib/ruby/gems/1.8/gems/mongrel-1.1.4/bin/mongrel_rails:128:in `run'
    /usr/local/lib/ruby/gems/1.8/gems/mongrel-1.1.4/lib/mongrel/command.rb:212:in `run'
    /usr/local/lib/ruby/gems/1.8/gems/mongrel-1.1.4/bin/mongrel_rails:281
    /usr/local/lib/ruby/gems/1.8/gems/activesupport-2.1.0/lib/active_support/dependencies.rb:502:in `load'
    /usr/local/lib/ruby/gems/1.8/gems/activesupport-2.1.0/lib/active_support/dependencies.rb:502:in `load'
    /usr/local/lib/ruby/gems/1.8/gems/activesupport-2.1.0/lib/active_support/dependencies.rb:354:in `new_constants_in'
    /usr/local/lib/ruby/gems/1.8/gems/activesupport-2.1.0/lib/active_support/dependencies.rb:502:in `load'
    /usr/local/lib/ruby/gems/1.8/gems/rails-2.1.0/lib/commands/servers/mongrel.rb:64
    /usr/local/lib/ruby/site_ruby/1.8/rubygems/custom_require.rb:27:in `gem_original_require'
    /usr/local/lib/ruby/site_ruby/1.8/rubygems/custom_require.rb:27:in `require'
    /usr/local/lib/ruby/gems/1.8/gems/activesupport-2.1.0/lib/active_support/dependencies.rb:509:in `require'
    /usr/local/lib/ruby/gems/1.8/gems/activesupport-2.1.0/lib/active_support/dependencies.rb:354:in `new_constants_in'
    /usr/local/lib/ruby/gems/1.8/gems/activesupport-2.1.0/lib/active_support/dependencies.rb:509:in `require'
    /usr/local/lib/ruby/gems/1.8/gems/rails-2.1.0/lib/commands/server.rb:39
    /usr/local/lib/ruby/site_ruby/1.8/rubygems/custom_require.rb:27:in `gem_original_require'
    /usr/local/lib/ruby/site_ruby/1.8/rubygems/custom_require.rb:27:in `require'
    ./script/server:3

Rendering /usr/local/lib/ruby/gems/1.8/gems/actionpack-2.1.0/lib/action_controller/templates/rescues/layout.erb (internal_server_error)


Processing UsersController#index (for 127.0.0.1 at 2008-06-08 18:59:41) [GET]
  Session ID: BAh7BiIKZmxhc2hJQzonQWN0aW9uQ29udHJvbGxlcjo6Rmxhc2g6OkZsYXNo
SGFzaHsGOgtub3RpY2UiJkNvbnRhY3Qgd2FzIHN1Y2Nlc3NmdWxseSBjcmVh
dGVkLgY6CkB1c2VkewY7BlQ=--836823795d1abda486527d39751f1763db190e3f
  Parameters: {"format"=>"fxml", "action"=>"index", "controller"=>"users"}


CGI::Session::CookieStore::TamperedWithCookie (CGI::Session::CookieStore::TamperedWithCookie):
    /usr/local/lib/ruby/gems/1.8/gems/actionpack-2.1.0/lib/action_controller/session/cookie_store.rb:144:in `unmarshal'
    /usr/local/lib/ruby/gems/1.8/gems/actionpack-2.1.0/lib/action_controller/session/cookie_store.rb:101:in `restore'
    /usr/local/lib/ruby/1.8/cgi/session.rb:304:in `[]'
    /usr/local/lib/ruby/gems/1.8/gems/actionpack-2.1.0/lib/action_controller/cgi_process.rb:136:in `session'
    /usr/local/lib/ruby/gems/1.8/gems/actionpack-2.1.0/lib/action_controller/cgi_process.rb:168:in `stale_session_check!'
    /usr/local/lib/ruby/gems/1.8/gems/actionpack-2.1.0/lib/action_controller/cgi_process.rb:116:in `session'
    /usr/local/lib/ruby/gems/1.8/gems/actionpack-2.1.0/lib/action_controller/base.rb:1135:in `assign_shortcuts_without_flash'
    /usr/local/lib/ruby/gems/1.8/gems/actionpack-2.1.0/lib/action_controller/flash.rb:166:in `assign_shortcuts'
    /usr/local/lib/ruby/gems/1.8/gems/actionpack-2.1.0/lib/action_controller/base.rb:523:in `process_without_filters'
    /usr/local/lib/ruby/gems/1.8/gems/actionpack-2.1.0/lib/action_controller/filters.rb:569:in `process_without_session_management_support'
    /usr/local/lib/ruby/gems/1.8/gems/actionpack-2.1.0/lib/action_controller/session_management.rb:130:in `process'
    /usr/local/lib/ruby/gems/1.8/gems/actionpack-2.1.0/lib/action_controller/base.rb:389:in `process'
    /usr/local/lib/ruby/gems/1.8/gems/actionpack-2.1.0/lib/action_controller/dispatcher.rb:149:in `handle_request'
    /usr/local/lib/ruby/gems/1.8/gems/actionpack-2.1.0/lib/action_controller/dispatcher.rb:107:in `dispatch'
    /usr/local/lib/ruby/gems/1.8/gems/actionpack-2.1.0/lib/action_controller/dispatcher.rb:104:in `synchronize'
    /usr/local/lib/ruby/gems/1.8/gems/actionpack-2.1.0/lib/action_controller/dispatcher.rb:104:in `dispatch'
    /usr/local/lib/ruby/gems/1.8/gems/actionpack-2.1.0/lib/action_controller/dispatcher.rb:120:in `dispatch_cgi'
    /usr/local/lib/ruby/gems/1.8/gems/actionpack-2.1.0/lib/action_controller/dispatcher.rb:35:in `dispatch'
    /usr/local/lib/ruby/gems/1.8/gems/mongrel-1.1.4/bin/../lib/mongrel/rails.rb:76:in `process'
    /usr/local/lib/ruby/gems/1.8/gems/mongrel-1.1.4/bin/../lib/mongrel/rails.rb:74:in `synchronize'
    /usr/local/lib/ruby/gems/1.8/gems/mongrel-1.1.4/bin/../lib/mongrel/rails.rb:74:in `process'
    /usr/local/lib/ruby/gems/1.8/gems/mongrel-1.1.4/lib/mongrel.rb:159:in `process_client'
    /usr/local/lib/ruby/gems/1.8/gems/mongrel-1.1.4/lib/mongrel.rb:158:in `each'
    /usr/local/lib/ruby/gems/1.8/gems/mongrel-1.1.4/lib/mongrel.rb:158:in `process_client'
    /usr/local/lib/ruby/gems/1.8/gems/mongrel-1.1.4/lib/mongrel.rb:285:in `run'
    /usr/local/lib/ruby/gems/1.8/gems/mongrel-1.1.4/lib/mongrel.rb:285:in `initialize'
    /usr/local/lib/ruby/gems/1.8/gems/mongrel-1.1.4/lib/mongrel.rb:285:in `new'
    /usr/local/lib/ruby/gems/1.8/gems/mongrel-1.1.4/lib/mongrel.rb:285:in `run'
    /usr/local/lib/ruby/gems/1.8/gems/mongrel-1.1.4/lib/mongrel.rb:268:in `initialize'
    /usr/local/lib/ruby/gems/1.8/gems/mongrel-1.1.4/lib/mongrel.rb:268:in `new'
    /usr/local/lib/ruby/gems/1.8/gems/mongrel-1.1.4/lib/mongrel.rb:268:in `run'
    /usr/local/lib/ruby/gems/1.8/gems/mongrel-1.1.4/lib/mongrel/configurator.rb:282:in `run'
    /usr/local/lib/ruby/gems/1.8/gems/mongrel-1.1.4/lib/mongrel/configurator.rb:281:in `each'
    /usr/local/lib/ruby/gems/1.8/gems/mongrel-1.1.4/lib/mongrel/configurator.rb:281:in `run'
    /usr/local/lib/ruby/gems/1.8/gems/mongrel-1.1.4/bin/mongrel_rails:128:in `run'
    /usr/local/lib/ruby/gems/1.8/gems/mongrel-1.1.4/lib/mongrel/command.rb:212:in `run'
    /usr/local/lib/ruby/gems/1.8/gems/mongrel-1.1.4/bin/mongrel_rails:281
    /usr/local/lib/ruby/gems/1.8/gems/activesupport-2.1.0/lib/active_support/dependencies.rb:502:in `load'
    /usr/local/lib/ruby/gems/1.8/gems/activesupport-2.1.0/lib/active_support/dependencies.rb:502:in `load'
    /usr/local/lib/ruby/gems/1.8/gems/activesupport-2.1.0/lib/active_support/dependencies.rb:354:in `new_constants_in'
    /usr/local/lib/ruby/gems/1.8/gems/activesupport-2.1.0/lib/active_support/dependencies.rb:502:in `load'
    /usr/local/lib/ruby/gems/1.8/gems/rails-2.1.0/lib/commands/servers/mongrel.rb:64
    /usr/local/lib/ruby/site_ruby/1.8/rubygems/custom_require.rb:27:in `gem_original_require'
    /usr/local/lib/ruby/site_ruby/1.8/rubygems/custom_require.rb:27:in `require'
    /usr/local/lib/ruby/gems/1.8/gems/activesupport-2.1.0/lib/active_support/dependencies.rb:509:in `require'
    /usr/local/lib/ruby/gems/1.8/gems/activesupport-2.1.0/lib/active_support/dependencies.rb:354:in `new_constants_in'
    /usr/local/lib/ruby/gems/1.8/gems/activesupport-2.1.0/lib/active_support/dependencies.rb:509:in `require'
    /usr/local/lib/ruby/gems/1.8/gems/rails-2.1.0/lib/commands/server.rb:39
    /usr/local/lib/ruby/site_ruby/1.8/rubygems/custom_require.rb:27:in `gem_original_require'
    /usr/local/lib/ruby/site_ruby/1.8/rubygems/custom_require.rb:27:in `require'
    ./script/server:3

Rendering /usr/local/lib/ruby/gems/1.8/gems/actionpack-2.1.0/lib/action_controller/templates/rescues/layout.erb (internal_server_error)


Processing ContactsController#index (for 127.0.0.1 at 2008-06-08 18:59:41) [GET]
  Session ID: BAh7BiIKZmxhc2hJQzonQWN0aW9uQ29udHJvbGxlcjo6Rmxhc2g6OkZsYXNo
SGFzaHsGOgtub3RpY2UiJkNvbnRhY3Qgd2FzIHN1Y2Nlc3NmdWxseSBjcmVh
dGVkLgY6CkB1c2VkewY7BlQ=--836823795d1abda486527d39751f1763db190e3f
  Parameters: {"format"=>"fxml", "action"=>"index", "controller"=>"contacts"}


CGI::Session::CookieStore::TamperedWithCookie (CGI::Session::CookieStore::TamperedWithCookie):
    /usr/local/lib/ruby/gems/1.8/gems/actionpack-2.1.0/lib/action_controller/session/cookie_store.rb:144:in `unmarshal'
    /usr/local/lib/ruby/gems/1.8/gems/actionpack-2.1.0/lib/action_controller/session/cookie_store.rb:101:in `restore'
    /usr/local/lib/ruby/1.8/cgi/session.rb:304:in `[]'
    /usr/local/lib/ruby/gems/1.8/gems/actionpack-2.1.0/lib/action_controller/cgi_process.rb:136:in `session'
    /usr/local/lib/ruby/gems/1.8/gems/actionpack-2.1.0/lib/action_controller/cgi_process.rb:168:in `stale_session_check!'
    /usr/local/lib/ruby/gems/1.8/gems/actionpack-2.1.0/lib/action_controller/cgi_process.rb:116:in `session'
    /usr/local/lib/ruby/gems/1.8/gems/actionpack-2.1.0/lib/action_controller/base.rb:1135:in `assign_shortcuts_without_flash'
    /usr/local/lib/ruby/gems/1.8/gems/actionpack-2.1.0/lib/action_controller/flash.rb:166:in `assign_shortcuts'
    /usr/local/lib/ruby/gems/1.8/gems/actionpack-2.1.0/lib/action_controller/base.rb:523:in `process_without_filters'
    /usr/local/lib/ruby/gems/1.8/gems/actionpack-2.1.0/lib/action_controller/filters.rb:569:in `process_without_session_management_support'
    /usr/local/lib/ruby/gems/1.8/gems/actionpack-2.1.0/lib/action_controller/session_management.rb:130:in `process'
    /usr/local/lib/ruby/gems/1.8/gems/actionpack-2.1.0/lib/action_controller/base.rb:389:in `process'
    /usr/local/lib/ruby/gems/1.8/gems/actionpack-2.1.0/lib/action_controller/dispatcher.rb:149:in `handle_request'
    /usr/local/lib/ruby/gems/1.8/gems/actionpack-2.1.0/lib/action_controller/dispatcher.rb:107:in `dispatch'
    /usr/local/lib/ruby/gems/1.8/gems/actionpack-2.1.0/lib/action_controller/dispatcher.rb:104:in `synchronize'
    /usr/local/lib/ruby/gems/1.8/gems/actionpack-2.1.0/lib/action_controller/dispatcher.rb:104:in `dispatch'
    /usr/local/lib/ruby/gems/1.8/gems/actionpack-2.1.0/lib/action_controller/dispatcher.rb:120:in `dispatch_cgi'
    /usr/local/lib/ruby/gems/1.8/gems/actionpack-2.1.0/lib/action_controller/dispatcher.rb:35:in `dispatch'
    /usr/local/lib/ruby/gems/1.8/gems/mongrel-1.1.4/bin/../lib/mongrel/rails.rb:76:in `process'
    /usr/local/lib/ruby/gems/1.8/gems/mongrel-1.1.4/bin/../lib/mongrel/rails.rb:74:in `synchronize'
    /usr/local/lib/ruby/gems/1.8/gems/mongrel-1.1.4/bin/../lib/mongrel/rails.rb:74:in `process'
    /usr/local/lib/ruby/gems/1.8/gems/mongrel-1.1.4/lib/mongrel.rb:159:in `process_client'
    /usr/local/lib/ruby/gems/1.8/gems/mongrel-1.1.4/lib/mongrel.rb:158:in `each'
    /usr/local/lib/ruby/gems/1.8/gems/mongrel-1.1.4/lib/mongrel.rb:158:in `process_client'
    /usr/local/lib/ruby/gems/1.8/gems/mongrel-1.1.4/lib/mongrel.rb:285:in `run'
    /usr/local/lib/ruby/gems/1.8/gems/mongrel-1.1.4/lib/mongrel.rb:285:in `initialize'
    /usr/local/lib/ruby/gems/1.8/gems/mongrel-1.1.4/lib/mongrel.rb:285:in `new'
    /usr/local/lib/ruby/gems/1.8/gems/mongrel-1.1.4/lib/mongrel.rb:285:in `run'
    /usr/local/lib/ruby/gems/1.8/gems/mongrel-1.1.4/lib/mongrel.rb:268:in `initialize'
    /usr/local/lib/ruby/gems/1.8/gems/mongrel-1.1.4/lib/mongrel.rb:268:in `new'
    /usr/local/lib/ruby/gems/1.8/gems/mongrel-1.1.4/lib/mongrel.rb:268:in `run'
    /usr/local/lib/ruby/gems/1.8/gems/mongrel-1.1.4/lib/mongrel/configurator.rb:282:in `run'
    /usr/local/lib/ruby/gems/1.8/gems/mongrel-1.1.4/lib/mongrel/configurator.rb:281:in `each'
    /usr/local/lib/ruby/gems/1.8/gems/mongrel-1.1.4/lib/mongrel/configurator.rb:281:in `run'
    /usr/local/lib/ruby/gems/1.8/gems/mongrel-1.1.4/bin/mongrel_rails:128:in `run'
    /usr/local/lib/ruby/gems/1.8/gems/mongrel-1.1.4/lib/mongrel/command.rb:212:in `run'
    /usr/local/lib/ruby/gems/1.8/gems/mongrel-1.1.4/bin/mongrel_rails:281
    /usr/local/lib/ruby/gems/1.8/gems/activesupport-2.1.0/lib/active_support/dependencies.rb:502:in `load'
    /usr/local/lib/ruby/gems/1.8/gems/activesupport-2.1.0/lib/active_support/dependencies.rb:502:in `load'
    /usr/local/lib/ruby/gems/1.8/gems/activesupport-2.1.0/lib/active_support/dependencies.rb:354:in `new_constants_in'
    /usr/local/lib/ruby/gems/1.8/gems/activesupport-2.1.0/lib/active_support/dependencies.rb:502:in `load'
    /usr/local/lib/ruby/gems/1.8/gems/rails-2.1.0/lib/commands/servers/mongrel.rb:64
    /usr/local/lib/ruby/site_ruby/1.8/rubygems/custom_require.rb:27:in `gem_original_require'
    /usr/local/lib/ruby/site_ruby/1.8/rubygems/custom_require.rb:27:in `require'
    /usr/local/lib/ruby/gems/1.8/gems/activesupport-2.1.0/lib/active_support/dependencies.rb:509:in `require'
    /usr/local/lib/ruby/gems/1.8/gems/activesupport-2.1.0/lib/active_support/dependencies.rb:354:in `new_constants_in'
    /usr/local/lib/ruby/gems/1.8/gems/activesupport-2.1.0/lib/active_support/dependencies.rb:509:in `require'
    /usr/local/lib/ruby/gems/1.8/gems/rails-2.1.0/lib/commands/server.rb:39
    /usr/local/lib/ruby/site_ruby/1.8/rubygems/custom_require.rb:27:in `gem_original_require'
    /usr/local/lib/ruby/site_ruby/1.8/rubygems/custom_require.rb:27:in `require'
    ./script/server:3

Rendering /usr/local/lib/ruby/gems/1.8/gems/actionpack-2.1.0/lib/action_controller/templates/rescues/layout.erb (internal_server_error)


Processing AddressesController#index (for 127.0.0.1 at 2008-06-08 18:59:41) [GET]
  Session ID: BAh7BiIKZmxhc2hJQzonQWN0aW9uQ29udHJvbGxlcjo6Rmxhc2g6OkZsYXNo
SGFzaHsGOgtub3RpY2UiJkNvbnRhY3Qgd2FzIHN1Y2Nlc3NmdWxseSBjcmVh
dGVkLgY6CkB1c2VkewY7BlQ=--836823795d1abda486527d39751f1763db190e3f
  Parameters: {"format"=>"fxml", "action"=>"index", "controller"=>"addresses"}


CGI::Session::CookieStore::TamperedWithCookie (CGI::Session::CookieStore::TamperedWithCookie):
    /usr/local/lib/ruby/gems/1.8/gems/actionpack-2.1.0/lib/action_controller/session/cookie_store.rb:144:in `unmarshal'
    /usr/local/lib/ruby/gems/1.8/gems/actionpack-2.1.0/lib/action_controller/session/cookie_store.rb:101:in `restore'
    /usr/local/lib/ruby/1.8/cgi/session.rb:304:in `[]'
    /usr/local/lib/ruby/gems/1.8/gems/actionpack-2.1.0/lib/action_controller/cgi_process.rb:136:in `session'
    /usr/local/lib/ruby/gems/1.8/gems/actionpack-2.1.0/lib/action_controller/cgi_process.rb:168:in `stale_session_check!'
    /usr/local/lib/ruby/gems/1.8/gems/actionpack-2.1.0/lib/action_controller/cgi_process.rb:116:in `session'
    /usr/local/lib/ruby/gems/1.8/gems/actionpack-2.1.0/lib/action_controller/base.rb:1135:in `assign_shortcuts_without_flash'
    /usr/local/lib/ruby/gems/1.8/gems/actionpack-2.1.0/lib/action_controller/flash.rb:166:in `assign_shortcuts'
    /usr/local/lib/ruby/gems/1.8/gems/actionpack-2.1.0/lib/action_controller/base.rb:523:in `process_without_filters'
    /usr/local/lib/ruby/gems/1.8/gems/actionpack-2.1.0/lib/action_controller/filters.rb:569:in `process_without_session_management_support'
    /usr/local/lib/ruby/gems/1.8/gems/actionpack-2.1.0/lib/action_controller/session_management.rb:130:in `process'
    /usr/local/lib/ruby/gems/1.8/gems/actionpack-2.1.0/lib/action_controller/base.rb:389:in `process'
    /usr/local/lib/ruby/gems/1.8/gems/actionpack-2.1.0/lib/action_controller/dispatcher.rb:149:in `handle_request'
    /usr/local/lib/ruby/gems/1.8/gems/actionpack-2.1.0/lib/action_controller/dispatcher.rb:107:in `dispatch'
    /usr/local/lib/ruby/gems/1.8/gems/actionpack-2.1.0/lib/action_controller/dispatcher.rb:104:in `synchronize'
    /usr/local/lib/ruby/gems/1.8/gems/actionpack-2.1.0/lib/action_controller/dispatcher.rb:104:in `dispatch'
    /usr/local/lib/ruby/gems/1.8/gems/actionpack-2.1.0/lib/action_controller/dispatcher.rb:120:in `dispatch_cgi'
    /usr/local/lib/ruby/gems/1.8/gems/actionpack-2.1.0/lib/action_controller/dispatcher.rb:35:in `dispatch'
    /usr/local/lib/ruby/gems/1.8/gems/mongrel-1.1.4/bin/../lib/mongrel/rails.rb:76:in `process'
    /usr/local/lib/ruby/gems/1.8/gems/mongrel-1.1.4/bin/../lib/mongrel/rails.rb:74:in `synchronize'
    /usr/local/lib/ruby/gems/1.8/gems/mongrel-1.1.4/bin/../lib/mongrel/rails.rb:74:in `process'
    /usr/local/lib/ruby/gems/1.8/gems/mongrel-1.1.4/lib/mongrel.rb:159:in `process_client'
    /usr/local/lib/ruby/gems/1.8/gems/mongrel-1.1.4/lib/mongrel.rb:158:in `each'
    /usr/local/lib/ruby/gems/1.8/gems/mongrel-1.1.4/lib/mongrel.rb:158:in `process_client'
    /usr/local/lib/ruby/gems/1.8/gems/mongrel-1.1.4/lib/mongrel.rb:285:in `run'
    /usr/local/lib/ruby/gems/1.8/gems/mongrel-1.1.4/lib/mongrel.rb:285:in `initialize'
    /usr/local/lib/ruby/gems/1.8/gems/mongrel-1.1.4/lib/mongrel.rb:285:in `new'
    /usr/local/lib/ruby/gems/1.8/gems/mongrel-1.1.4/lib/mongrel.rb:285:in `run'
    /usr/local/lib/ruby/gems/1.8/gems/mongrel-1.1.4/lib/mongrel.rb:268:in `initialize'
    /usr/local/lib/ruby/gems/1.8/gems/mongrel-1.1.4/lib/mongrel.rb:268:in `new'
    /usr/local/lib/ruby/gems/1.8/gems/mongrel-1.1.4/lib/mongrel.rb:268:in `run'
    /usr/local/lib/ruby/gems/1.8/gems/mongrel-1.1.4/lib/mongrel/configurator.rb:282:in `run'
    /usr/local/lib/ruby/gems/1.8/gems/mongrel-1.1.4/lib/mongrel/configurator.rb:281:in `each'
    /usr/local/lib/ruby/gems/1.8/gems/mongrel-1.1.4/lib/mongrel/configurator.rb:281:in `run'
    /usr/local/lib/ruby/gems/1.8/gems/mongrel-1.1.4/bin/mongrel_rails:128:in `run'
    /usr/local/lib/ruby/gems/1.8/gems/mongrel-1.1.4/lib/mongrel/command.rb:212:in `run'
    /usr/local/lib/ruby/gems/1.8/gems/mongrel-1.1.4/bin/mongrel_rails:281
    /usr/local/lib/ruby/gems/1.8/gems/activesupport-2.1.0/lib/active_support/dependencies.rb:502:in `load'
    /usr/local/lib/ruby/gems/1.8/gems/activesupport-2.1.0/lib/active_support/dependencies.rb:502:in `load'
    /usr/local/lib/ruby/gems/1.8/gems/activesupport-2.1.0/lib/active_support/dependencies.rb:354:in `new_constants_in'
    /usr/local/lib/ruby/gems/1.8/gems/activesupport-2.1.0/lib/active_support/dependencies.rb:502:in `load'
    /usr/local/lib/ruby/gems/1.8/gems/rails-2.1.0/lib/commands/servers/mongrel.rb:64
    /usr/local/lib/ruby/site_ruby/1.8/rubygems/custom_require.rb:27:in `gem_original_require'
    /usr/local/lib/ruby/site_ruby/1.8/rubygems/custom_require.rb:27:in `require'
    /usr/local/lib/ruby/gems/1.8/gems/activesupport-2.1.0/lib/active_support/dependencies.rb:509:in `require'
    /usr/local/lib/ruby/gems/1.8/gems/activesupport-2.1.0/lib/active_support/dependencies.rb:354:in `new_constants_in'
    /usr/local/lib/ruby/gems/1.8/gems/activesupport-2.1.0/lib/active_support/dependencies.rb:509:in `require'
    /usr/local/lib/ruby/gems/1.8/gems/rails-2.1.0/lib/commands/server.rb:39
    /usr/local/lib/ruby/site_ruby/1.8/rubygems/custom_require.rb:27:in `gem_original_require'
    /usr/local/lib/ruby/site_ruby/1.8/rubygems/custom_require.rb:27:in `require'
    ./script/server:3

Rendering /usr/local/lib/ruby/gems/1.8/gems/actionpack-2.1.0/lib/action_controller/templates/rescues/layout.erb (internal_server_error)


Processing ChannelsController#index (for 127.0.0.1 at 2008-06-08 18:59:41) [GET]
  Session ID: BAh7BiIKZmxhc2hJQzonQWN0aW9uQ29udHJvbGxlcjo6Rmxhc2g6OkZsYXNo
SGFzaHsGOgtub3RpY2UiJkNvbnRhY3Qgd2FzIHN1Y2Nlc3NmdWxseSBjcmVh
dGVkLgY6CkB1c2VkewY7BlQ=--836823795d1abda486527d39751f1763db190e3f
  Parameters: {"format"=>"fxml", "action"=>"index", "controller"=>"channels"}


CGI::Session::CookieStore::TamperedWithCookie (CGI::Session::CookieStore::TamperedWithCookie):
    /usr/local/lib/ruby/gems/1.8/gems/actionpack-2.1.0/lib/action_controller/session/cookie_store.rb:144:in `unmarshal'
    /usr/local/lib/ruby/gems/1.8/gems/actionpack-2.1.0/lib/action_controller/session/cookie_store.rb:101:in `restore'
    /usr/local/lib/ruby/1.8/cgi/session.rb:304:in `[]'
    /usr/local/lib/ruby/gems/1.8/gems/actionpack-2.1.0/lib/action_controller/cgi_process.rb:136:in `session'
    /usr/local/lib/ruby/gems/1.8/gems/actionpack-2.1.0/lib/action_controller/cgi_process.rb:168:in `stale_session_check!'
    /usr/local/lib/ruby/gems/1.8/gems/actionpack-2.1.0/lib/action_controller/cgi_process.rb:116:in `session'
    /usr/local/lib/ruby/gems/1.8/gems/actionpack-2.1.0/lib/action_controller/base.rb:1135:in `assign_shortcuts_without_flash'
    /usr/local/lib/ruby/gems/1.8/gems/actionpack-2.1.0/lib/action_controller/flash.rb:166:in `assign_shortcuts'
    /usr/local/lib/ruby/gems/1.8/gems/actionpack-2.1.0/lib/action_controller/base.rb:523:in `process_without_filters'
    /usr/local/lib/ruby/gems/1.8/gems/actionpack-2.1.0/lib/action_controller/filters.rb:569:in `process_without_session_management_support'
    /usr/local/lib/ruby/gems/1.8/gems/actionpack-2.1.0/lib/action_controller/session_management.rb:130:in `process'
    /usr/local/lib/ruby/gems/1.8/gems/actionpack-2.1.0/lib/action_controller/base.rb:389:in `process'
    /usr/local/lib/ruby/gems/1.8/gems/actionpack-2.1.0/lib/action_controller/dispatcher.rb:149:in `handle_request'
    /usr/local/lib/ruby/gems/1.8/gems/actionpack-2.1.0/lib/action_controller/dispatcher.rb:107:in `dispatch'
    /usr/local/lib/ruby/gems/1.8/gems/actionpack-2.1.0/lib/action_controller/dispatcher.rb:104:in `synchronize'
    /usr/local/lib/ruby/gems/1.8/gems/actionpack-2.1.0/lib/action_controller/dispatcher.rb:104:in `dispatch'
    /usr/local/lib/ruby/gems/1.8/gems/actionpack-2.1.0/lib/action_controller/dispatcher.rb:120:in `dispatch_cgi'
    /usr/local/lib/ruby/gems/1.8/gems/actionpack-2.1.0/lib/action_controller/dispatcher.rb:35:in `dispatch'
    /usr/local/lib/ruby/gems/1.8/gems/mongrel-1.1.4/bin/../lib/mongrel/rails.rb:76:in `process'
    /usr/local/lib/ruby/gems/1.8/gems/mongrel-1.1.4/bin/../lib/mongrel/rails.rb:74:in `synchronize'
    /usr/local/lib/ruby/gems/1.8/gems/mongrel-1.1.4/bin/../lib/mongrel/rails.rb:74:in `process'
    /usr/local/lib/ruby/gems/1.8/gems/mongrel-1.1.4/lib/mongrel.rb:159:in `process_client'
    /usr/local/lib/ruby/gems/1.8/gems/mongrel-1.1.4/lib/mongrel.rb:158:in `each'
    /usr/local/lib/ruby/gems/1.8/gems/mongrel-1.1.4/lib/mongrel.rb:158:in `process_client'
    /usr/local/lib/ruby/gems/1.8/gems/mongrel-1.1.4/lib/mongrel.rb:285:in `run'
    /usr/local/lib/ruby/gems/1.8/gems/mongrel-1.1.4/lib/mongrel.rb:285:in `initialize'
    /usr/local/lib/ruby/gems/1.8/gems/mongrel-1.1.4/lib/mongrel.rb:285:in `new'
    /usr/local/lib/ruby/gems/1.8/gems/mongrel-1.1.4/lib/mongrel.rb:285:in `run'
    /usr/local/lib/ruby/gems/1.8/gems/mongrel-1.1.4/lib/mongrel.rb:268:in `initialize'
    /usr/local/lib/ruby/gems/1.8/gems/mongrel-1.1.4/lib/mongrel.rb:268:in `new'
    /usr/local/lib/ruby/gems/1.8/gems/mongrel-1.1.4/lib/mongrel.rb:268:in `run'
    /usr/local/lib/ruby/gems/1.8/gems/mongrel-1.1.4/lib/mongrel/configurator.rb:282:in `run'
    /usr/local/lib/ruby/gems/1.8/gems/mongrel-1.1.4/lib/mongrel/configurator.rb:281:in `each'
    /usr/local/lib/ruby/gems/1.8/gems/mongrel-1.1.4/lib/mongrel/configurator.rb:281:in `run'
    /usr/local/lib/ruby/gems/1.8/gems/mongrel-1.1.4/bin/mongrel_rails:128:in `run'
    /usr/local/lib/ruby/gems/1.8/gems/mongrel-1.1.4/lib/mongrel/command.rb:212:in `run'
    /usr/local/lib/ruby/gems/1.8/gems/mongrel-1.1.4/bin/mongrel_rails:281
    /usr/local/lib/ruby/gems/1.8/gems/activesupport-2.1.0/lib/active_support/dependencies.rb:502:in `load'
    /usr/local/lib/ruby/gems/1.8/gems/activesupport-2.1.0/lib/active_support/dependencies.rb:502:in `load'
    /usr/local/lib/ruby/gems/1.8/gems/activesupport-2.1.0/lib/active_support/dependencies.rb:354:in `new_constants_in'
    /usr/local/lib/ruby/gems/1.8/gems/activesupport-2.1.0/lib/active_support/dependencies.rb:502:in `load'
    /usr/local/lib/ruby/gems/1.8/gems/rails-2.1.0/lib/commands/servers/mongrel.rb:64
    /usr/local/lib/ruby/site_ruby/1.8/rubygems/custom_require.rb:27:in `gem_original_require'
    /usr/local/lib/ruby/site_ruby/1.8/rubygems/custom_require.rb:27:in `require'
    /usr/local/lib/ruby/gems/1.8/gems/activesupport-2.1.0/lib/active_support/dependencies.rb:509:in `require'
    /usr/local/lib/ruby/gems/1.8/gems/activesupport-2.1.0/lib/active_support/dependencies.rb:354:in `new_constants_in'
    /usr/local/lib/ruby/gems/1.8/gems/activesupport-2.1.0/lib/active_support/dependencies.rb:509:in `require'
    /usr/local/lib/ruby/gems/1.8/gems/rails-2.1.0/lib/commands/server.rb:39
    /usr/local/lib/ruby/site_ruby/1.8/rubygems/custom_require.rb:27:in `gem_original_require'
    /usr/local/lib/ruby/site_ruby/1.8/rubygems/custom_require.rb:27:in `require'
    ./script/server:3

Rendering /usr/local/lib/ruby/gems/1.8/gems/actionpack-2.1.0/lib/action_controller/templates/rescues/layout.erb (internal_server_error)


Processing MessagesController#index (for 127.0.0.1 at 2008-06-08 18:59:42) [GET]
  Session ID: BAh7BiIKZmxhc2hJQzonQWN0aW9uQ29udHJvbGxlcjo6Rmxhc2g6OkZsYXNo
SGFzaHsGOgtub3RpY2UiJkNvbnRhY3Qgd2FzIHN1Y2Nlc3NmdWxseSBjcmVh
dGVkLgY6CkB1c2VkewY7BlQ=--836823795d1abda486527d39751f1763db190e3f
  Parameters: {"format"=>"fxml", "action"=>"index", "controller"=>"messages"}


CGI::Session::CookieStore::TamperedWithCookie (CGI::Session::CookieStore::TamperedWithCookie):
    /usr/local/lib/ruby/gems/1.8/gems/actionpack-2.1.0/lib/action_controller/session/cookie_store.rb:144:in `unmarshal'
    /usr/local/lib/ruby/gems/1.8/gems/actionpack-2.1.0/lib/action_controller/session/cookie_store.rb:101:in `restore'
    /usr/local/lib/ruby/1.8/cgi/session.rb:304:in `[]'
    /usr/local/lib/ruby/gems/1.8/gems/actionpack-2.1.0/lib/action_controller/cgi_process.rb:136:in `session'
    /usr/local/lib/ruby/gems/1.8/gems/actionpack-2.1.0/lib/action_controller/cgi_process.rb:168:in `stale_session_check!'
    /usr/local/lib/ruby/gems/1.8/gems/actionpack-2.1.0/lib/action_controller/cgi_process.rb:116:in `session'
    /usr/local/lib/ruby/gems/1.8/gems/actionpack-2.1.0/lib/action_controller/base.rb:1135:in `assign_shortcuts_without_flash'
    /usr/local/lib/ruby/gems/1.8/gems/actionpack-2.1.0/lib/action_controller/flash.rb:166:in `assign_shortcuts'
    /usr/local/lib/ruby/gems/1.8/gems/actionpack-2.1.0/lib/action_controller/base.rb:523:in `process_without_filters'
    /usr/local/lib/ruby/gems/1.8/gems/actionpack-2.1.0/lib/action_controller/filters.rb:569:in `process_without_session_management_support'
    /usr/local/lib/ruby/gems/1.8/gems/actionpack-2.1.0/lib/action_controller/session_management.rb:130:in `process'
    /usr/local/lib/ruby/gems/1.8/gems/actionpack-2.1.0/lib/action_controller/base.rb:389:in `process'
    /usr/local/lib/ruby/gems/1.8/gems/actionpack-2.1.0/lib/action_controller/dispatcher.rb:149:in `handle_request'
    /usr/local/lib/ruby/gems/1.8/gems/actionpack-2.1.0/lib/action_controller/dispatcher.rb:107:in `dispatch'
    /usr/local/lib/ruby/gems/1.8/gems/actionpack-2.1.0/lib/action_controller/dispatcher.rb:104:in `synchronize'
    /usr/local/lib/ruby/gems/1.8/gems/actionpack-2.1.0/lib/action_controller/dispatcher.rb:104:in `dispatch'
    /usr/local/lib/ruby/gems/1.8/gems/actionpack-2.1.0/lib/action_controller/dispatcher.rb:120:in `dispatch_cgi'
    /usr/local/lib/ruby/gems/1.8/gems/actionpack-2.1.0/lib/action_controller/dispatcher.rb:35:in `dispatch'
    /usr/local/lib/ruby/gems/1.8/gems/mongrel-1.1.4/bin/../lib/mongrel/rails.rb:76:in `process'
    /usr/local/lib/ruby/gems/1.8/gems/mongrel-1.1.4/bin/../lib/mongrel/rails.rb:74:in `synchronize'
    /usr/local/lib/ruby/gems/1.8/gems/mongrel-1.1.4/bin/../lib/mongrel/rails.rb:74:in `process'
    /usr/local/lib/ruby/gems/1.8/gems/mongrel-1.1.4/lib/mongrel.rb:159:in `process_client'
    /usr/local/lib/ruby/gems/1.8/gems/mongrel-1.1.4/lib/mongrel.rb:158:in `each'
    /usr/local/lib/ruby/gems/1.8/gems/mongrel-1.1.4/lib/mongrel.rb:158:in `process_client'
    /usr/local/lib/ruby/gems/1.8/gems/mongrel-1.1.4/lib/mongrel.rb:285:in `run'
    /usr/local/lib/ruby/gems/1.8/gems/mongrel-1.1.4/lib/mongrel.rb:285:in `initialize'
    /usr/local/lib/ruby/gems/1.8/gems/mongrel-1.1.4/lib/mongrel.rb:285:in `new'
    /usr/local/lib/ruby/gems/1.8/gems/mongrel-1.1.4/lib/mongrel.rb:285:in `run'
    /usr/local/lib/ruby/gems/1.8/gems/mongrel-1.1.4/lib/mongrel.rb:268:in `initialize'
    /usr/local/lib/ruby/gems/1.8/gems/mongrel-1.1.4/lib/mongrel.rb:268:in `new'
    /usr/local/lib/ruby/gems/1.8/gems/mongrel-1.1.4/lib/mongrel.rb:268:in `run'
    /usr/local/lib/ruby/gems/1.8/gems/mongrel-1.1.4/lib/mongrel/configurator.rb:282:in `run'
    /usr/local/lib/ruby/gems/1.8/gems/mongrel-1.1.4/lib/mongrel/configurator.rb:281:in `each'
    /usr/local/lib/ruby/gems/1.8/gems/mongrel-1.1.4/lib/mongrel/configurator.rb:281:in `run'
    /usr/local/lib/ruby/gems/1.8/gems/mongrel-1.1.4/bin/mongrel_rails:128:in `run'
    /usr/local/lib/ruby/gems/1.8/gems/mongrel-1.1.4/lib/mongrel/command.rb:212:in `run'
    /usr/local/lib/ruby/gems/1.8/gems/mongrel-1.1.4/bin/mongrel_rails:281
    /usr/local/lib/ruby/gems/1.8/gems/activesupport-2.1.0/lib/active_support/dependencies.rb:502:in `load'
    /usr/local/lib/ruby/gems/1.8/gems/activesupport-2.1.0/lib/active_support/dependencies.rb:502:in `load'
    /usr/local/lib/ruby/gems/1.8/gems/activesupport-2.1.0/lib/active_support/dependencies.rb:354:in `new_constants_in'
    /usr/local/lib/ruby/gems/1.8/gems/activesupport-2.1.0/lib/active_support/dependencies.rb:502:in `load'
    /usr/local/lib/ruby/gems/1.8/gems/rails-2.1.0/lib/commands/servers/mongrel.rb:64
    /usr/local/lib/ruby/site_ruby/1.8/rubygems/custom_require.rb:27:in `gem_original_require'
    /usr/local/lib/ruby/site_ruby/1.8/rubygems/custom_require.rb:27:in `require'
    /usr/local/lib/ruby/gems/1.8/gems/activesupport-2.1.0/lib/active_support/dependencies.rb:509:in `require'
    /usr/local/lib/ruby/gems/1.8/gems/activesupport-2.1.0/lib/active_support/dependencies.rb:354:in `new_constants_in'
    /usr/local/lib/ruby/gems/1.8/gems/activesupport-2.1.0/lib/active_support/dependencies.rb:509:in `require'
    /usr/local/lib/ruby/gems/1.8/gems/rails-2.1.0/lib/commands/server.rb:39
    /usr/local/lib/ruby/site_ruby/1.8/rubygems/custom_require.rb:27:in `gem_original_require'
    /usr/local/lib/ruby/site_ruby/1.8/rubygems/custom_require.rb:27:in `require'
    ./script/server:3

Rendering /usr/local/lib/ruby/gems/1.8/gems/actionpack-2.1.0/lib/action_controller/templates/rescues/layout.erb (internal_server_error)


Processing TasksController#index (for 127.0.0.1 at 2008-06-08 18:59:42) [GET]
  Session ID: BAh7BiIKZmxhc2hJQzonQWN0aW9uQ29udHJvbGxlcjo6Rmxhc2g6OkZsYXNo
SGFzaHsGOgtub3RpY2UiJkNvbnRhY3Qgd2FzIHN1Y2Nlc3NmdWxseSBjcmVh
dGVkLgY6CkB1c2VkewY7BlQ=--836823795d1abda486527d39751f1763db190e3f
  Parameters: {"format"=>"fxml", "action"=>"index", "controller"=>"tasks"}


CGI::Session::CookieStore::TamperedWithCookie (CGI::Session::CookieStore::TamperedWithCookie):
    /usr/local/lib/ruby/gems/1.8/gems/actionpack-2.1.0/lib/action_controller/session/cookie_store.rb:144:in `unmarshal'
    /usr/local/lib/ruby/gems/1.8/gems/actionpack-2.1.0/lib/action_controller/session/cookie_store.rb:101:in `restore'
    /usr/local/lib/ruby/1.8/cgi/session.rb:304:in `[]'
    /usr/local/lib/ruby/gems/1.8/gems/actionpack-2.1.0/lib/action_controller/cgi_process.rb:136:in `session'
    /usr/local/lib/ruby/gems/1.8/gems/actionpack-2.1.0/lib/action_controller/cgi_process.rb:168:in `stale_session_check!'
    /usr/local/lib/ruby/gems/1.8/gems/actionpack-2.1.0/lib/action_controller/cgi_process.rb:116:in `session'
    /usr/local/lib/ruby/gems/1.8/gems/actionpack-2.1.0/lib/action_controller/base.rb:1135:in `assign_shortcuts_without_flash'
    /usr/local/lib/ruby/gems/1.8/gems/actionpack-2.1.0/lib/action_controller/flash.rb:166:in `assign_shortcuts'
    /usr/local/lib/ruby/gems/1.8/gems/actionpack-2.1.0/lib/action_controller/base.rb:523:in `process_without_filters'
    /usr/local/lib/ruby/gems/1.8/gems/actionpack-2.1.0/lib/action_controller/filters.rb:569:in `process_without_session_management_support'
    /usr/local/lib/ruby/gems/1.8/gems/actionpack-2.1.0/lib/action_controller/session_management.rb:130:in `process'
    /usr/local/lib/ruby/gems/1.8/gems/actionpack-2.1.0/lib/action_controller/base.rb:389:in `process'
    /usr/local/lib/ruby/gems/1.8/gems/actionpack-2.1.0/lib/action_controller/dispatcher.rb:149:in `handle_request'
    /usr/local/lib/ruby/gems/1.8/gems/actionpack-2.1.0/lib/action_controller/dispatcher.rb:107:in `dispatch'
    /usr/local/lib/ruby/gems/1.8/gems/actionpack-2.1.0/lib/action_controller/dispatcher.rb:104:in `synchronize'
    /usr/local/lib/ruby/gems/1.8/gems/actionpack-2.1.0/lib/action_controller/dispatcher.rb:104:in `dispatch'
    /usr/local/lib/ruby/gems/1.8/gems/actionpack-2.1.0/lib/action_controller/dispatcher.rb:120:in `dispatch_cgi'
    /usr/local/lib/ruby/gems/1.8/gems/actionpack-2.1.0/lib/action_controller/dispatcher.rb:35:in `dispatch'
    /usr/local/lib/ruby/gems/1.8/gems/mongrel-1.1.4/bin/../lib/mongrel/rails.rb:76:in `process'
    /usr/local/lib/ruby/gems/1.8/gems/mongrel-1.1.4/bin/../lib/mongrel/rails.rb:74:in `synchronize'
    /usr/local/lib/ruby/gems/1.8/gems/mongrel-1.1.4/bin/../lib/mongrel/rails.rb:74:in `process'
    /usr/local/lib/ruby/gems/1.8/gems/mongrel-1.1.4/lib/mongrel.rb:159:in `process_client'
    /usr/local/lib/ruby/gems/1.8/gems/mongrel-1.1.4/lib/mongrel.rb:158:in `each'
    /usr/local/lib/ruby/gems/1.8/gems/mongrel-1.1.4/lib/mongrel.rb:158:in `process_client'
    /usr/local/lib/ruby/gems/1.8/gems/mongrel-1.1.4/lib/mongrel.rb:285:in `run'
    /usr/local/lib/ruby/gems/1.8/gems/mongrel-1.1.4/lib/mongrel.rb:285:in `initialize'
    /usr/local/lib/ruby/gems/1.8/gems/mongrel-1.1.4/lib/mongrel.rb:285:in `new'
    /usr/local/lib/ruby/gems/1.8/gems/mongrel-1.1.4/lib/mongrel.rb:285:in `run'
    /usr/local/lib/ruby/gems/1.8/gems/mongrel-1.1.4/lib/mongrel.rb:268:in `initialize'
    /usr/local/lib/ruby/gems/1.8/gems/mongrel-1.1.4/lib/mongrel.rb:268:in `new'
    /usr/local/lib/ruby/gems/1.8/gems/mongrel-1.1.4/lib/mongrel.rb:268:in `run'
    /usr/local/lib/ruby/gems/1.8/gems/mongrel-1.1.4/lib/mongrel/configurator.rb:282:in `run'
    /usr/local/lib/ruby/gems/1.8/gems/mongrel-1.1.4/lib/mongrel/configurator.rb:281:in `each'
    /usr/local/lib/ruby/gems/1.8/gems/mongrel-1.1.4/lib/mongrel/configurator.rb:281:in `run'
    /usr/local/lib/ruby/gems/1.8/gems/mongrel-1.1.4/bin/mongrel_rails:128:in `run'
    /usr/local/lib/ruby/gems/1.8/gems/mongrel-1.1.4/lib/mongrel/command.rb:212:in `run'
    /usr/local/lib/ruby/gems/1.8/gems/mongrel-1.1.4/bin/mongrel_rails:281
    /usr/local/lib/ruby/gems/1.8/gems/activesupport-2.1.0/lib/active_support/dependencies.rb:502:in `load'
    /usr/local/lib/ruby/gems/1.8/gems/activesupport-2.1.0/lib/active_support/dependencies.rb:502:in `load'
    /usr/local/lib/ruby/gems/1.8/gems/activesupport-2.1.0/lib/active_support/dependencies.rb:354:in `new_constants_in'
    /usr/local/lib/ruby/gems/1.8/gems/activesupport-2.1.0/lib/active_support/dependencies.rb:502:in `load'
    /usr/local/lib/ruby/gems/1.8/gems/rails-2.1.0/lib/commands/servers/mongrel.rb:64
    /usr/local/lib/ruby/site_ruby/1.8/rubygems/custom_require.rb:27:in `gem_original_require'
    /usr/local/lib/ruby/site_ruby/1.8/rubygems/custom_require.rb:27:in `require'
    /usr/local/lib/ruby/gems/1.8/gems/activesupport-2.1.0/lib/active_support/dependencies.rb:509:in `require'
    /usr/local/lib/ruby/gems/1.8/gems/activesupport-2.1.0/lib/active_support/dependencies.rb:354:in `new_constants_in'
    /usr/local/lib/ruby/gems/1.8/gems/activesupport-2.1.0/lib/active_support/dependencies.rb:509:in `require'
    /usr/local/lib/ruby/gems/1.8/gems/rails-2.1.0/lib/commands/server.rb:39
    /usr/local/lib/ruby/site_ruby/1.8/rubygems/custom_require.rb:27:in `gem_original_require'
    /usr/local/lib/ruby/site_ruby/1.8/rubygems/custom_require.rb:27:in `require'
    ./script/server:3

Rendering /usr/local/lib/ruby/gems/1.8/gems/actionpack-2.1.0/lib/action_controller/templates/rescues/layout.erb (internal_server_error)
WARNING: You're using the Ruby-based MySQL library that ships with Rails. This library is not suited for production. Please install the C-based MySQL library instead (gem install mysql).
  [4;36;1mSQL (0.000210)[0m   [0;1mSET NAMES 'utf8'[0m
  [4;35;1mSQL (0.000189)[0m   [0mSET SQL_AUTO_IS_NULL=0[0m
  [4;36;1mSQL (0.062014)[0m   [0;1mDROP DATABASE IF EXISTS `contacts_development`[0m
  [4;35;1mSQL (0.000193)[0m   [0mSET NAMES 'utf8'[0m
  [4;36;1mSQL (0.000176)[0m   [0;1mSET SQL_AUTO_IS_NULL=0[0m
  [4;35;1mSQL (0.000413)[0m   [0mCREATE DATABASE `contacts_development` DEFAULT CHARACTER SET `utf8` COLLATE `utf8_general_ci`[0m
  [4;36;1mSQL (0.000192)[0m   [0;1mSET NAMES 'utf8'[0m
  [4;35;1mSQL (0.000174)[0m   [0mSET SQL_AUTO_IS_NULL=0[0m
  [4;36;1mSQL (0.000538)[0m   [0;1mSHOW TABLES[0m
  [4;35;1mSQL (0.001838)[0m   [0mCREATE TABLE `schema_migrations` (`version` varchar(255) NOT NULL) ENGINE=InnoDB[0m
  [4;36;1mSQL (0.007449)[0m   [0;1mCREATE UNIQUE INDEX `unique_schema_migrations` ON `schema_migrations` (`version`)[0m
  [4;35;1mSQL (0.001458)[0m   [0mSHOW TABLES[0m
  [4;36;1mSQL (0.000675)[0m   [0;1mSELECT version FROM schema_migrations[0m
  [4;35;1mSQL (0.000391)[0m   [0mSELECT version FROM schema_migrations[0m
  [4;36;1mSQL (0.000377)[0m   [0;1mSELECT version FROM schema_migrations[0m
  [4;35;1mSQL (0.000446)[0m   [0mSELECT version FROM schema_migrations[0m
  [4;36;1mSQL (0.000381)[0m   [0;1mSELECT version FROM schema_migrations[0m
  [4;35;1mSQL (0.000383)[0m   [0mSELECT version FROM schema_migrations[0m
  [4;36;1mSQL (0.000407)[0m   [0;1mSELECT version FROM schema_migrations[0m
Migrating to CreateMessages (20080609015732)
  [4;35;1mSQL (0.000384)[0m   [0mSELECT version FROM schema_migrations[0m
  [4;36;1mSQL (0.002691)[0m   [0;1mCREATE TABLE `messages` (`id` int(11) DEFAULT NULL auto_increment PRIMARY KEY, `content` text DEFAULT NULL NULL, `user_id` int(11) DEFAULT NULL NULL, `contact_id` int(11) DEFAULT NULL NULL, `channel_id` int(11) DEFAULT NULL NULL, `created_at` datetime DEFAULT NULL NULL, `updated_at` datetime DEFAULT NULL NULL) ENGINE=InnoDB[0m
  [4;35;1mSQL (0.001212)[0m   [0mINSERT INTO schema_migrations (version) VALUES ('20080609015732')[0m
Migrating to CreateCompanies (20080609015733)
  [4;36;1mSQL (0.000916)[0m   [0;1mSELECT version FROM schema_migrations[0m
  [4;35;1mSQL (0.002421)[0m   [0mCREATE TABLE `companies` (`id` int(11) DEFAULT NULL auto_increment PRIMARY KEY, `name` varchar(255) DEFAULT NULL NULL, `notes` text DEFAULT NULL NULL, `created_at` datetime DEFAULT NULL NULL, `updated_at` datetime DEFAULT NULL NULL) ENGINE=InnoDB[0m
  [4;36;1mSQL (0.001061)[0m   [0;1mINSERT INTO schema_migrations (version) VALUES ('20080609015733')[0m
Migrating to CreateUsers (20080609015735)
  [4;35;1mSQL (0.001139)[0m   [0mSELECT version FROM schema_migrations[0m
  [4;36;1mSQL (0.002868)[0m   [0;1mCREATE TABLE `users` (`id` int(11) DEFAULT NULL auto_increment PRIMARY KEY, `login` varchar(255) DEFAULT NULL NULL, `password` varchar(255) DEFAULT NULL NULL, `created_at` datetime DEFAULT NULL NULL, `updated_at` datetime DEFAULT NULL NULL) ENGINE=InnoDB[0m
  [4;35;1mSQL (0.001202)[0m   [0mINSERT INTO schema_migrations (version) VALUES ('20080609015735')[0m
Migrating to CreateContacts (20080609015736)
  [4;36;1mSQL (0.001125)[0m   [0;1mSELECT version FROM schema_migrations[0m
  [4;35;1mSQL (0.004781)[0m   [0mCREATE TABLE `contacts` (`id` int(11) DEFAULT NULL auto_increment PRIMARY KEY, `first_name` varchar(255) DEFAULT NULL NULL, `last_name` varchar(255) DEFAULT NULL NULL, `email` varchar(255) DEFAULT NULL NULL, `home_phone` varchar(255) DEFAULT NULL NULL, `mobile_phone` varchar(255) DEFAULT NULL NULL, `work_phone` varchar(255) DEFAULT NULL NULL, `skype` varchar(255) DEFAULT NULL NULL, `facebook` varchar(255) DEFAULT NULL NULL, `twitter` varchar(255) DEFAULT NULL NULL, `blog` varchar(255) DEFAULT NULL NULL, `notes` text DEFAULT NULL NULL, `user_id` int(11) DEFAULT NULL NULL, `company_id` int(11) DEFAULT NULL NULL, `created_at` datetime DEFAULT NULL NULL, `updated_at` datetime DEFAULT NULL NULL) ENGINE=InnoDB[0m
  [4;36;1mSQL (0.001115)[0m   [0;1mINSERT INTO schema_migrations (version) VALUES ('20080609015736')[0m
Migrating to CreateTasks (20080609015737)
  [4;35;1mSQL (0.001392)[0m   [0mSELECT version FROM schema_migrations[0m
  [4;36;1mSQL (0.002790)[0m   [0;1mCREATE TABLE `tasks` (`id` int(11) DEFAULT NULL auto_increment PRIMARY KEY, `name` varchar(255) DEFAULT NULL NULL, `notes` text DEFAULT NULL NULL, `due` date DEFAULT NULL NULL, `completed` tinyint(1) DEFAULT NULL NULL, `user_id` int(11) DEFAULT NULL NULL, `contact_id` int(11) DEFAULT NULL NULL, `created_at` datetime DEFAULT NULL NULL, `updated_at` datetime DEFAULT NULL NULL) ENGINE=InnoDB[0m
  [4;35;1mSQL (0.001488)[0m   [0mINSERT INTO schema_migrations (version) VALUES ('20080609015737')[0m
Migrating to CreateChannels (20080609015738)
  [4;36;1mSQL (0.001967)[0m   [0;1mSELECT version FROM schema_migrations[0m
  [4;35;1mSQL (0.003231)[0m   [0mCREATE TABLE `channels` (`id` int(11) DEFAULT NULL auto_increment PRIMARY KEY, `name` varchar(255) DEFAULT NULL NULL, `character_limit` int(11) DEFAULT NULL NULL, `created_at` datetime DEFAULT NULL NULL, `updated_at` datetime DEFAULT NULL NULL) ENGINE=InnoDB[0m
  [4;36;1mSQL (0.001040)[0m   [0;1mINSERT INTO schema_migrations (version) VALUES ('20080609015738')[0m
Migrating to CreateAddresses (20080609015739)
  [4;35;1mSQL (0.001580)[0m   [0mSELECT version FROM schema_migrations[0m
  [4;36;1mSQL (0.002840)[0m   [0;1mCREATE TABLE `addresses` (`id` int(11) DEFAULT NULL auto_increment PRIMARY KEY, `line_one` varchar(255) DEFAULT NULL NULL, `line_two` varchar(255) DEFAULT NULL NULL, `city` varchar(255) DEFAULT NULL NULL, `state` varchar(255) DEFAULT NULL NULL, `zip` varchar(255) DEFAULT NULL NULL, `country` varchar(255) DEFAULT NULL NULL, `contact_id` int(11) DEFAULT NULL NULL, `company_id` int(11) DEFAULT NULL NULL, `created_at` datetime DEFAULT NULL NULL, `updated_at` datetime DEFAULT NULL NULL) ENGINE=InnoDB[0m
  [4;35;1mSQL (0.001742)[0m   [0mINSERT INTO schema_migrations (version) VALUES ('20080609015739')[0m
  [4;36;1mSQL (0.000806)[0m   [0;1mSELECT version FROM schema_migrations[0m
  [4;35;1mSQL (0.000929)[0m   [0mSHOW TABLES[0m
  [4;36;1mSQL (0.006025)[0m   [0;1mSHOW FIELDS FROM `addresses`[0m
  [4;35;1mSQL (0.004230)[0m   [0mdescribe `addresses`[0m
  [4;36;1mSQL (0.001906)[0m   [0;1mSHOW KEYS FROM `addresses`[0m
  [4;35;1mSQL (0.002533)[0m   [0mSHOW FIELDS FROM `channels`[0m
  [4;36;1mSQL (0.002219)[0m   [0;1mdescribe `channels`[0m
  [4;35;1mSQL (0.001865)[0m   [0mSHOW KEYS FROM `channels`[0m
  [4;36;1mSQL (0.005007)[0m   [0;1mSHOW FIELDS FROM `companies`[0m
  [4;35;1mSQL (0.004158)[0m   [0mdescribe `companies`[0m
  [4;36;1mSQL (0.003406)[0m   [0;1mSHOW KEYS FROM `companies`[0m
  [4;35;1mSQL (0.007200)[0m   [0mSHOW FIELDS FROM `contacts`[0m
  [4;36;1mSQL (0.006482)[0m   [0;1mdescribe `contacts`[0m
  [4;35;1mSQL (0.001951)[0m   [0mSHOW KEYS FROM `contacts`[0m
  [4;36;1mSQL (0.004637)[0m   [0;1mSHOW FIELDS FROM `messages`[0m
  [4;35;1mSQL (0.005245)[0m   [0mdescribe `messages`[0m
  [4;36;1mSQL (0.003349)[0m   [0;1mSHOW KEYS FROM `messages`[0m
  [4;35;1mSQL (0.005085)[0m   [0mSHOW FIELDS FROM `tasks`[0m
  [4;36;1mSQL (0.005259)[0m   [0;1mdescribe `tasks`[0m
  [4;35;1mSQL (0.003339)[0m   [0mSHOW KEYS FROM `tasks`[0m
  [4;36;1mSQL (0.004152)[0m   [0;1mSHOW FIELDS FROM `users`[0m
  [4;35;1mSQL (0.004194)[0m   [0mdescribe `users`[0m
  [4;36;1mSQL (0.003344)[0m   [0;1mSHOW KEYS FROM `users`[0m
  [4;35;1mSQL (0.000241)[0m   [0mSET NAMES 'utf8'[0m
  [4;36;1mSQL (0.000183)[0m   [0;1mSET SQL_AUTO_IS_NULL=0[0m


Processing CompaniesController#index (for 127.0.0.1 at 2008-06-08 19:00:32) [GET]
  Session ID: BAh7BiIKZmxhc2hJQzonQWN0aW9uQ29udHJvbGxlcjo6Rmxhc2g6OkZsYXNo
SGFzaHsABjoKQHVzZWR7AA==--56e08fae8f6d15a12f4a0ef5a2e98e773e8f39f1
  Parameters: {"format"=>"fxml", "action"=>"index", "controller"=>"companies"}
WARNING: You're using the Ruby-based MySQL library that ships with Rails. This library is not suited for production. Please install the C-based MySQL library instead (gem install mysql).
  [4;36;1mSQL (0.000268)[0m   [0;1mSET NAMES 'utf8'[0m
  [4;35;1mSQL (0.000189)[0m   [0mSET SQL_AUTO_IS_NULL=0[0m
  [4;36;1mCompany Load (0.001373)[0m   [0;1mSELECT * FROM `companies` [0m
  [4;35;1mCompany Columns (0.002488)[0m   [0mSHOW FIELDS FROM `companies`[0m
Completed in 0.18549 (5 reqs/sec) | Rendering: 0.16002 (86%) | DB: 0.00432 (2%) | 200 OK [http://localhost/companies.fxml]


Processing UsersController#index (for 127.0.0.1 at 2008-06-08 19:00:32) [GET]
  Session ID: BAh7BiIKZmxhc2hJQzonQWN0aW9uQ29udHJvbGxlcjo6Rmxhc2g6OkZsYXNo
SGFzaHsABjoKQHVzZWR7AA==--56e08fae8f6d15a12f4a0ef5a2e98e773e8f39f1
  Parameters: {"format"=>"fxml", "action"=>"index", "controller"=>"users"}
  [4;36;1mUser Load (0.001419)[0m   [0;1mSELECT * FROM `users` [0m
  [4;35;1mUser Columns (0.004502)[0m   [0mSHOW FIELDS FROM `users`[0m
Completed in 0.05224 (19 reqs/sec) | Rendering: 0.02123 (40%) | DB: 0.00592 (11%) | 200 OK [http://localhost/users.fxml]


Processing ContactsController#index (for 127.0.0.1 at 2008-06-08 19:00:33) [GET]
  Session ID: BAh7BiIKZmxhc2hJQzonQWN0aW9uQ29udHJvbGxlcjo6Rmxhc2g6OkZsYXNo
SGFzaHsABjoKQHVzZWR7AA==--56e08fae8f6d15a12f4a0ef5a2e98e773e8f39f1
  Parameters: {"format"=>"fxml", "action"=>"index", "controller"=>"contacts"}
  [4;36;1mContact Load (0.003339)[0m   [0;1mSELECT * FROM `contacts` [0m
  [4;35;1mContact Columns (0.003872)[0m   [0mSHOW FIELDS FROM `contacts`[0m
Completed in 0.09641 (10 reqs/sec) | Rendering: 0.04473 (46%) | DB: 0.00721 (7%) | 200 OK [http://localhost/contacts.fxml]


Processing AddressesController#index (for 127.0.0.1 at 2008-06-08 19:00:33) [GET]
  Session ID: BAh7BiIKZmxhc2hJQzonQWN0aW9uQ29udHJvbGxlcjo6Rmxhc2g6OkZsYXNo
SGFzaHsABjoKQHVzZWR7AA==--56e08fae8f6d15a12f4a0ef5a2e98e773e8f39f1
  Parameters: {"format"=>"fxml", "action"=>"index", "controller"=>"addresses"}
  [4;36;1mAddress Load (0.002333)[0m   [0;1mSELECT * FROM `addresses` [0m
  [4;35;1mAddress Columns (0.003646)[0m   [0mSHOW FIELDS FROM `addresses`[0m
Completed in 0.06948 (14 reqs/sec) | Rendering: 0.03780 (54%) | DB: 0.00598 (8%) | 200 OK [http://localhost/addresses.fxml]


Processing ChannelsController#index (for 127.0.0.1 at 2008-06-08 19:00:33) [GET]
  Session ID: BAh7BiIKZmxhc2hJQzonQWN0aW9uQ29udHJvbGxlcjo6Rmxhc2g6OkZsYXNo
SGFzaHsABjoKQHVzZWR7AA==--56e08fae8f6d15a12f4a0ef5a2e98e773e8f39f1
  Parameters: {"format"=>"fxml", "action"=>"index", "controller"=>"channels"}
  [4;36;1mChannel Load (0.001418)[0m   [0;1mSELECT * FROM `channels` [0m
  [4;35;1mChannel Columns (0.004341)[0m   [0mSHOW FIELDS FROM `channels`[0m
Completed in 0.04546 (21 reqs/sec) | Rendering: 0.01798 (39%) | DB: 0.00576 (12%) | 200 OK [http://localhost/channels.fxml]


Processing MessagesController#index (for 127.0.0.1 at 2008-06-08 19:00:33) [GET]
  Session ID: BAh7BiIKZmxhc2hJQzonQWN0aW9uQ29udHJvbGxlcjo6Rmxhc2g6OkZsYXNo
SGFzaHsABjoKQHVzZWR7AA==--56e08fae8f6d15a12f4a0ef5a2e98e773e8f39f1
  Parameters: {"format"=>"fxml", "action"=>"index", "controller"=>"messages"}
  [4;36;1mMessage Load (0.001698)[0m   [0;1mSELECT * FROM `messages` [0m
  [4;35;1mMessage Columns (0.002954)[0m   [0mSHOW FIELDS FROM `messages`[0m
Completed in 0.05083 (19 reqs/sec) | Rendering: 0.02266 (44%) | DB: 0.00465 (9%) | 200 OK [http://localhost/messages.fxml]


Processing TasksController#index (for 127.0.0.1 at 2008-06-08 19:00:33) [GET]
  Session ID: BAh7BiIKZmxhc2hJQzonQWN0aW9uQ29udHJvbGxlcjo6Rmxhc2g6OkZsYXNo
SGFzaHsABjoKQHVzZWR7AA==--56e08fae8f6d15a12f4a0ef5a2e98e773e8f39f1
  Parameters: {"format"=>"fxml", "action"=>"index", "controller"=>"tasks"}
  [4;36;1mTask Load (0.002199)[0m   [0;1mSELECT * FROM `tasks` [0m
  [4;35;1mTask Columns (0.003113)[0m   [0mSHOW FIELDS FROM `tasks`[0m
Completed in 0.06661 (15 reqs/sec) | Rendering: 0.03562 (53%) | DB: 0.00531 (7%) | 200 OK [http://localhost/tasks.fxml]


Processing CompaniesController#index (for 127.0.0.1 at 2008-06-08 20:07:27) [GET]
  Session ID: BAh7BiIKZmxhc2hJQzonQWN0aW9uQ29udHJvbGxlcjo6Rmxhc2g6OkZsYXNo
SGFzaHsABjoKQHVzZWR7AA==--56e08fae8f6d15a12f4a0ef5a2e98e773e8f39f1
  Parameters: {"format"=>"fxml", "action"=>"index", "controller"=>"companies"}
WARNING: You're using the Ruby-based MySQL library that ships with Rails. This library is not suited for production. Please install the C-based MySQL library instead (gem install mysql).
  [4;36;1mSQL (0.000215)[0m   [0;1mSET NAMES 'utf8'[0m
  [4;35;1mSQL (0.000187)[0m   [0mSET SQL_AUTO_IS_NULL=0[0m
  [4;36;1mCompany Load (0.001954)[0m   [0;1mSELECT * FROM `companies` [0m
  [4;35;1mCompany Columns (0.002722)[0m   [0mSHOW FIELDS FROM `companies`[0m
Completed in 0.19231 (5 reqs/sec) | Rendering: 0.16394 (85%) | DB: 0.00508 (2%) | 200 OK [http://localhost/companies.fxml]


Processing UsersController#index (for 127.0.0.1 at 2008-06-08 20:07:27) [GET]
  Session ID: BAh7BiIKZmxhc2hJQzonQWN0aW9uQ29udHJvbGxlcjo6Rmxhc2g6OkZsYXNo
SGFzaHsABjoKQHVzZWR7AA==--56e08fae8f6d15a12f4a0ef5a2e98e773e8f39f1
  Parameters: {"format"=>"fxml", "action"=>"index", "controller"=>"users"}
  [4;36;1mUser Load (0.001434)[0m   [0;1mSELECT * FROM `users` [0m
  [4;35;1mUser Columns (0.004744)[0m   [0mSHOW FIELDS FROM `users`[0m
Completed in 0.05490 (18 reqs/sec) | Rendering: 0.02198 (40%) | DB: 0.00618 (11%) | 200 OK [http://localhost/users.fxml]


Processing ContactsController#index (for 127.0.0.1 at 2008-06-08 20:07:28) [GET]
  Session ID: BAh7BiIKZmxhc2hJQzonQWN0aW9uQ29udHJvbGxlcjo6Rmxhc2g6OkZsYXNo
SGFzaHsABjoKQHVzZWR7AA==--56e08fae8f6d15a12f4a0ef5a2e98e773e8f39f1
  Parameters: {"format"=>"fxml", "action"=>"index", "controller"=>"contacts"}
  [4;36;1mContact Load (0.003195)[0m   [0;1mSELECT * FROM `contacts` [0m
  [4;35;1mContact Columns (0.003830)[0m   [0mSHOW FIELDS FROM `contacts`[0m
Completed in 0.07579 (13 reqs/sec) | Rendering: 0.04523 (59%) | DB: 0.00703 (9%) | 200 OK [http://localhost/contacts.fxml]


Processing AddressesController#index (for 127.0.0.1 at 2008-06-08 20:07:28) [GET]
  Session ID: BAh7BiIKZmxhc2hJQzonQWN0aW9uQ29udHJvbGxlcjo6Rmxhc2g6OkZsYXNo
SGFzaHsABjoKQHVzZWR7AA==--56e08fae8f6d15a12f4a0ef5a2e98e773e8f39f1
  Parameters: {"format"=>"fxml", "action"=>"index", "controller"=>"addresses"}
  [4;36;1mAddress Load (0.002476)[0m   [0;1mSELECT * FROM `addresses` [0m
  [4;35;1mAddress Columns (0.003374)[0m   [0mSHOW FIELDS FROM `addresses`[0m
Completed in 0.05749 (17 reqs/sec) | Rendering: 0.03127 (54%) | DB: 0.00585 (10%) | 200 OK [http://localhost/addresses.fxml]


Processing ChannelsController#index (for 127.0.0.1 at 2008-06-08 20:07:28) [GET]
  Session ID: BAh7BiIKZmxhc2hJQzonQWN0aW9uQ29udHJvbGxlcjo6Rmxhc2g6OkZsYXNo
SGFzaHsABjoKQHVzZWR7AA==--56e08fae8f6d15a12f4a0ef5a2e98e773e8f39f1
  Parameters: {"format"=>"fxml", "action"=>"index", "controller"=>"channels"}
  [4;36;1mChannel Load (0.001439)[0m   [0;1mSELECT * FROM `channels` [0m
  [4;35;1mChannel Columns (0.002456)[0m   [0mSHOW FIELDS FROM `channels`[0m
Completed in 0.04259 (23 reqs/sec) | Rendering: 0.01755 (41%) | DB: 0.00390 (9%) | 200 OK [http://localhost/channels.fxml]


Processing MessagesController#index (for 127.0.0.1 at 2008-06-08 20:07:28) [GET]
  Session ID: BAh7BiIKZmxhc2hJQzonQWN0aW9uQ29udHJvbGxlcjo6Rmxhc2g6OkZsYXNo
SGFzaHsABjoKQHVzZWR7AA==--56e08fae8f6d15a12f4a0ef5a2e98e773e8f39f1
  Parameters: {"format"=>"fxml", "action"=>"index", "controller"=>"messages"}
  [4;36;1mMessage Load (0.001832)[0m   [0;1mSELECT * FROM `messages` [0m
  [4;35;1mMessage Columns (0.002961)[0m   [0mSHOW FIELDS FROM `messages`[0m
Completed in 0.06490 (15 reqs/sec) | Rendering: 0.03889 (59%) | DB: 0.00479 (7%) | 200 OK [http://localhost/messages.fxml]


Processing TasksController#index (for 127.0.0.1 at 2008-06-08 20:07:28) [GET]
  Session ID: BAh7BiIKZmxhc2hJQzonQWN0aW9uQ29udHJvbGxlcjo6Rmxhc2g6OkZsYXNo
SGFzaHsABjoKQHVzZWR7AA==--56e08fae8f6d15a12f4a0ef5a2e98e773e8f39f1
  Parameters: {"format"=>"fxml", "action"=>"index", "controller"=>"tasks"}
  [4;36;1mTask Load (0.002057)[0m   [0;1mSELECT * FROM `tasks` [0m
  [4;35;1mTask Columns (0.005760)[0m   [0mSHOW FIELDS FROM `tasks`[0m
Completed in 0.06082 (16 reqs/sec) | Rendering: 0.03287 (54%) | DB: 0.00782 (12%) | 200 OK [http://localhost/tasks.fxml]
